<?xml version="1.0" encoding="UTF-8"?>
<testsuites>
  <testsuite errors="0" failures="0" tests="5" skipped="0" name=".frontend.packages.internal.catalyst_voices_blocs.test.session.session_cubit" timestamp="2024-11-12T13:28:20">
    <properties>
      <property name="platform" value="vm"/>
    </properties>
    <testcase classname=".frontend.packages.internal.catalyst_voices_blocs.test.session.session_cubit" name="SessionCubit when no keychain is found session is in Visitor state" time="0.027"/>
    <testcase classname=".frontend.packages.internal.catalyst_voices_blocs.test.session.session_cubit" name="SessionCubit when no keychain is found session is in Visitor state" time="0.11"/>
    <testcase classname=".frontend.packages.internal.catalyst_voices_blocs.test.session.session_cubit" name="SessionCubit when no keychain is found but there is a registration progress session is in Visitor state with correct flag" time="0.117"/>
    <testcase classname=".frontend.packages.internal.catalyst_voices_blocs.test.session.session_cubit" name="SessionCubit when keychain is locked session is in Guest state" time="0.209"/>
    <testcase classname=".frontend.packages.internal.catalyst_voices_blocs.test.session.session_cubit" name="SessionCubit when keychain is unlocked session is in Active state" time="0.259"/>
  </testsuite>
</testsuites>