<?xml version="1.0" encoding="UTF-8"?>
<testsuites>
  <testsuite errors="0" failures="0" tests="2" skipped="0" name=".frontend.apps.voices.test.widgets.menu.voices_menu" timestamp="2024-11-12T13:28:09">
    <properties>
      <property name="platform" value="vm"/>
    </properties>
    <testcase classname=".frontend.apps.voices.test.widgets.menu.voices_menu" name="VoicesMenu displays first level menu correctly" time="0.931"/>
    <testcase classname=".frontend.apps.voices.test.widgets.menu.voices_menu" name="VoicesMenu displays nested menu correctly" time="0.192"/>
  </testsuite>
  <testsuite errors="0" failures="0" tests="5" skipped="0" name=".frontend.apps.voices.test.widgets.menu.voices_wallet_tile" timestamp="2024-11-12T13:28:09">
    <properties>
      <property name="platform" value="vm"/>
    </properties>
    <testcase classname=".frontend.apps.voices.test.widgets.menu.voices_wallet_tile" name="VoicesWalletTile Tests renders correctly with icon and name" time="1.58"/>
    <testcase classname=".frontend.apps.voices.test.widgets.menu.voices_wallet_tile" name="VoicesWalletTile Tests renders placeholder when icon is null" time="0.174"/>
    <testcase classname=".frontend.apps.voices.test.widgets.menu.voices_wallet_tile" name="VoicesWalletTile Tests does not render name when it is null" time="0.091"/>
    <testcase classname=".frontend.apps.voices.test.widgets.menu.voices_wallet_tile" name="VoicesWalletTile Tests triggers onTap callback when tapped" time="0.29"/>
    <testcase classname=".frontend.apps.voices.test.widgets.menu.voices_wallet_tile" name="VoicesWalletTile Tests shows placeholder on image load failure" time="0.065"/>
  </testsuite>
  <testsuite errors="0" failures="0" tests="2" skipped="0" name=".frontend.apps.voices.test.widgets.indicators.voices_status_indicator" timestamp="2024-11-12T13:28:09">
    <properties>
      <property name="platform" value="vm"/>
    </properties>
    <testcase classname=".frontend.apps.voices.test.widgets.indicators.voices_status_indicator" name="VoicesStatusIndicator VoicesStatusIndicator with Success type builds correctly" time="1.004"/>
    <testcase classname=".frontend.apps.voices.test.widgets.indicators.voices_status_indicator" name="VoicesStatusIndicator VoicesStatusIndicator with Error type builds correctly" time="0.29"/>
  </testsuite>
  <testsuite errors="0" failures="0" tests="3" skipped="0" name=".frontend.apps.voices.test.widgets.seed_phrase.seed_phrases_sequencer" timestamp="2024-11-12T13:28:09">
    <properties>
      <property name="platform" value="vm"/>
    </properties>
    <testcase classname=".frontend.apps.voices.test.widgets.seed_phrase.seed_phrases_sequencer" name="SeedPhrasesSequencer clicking word in picker triggers on change callback" time="3.604"/>
    <testcase classname=".frontend.apps.voices.test.widgets.seed_phrase.seed_phrases_sequencer" name="SeedPhrasesSequencer clicking last word in completer removes word from list" time="0.945"/>
    <testcase classname=".frontend.apps.voices.test.widgets.seed_phrase.seed_phrases_sequencer" name="SeedPhrasesSequencer picking duplicated word selects only clicked one " time="0.356"/>
  </testsuite>
  <testsuite errors="0" failures="0" tests="2" skipped="0" name=".frontend.apps.voices.test.widgets.common.navigation_location" timestamp="2024-11-12T13:28:09">
    <properties>
      <property name="platform" value="vm"/>
    </properties>
    <testcase classname=".frontend.apps.voices.test.widgets.common.navigation_location" name="NavigationLocation renders correctly" time="1.756"/>
    <testcase classname=".frontend.apps.voices.test.widgets.common.navigation_location" name="NavigationLocation handles empty parts list" time="0.191"/>
  </testsuite>
  <testsuite errors="0" failures="0" tests="2" skipped="0" name=".frontend.apps.voices.test.widgets.common.tab_bar_stack_view" timestamp="2024-11-12T13:28:09">
    <properties>
      <property name="platform" value="vm"/>
    </properties>
    <testcase classname=".frontend.apps.voices.test.widgets.common.tab_bar_stack_view" name="TabBarStackView DefaultTabController is used when controller not specified explicitly" time="1.493"/>
    <testcase classname=".frontend.apps.voices.test.widgets.common.tab_bar_stack_view" name="TabBarStackView controller is used when specified explicitly" time="0.171"/>
  </testsuite>
  <testsuite errors="0" failures="0" tests="1" skipped="0" name=".frontend.apps.voices.test.widgets.common.link_text" timestamp="2024-11-12T13:28:09">
    <properties>
      <property name="platform" value="vm"/>
    </properties>
    <testcase classname=".frontend.apps.voices.test.widgets.common.link_text" name="LinkText renders correctly and triggers onTap" time="1.466"/>
  </testsuite>
  <testsuite errors="0" failures="0" tests="4" skipped="0" name=".frontend.apps.voices.test.widgets.common.label_decorator" timestamp="2024-11-12T13:28:09">
    <properties>
      <property name="platform" value="vm"/>
    </properties>
    <testcase classname=".frontend.apps.voices.test.widgets.common.label_decorator" name="Label has correct DefaultTextStyle" time="0.693"/>
    <testcase classname=".frontend.apps.voices.test.widgets.common.label_decorator" name="Note has correct DefaultTextStyle" time="0.083"/>
    <testcase classname=".frontend.apps.voices.test.widgets.common.label_decorator" name="Spacing first decorator have 4 spacing between child" time="0.028"/>
    <testcase classname=".frontend.apps.voices.test.widgets.common.label_decorator" name="Spacing second decorator have 8 spacing between previous decorator" time="0.042"/>
  </testsuite>
  <testsuite errors="0" failures="0" tests="3" skipped="0" name=".frontend.apps.voices.test.widgets.common.columns_row" timestamp="2024-11-12T13:28:09">
    <properties>
      <property name="platform" value="vm"/>
    </properties>
    <testcase classname=".frontend.apps.voices.test.widgets.common.columns_row" name="ColumnsRow basic layout" time="0.95"/>
    <testcase classname=".frontend.apps.voices.test.widgets.common.columns_row" name="ColumnsRow renders correctly with default spacing" time="0.087"/>
    <testcase classname=".frontend.apps.voices.test.widgets.common.columns_row" name="ColumnsRow correctly arranges children in specified columns" time="0.037"/>
  </testsuite>
  <testsuite errors="0" failures="0" tests="7" skipped="0" name=".frontend.apps.voices.test.widgets.common.affix_decorator" timestamp="2024-11-12T13:28:09">
    <properties>
      <property name="platform" value="vm"/>
    </properties>
    <testcase classname=".frontend.apps.voices.test.widgets.common.affix_decorator" name="Prefix is visible when not null " time="0.66"/>
    <testcase classname=".frontend.apps.voices.test.widgets.common.affix_decorator" name="Prefix iconTheme is applied to the prefix icon" time="0.102"/>
    <testcase classname=".frontend.apps.voices.test.widgets.common.affix_decorator" name="Prefix gap is present and default correctly" time="0.022"/>
    <testcase classname=".frontend.apps.voices.test.widgets.common.affix_decorator" name="Child is wrapped in flexible widget" time="0.018"/>
    <testcase classname=".frontend.apps.voices.test.widgets.common.affix_decorator" name="Suffix is visible when not null " time="0.045"/>
    <testcase classname=".frontend.apps.voices.test.widgets.common.affix_decorator" name="Suffix iconTheme is applied to the suffix icon" time="0.031"/>
    <testcase classname=".frontend.apps.voices.test.widgets.common.affix_decorator" name="Suffix gap is present and default correctly" time="0.026"/>
  </testsuite>
  <testsuite errors="0" failures="0" tests="6" skipped="0" name=".frontend.apps.voices.test.widgets.common.infrastructure.voices_result_builder" timestamp="2024-11-12T13:28:09">
    <properties>
      <property name="platform" value="vm"/>
    </properties>
    <testcase classname=".frontend.apps.voices.test.widgets.common.infrastructure.voices_result_builder" name="ResultBuilder&lt;dynamic, dynamic> shows loading state when result is null" time="0.97"/>
    <testcase classname=".frontend.apps.voices.test.widgets.common.infrastructure.voices_result_builder" name="ResultBuilder&lt;dynamic, dynamic> shows success state when result is Success" time="0.078"/>
    <testcase classname=".frontend.apps.voices.test.widgets.common.infrastructure.voices_result_builder" name="ResultBuilder&lt;dynamic, dynamic> shows failure state when result is Failure" time="0.074"/>
    <testcase classname=".frontend.apps.voices.test.widgets.common.infrastructure.voices_result_builder" name="ResultBuilder&lt;dynamic, dynamic> shows loading state for the minimum duration" time="0.065"/>
    <testcase classname=".frontend.apps.voices.test.widgets.common.infrastructure.voices_result_builder" name="ResultBuilder&lt;dynamic, dynamic> does not update result before minLoadingDuration" time="0.029"/>
    <testcase classname=".frontend.apps.voices.test.widgets.common.infrastructure.voices_result_builder" name="ResultBuilder&lt;dynamic, dynamic> handles result updates and switches between states" time="0.046"/>
  </testsuite>
  <testsuite errors="0" failures="0" tests="2" skipped="0" name=".frontend.apps.voices.test.widgets.common.infrastructure.voices_future_builder" timestamp="2024-11-12T13:28:09">
    <properties>
      <property name="platform" value="vm"/>
    </properties>
    <testcase classname=".frontend.apps.voices.test.widgets.common.infrastructure.voices_future_builder" name="VoicesFutureBuilder&lt;Object> Displays data when future completes successfully" time="1.046"/>
    <testcase classname=".frontend.apps.voices.test.widgets.common.infrastructure.voices_future_builder" name="VoicesFutureBuilder&lt;Object> Displays error when future completes with an error" time="0.084"/>
  </testsuite>
  <testsuite errors="0" failures="0" tests="1" skipped="0" name=".frontend.apps.voices.test.widgets.rich_text.voices_rich_text" timestamp="2024-11-12T13:28:09">
    <properties>
      <property name="platform" value="vm"/>
    </properties>
    <testcase classname=".frontend.apps.voices.test.widgets.rich_text.voices_rich_text" name="VoicesRichText renders correctly" time="2.683"/>
  </testsuite>
  <testsuite errors="0" failures="0" tests="10" skipped="0" name=".frontend.apps.voices.test.widgets.text_field.voices_text_field" timestamp="2024-11-12T13:28:09">
    <properties>
      <property name="platform" value="vm"/>
    </properties>
    <testcase classname=".frontend.apps.voices.test.widgets.text_field.voices_text_field" name="VoicesTextField Widget Tests renders correctly with default parameters" time="2.609"/>
    <testcase classname=".frontend.apps.voices.test.widgets.text_field.voices_text_field" name="VoicesTextField Widget Tests displays label text when provided" time="0.193"/>
    <testcase classname=".frontend.apps.voices.test.widgets.text_field.voices_text_field" name="VoicesTextField Widget Tests handles text input and updates controller" time="0.368"/>
    <testcase classname=".frontend.apps.voices.test.widgets.text_field.voices_text_field" name="VoicesTextField Widget Tests applies custom decorations correctly" time="0.09"/>
    <testcase classname=".frontend.apps.voices.test.widgets.text_field.voices_text_field" name="VoicesTextField Widget Tests validates input and displays error correctly" time="0.316"/>
    <testcase classname=".frontend.apps.voices.test.widgets.text_field.voices_text_field" name="VoicesTextField Widget Tests displays correct suffix icon based on validation result" time="0.269"/>
    <testcase classname=".frontend.apps.voices.test.widgets.text_field.voices_text_field" name="VoicesTextField Widget Tests renders correctly when disabled" time="0.068"/>
    <testcase classname=".frontend.apps.voices.test.widgets.text_field.voices_text_field" name="VoicesTextField Validator Logic Tests displays error when validation fails" time="0.13"/>
    <testcase classname=".frontend.apps.voices.test.widgets.text_field.voices_text_field" name="VoicesTextField Validator Logic Tests displays success when validation passes" time="0.097"/>
    <testcase classname=".frontend.apps.voices.test.widgets.text_field.voices_text_field" name="VoicesTextField Validator Logic Tests displays warning when validation returns warning" time="0.065"/>
  </testsuite>
  <testsuite errors="0" failures="0" tests="3" skipped="0" name=".frontend.apps.voices.test.widgets.tooltips.voices_rich_tooltip" timestamp="2024-11-12T13:28:09">
    <properties>
      <property name="platform" value="vm"/>
    </properties>
    <testcase classname=".frontend.apps.voices.test.widgets.tooltips.voices_rich_tooltip" name="VoicesRichTooltip renders title and message" time="1.188"/>
    <testcase classname=".frontend.apps.voices.test.widgets.tooltips.voices_rich_tooltip" name="renders actions" time="0.218"/>
    <testcase classname=".frontend.apps.voices.test.widgets.tooltips.voices_rich_tooltip" name="dismisses on tap without actions" time="0.262"/>
  </testsuite>
  <testsuite errors="0" failures="0" tests="3" skipped="0" name=".frontend.apps.voices.test.widgets.tooltips.voices_plain_tooltip" timestamp="2024-11-12T13:28:09">
    <properties>
      <property name="platform" value="vm"/>
    </properties>
    <testcase classname=".frontend.apps.voices.test.widgets.tooltips.voices_plain_tooltip" name="VoicesPlainTooltip displays the correct message" time="3.216"/>
    <testcase classname=".frontend.apps.voices.test.widgets.tooltips.voices_plain_tooltip" name="VoicesPlainTooltip is not displayed without hover" time="0.123"/>
    <testcase classname=".frontend.apps.voices.test.widgets.tooltips.voices_plain_tooltip" name="VoicesPlainTooltip constrains the text width" time="0.164"/>
  </testsuite>
  <testsuite errors="0" failures="0" tests="1" skipped="0" name=".frontend.apps.voices.test.widgets.toggles.voices_checkbox" timestamp="2024-11-12T13:28:09">
    <properties>
      <property name="platform" value="vm"/>
    </properties>
    <testcase classname=".frontend.apps.voices.test.widgets.toggles.voices_checkbox" name="Interactions tapping label triggers change callback" time="1.085"/>
  </testsuite>
  <testsuite errors="0" failures="0" tests="7" skipped="0" name=".frontend.apps.voices.test.widgets.toggles.voices_checkbox_group" timestamp="2024-11-12T13:28:09">
    <properties>
      <property name="platform" value="vm"/>
    </properties>
    <testcase classname=".frontend.apps.voices.test.widgets.toggles.voices_checkbox_group" name="VoicesCheckboxGroupElement throws assert error when label and note is null" time="0.031"/>
    <testcase classname=".frontend.apps.voices.test.widgets.toggles.voices_checkbox_group" name="VoicesCheckboxGroupElement returns normally when label is set" time="0.018"/>
    <testcase classname=".frontend.apps.voices.test.widgets.toggles.voices_checkbox_group" name="VoicesCheckboxGroupElement throws assert error when label and note is null" time="0.009"/>
    <testcase classname=".frontend.apps.voices.test.widgets.toggles.voices_checkbox_group" name="VoicesCheckboxGroup name is displayed as a Text" time="0.637"/>
    <testcase classname=".frontend.apps.voices.test.widgets.toggles.voices_checkbox_group" name="VoicesCheckboxGroup all elements are mapped into widgets" time="0.158"/>
    <testcase classname=".frontend.apps.voices.test.widgets.toggles.voices_checkbox_group" name="VoicesCheckboxGroup every element has gap" time="0.05"/>
    <testcase classname=".frontend.apps.voices.test.widgets.toggles.voices_checkbox_group" name="VoicesCheckboxGroup tapping group name should select all elements" time="0.191"/>
  </testsuite>
  <testsuite errors="0" failures="0" tests="3" skipped="0" name=".frontend.apps.voices.test.widgets.headers.section_header" timestamp="2024-11-12T13:28:09">
    <properties>
      <property name="platform" value="vm"/>
    </properties>
    <testcase classname=".frontend.apps.voices.test.widgets.headers.section_header" name="SectionHeader renders correctly with default values" time="1.855"/>
    <testcase classname=".frontend.apps.voices.test.widgets.headers.section_header" name="SectionHeader leading and trailing are rendered" time="0.607"/>
    <testcase classname=".frontend.apps.voices.test.widgets.headers.section_header" name="SectionHeader DefaultTextStyle is configured correctly" time="0.125"/>
  </testsuite>
  <testsuite errors="0" failures="0" tests="5" skipped="0" name=".frontend.apps.voices.test.widgets.avatars.voices_avatar" timestamp="2024-11-12T13:28:09">
    <properties>
      <property name="platform" value="vm"/>
    </properties>
    <testcase classname=".frontend.apps.voices.test.widgets.avatars.voices_avatar" name="VoicesAvatar VoicesAvatar renders with default properties" time="1.42"/>
    <testcase classname=".frontend.apps.voices.test.widgets.avatars.voices_avatar" name="VoicesAvatar VoicesAvatar applies custom radius and padding" time="0.062"/>
    <testcase classname=".frontend.apps.voices.test.widgets.avatars.voices_avatar" name="VoicesAvatar VoicesAvatar uses custom foreground and background colors" time="0.09"/>
    <testcase classname=".frontend.apps.voices.test.widgets.avatars.voices_avatar" name="VoicesAvatar VoicesAvatar calls onTap when tapped" time="0.218"/>
    <testcase classname=".frontend.apps.voices.test.widgets.avatars.voices_avatar" name="VoicesAvatar VoicesAvatar applies theme colors by default" time="0.068"/>
  </testsuite>
  <testsuite errors="0" failures="0" tests="2" skipped="0" name=".frontend.apps.voices.test.common.formatters.input_formatters" timestamp="2024-11-12T13:28:09">
    <properties>
      <property name="platform" value="vm"/>
    </properties>
    <testcase classname=".frontend.apps.voices.test.common.formatters.input_formatters" name="NoWhitespacesFormatter spaces are not allowed" time="0.086"/>
    <testcase classname=".frontend.apps.voices.test.common.formatters.input_formatters" name="NoWhitespacesFormatter upper case is allowed" time="0.012"/>
  </testsuite>
  <testsuite errors="0" failures="0" tests="5" skipped="0" name=".frontend.apps.voices.test.common.formatters.date_formatter" timestamp="2024-11-12T13:28:09">
    <properties>
      <property name="platform" value="vm"/>
    </properties>
    <testcase classname=".frontend.apps.voices.test.common.formatters.date_formatter" name="DateFormatter should return &quot;Today&quot; for today's date" time="0.046"/>
    <testcase classname=".frontend.apps.voices.test.common.formatters.date_formatter" name="DateFormatter should return &quot;Tomorrow&quot; for tomorrow's date" time="0.01"/>
    <testcase classname=".frontend.apps.voices.test.common.formatters.date_formatter" name="DateFormatter should return &quot;Yesterday&quot; for yesterday's date" time="0.006"/>
    <testcase classname=".frontend.apps.voices.test.common.formatters.date_formatter" name="DateFormatter should return &quot;2 days ago&quot; for a date 2 days ago" time="0.006"/>
    <testcase classname=".frontend.apps.voices.test.common.formatters.date_formatter" name="DateFormatter should return formatted date for older dates" time="0.017"/>
  </testsuite>
  <testsuite errors="0" failures="0" tests="1" skipped="0" name=".frontend.apps.voices.test.app.view.app" timestamp="2024-11-12T13:28:09">
    <properties>
      <property name="platform" value="vm"/>
    </properties>
    <testcase classname=".frontend.apps.voices.test.app.view.app" name="placeholder_test" time="1.156"/>
  </testsuite>
</testsuites>