<?xml version="1.0" encoding="UTF-8"?>
<testsuites>
  <testsuite errors="0" failures="0" tests="5" skipped="0" name=".frontend.packages.internal.catalyst_voices_services.test.src.keychain.vault_keychain" timestamp="2024-11-12T13:28:46">
    <properties>
      <property name="platform" value="vm"/>
    </properties>
    <testcase classname=".frontend.packages.internal.catalyst_voices_services.test.src.keychain.vault_keychain" name="VaultKeychain is considered empty even with metadata in it" time="0.026"/>
    <testcase classname=".frontend.packages.internal.catalyst_voices_services.test.src.keychain.vault_keychain" name="VaultKeychain is not empty when master key is written" time="0.181"/>
    <testcase classname=".frontend.packages.internal.catalyst_voices_services.test.src.keychain.vault_keychain" name="VaultKeychain metadata is updated after writing master key" time="0.102"/>
    <testcase classname=".frontend.packages.internal.catalyst_voices_services.test.src.keychain.vault_keychain" name="VaultKeychain are equal when id is matching" time="0.006"/>
    <testcase classname=".frontend.packages.internal.catalyst_voices_services.test.src.keychain.vault_keychain" name="VaultKeychain metadata dates are in UTC" time="0.004"/>
  </testsuite>
  <testsuite errors="0" failures="0" tests="6" skipped="0" name=".frontend.packages.internal.catalyst_voices_services.test.src.keychain.vault_keychain_provider" timestamp="2024-11-12T13:28:46">
    <properties>
      <property name="platform" value="vm"/>
    </properties>
    <testcase classname=".frontend.packages.internal.catalyst_voices_services.test.src.keychain.vault_keychain_provider" name="VaultKeychainProvider create returns empty keychain" time="0.072"/>
    <testcase classname=".frontend.packages.internal.catalyst_voices_services.test.src.keychain.vault_keychain_provider" name="VaultKeychainProvider calling create twice on keychain will empty previous data" time="0.205"/>
    <testcase classname=".frontend.packages.internal.catalyst_voices_services.test.src.keychain.vault_keychain_provider" name="VaultKeychainProvider exists returns false when storage is empty" time="0.006"/>
    <testcase classname=".frontend.packages.internal.catalyst_voices_services.test.src.keychain.vault_keychain_provider" name="VaultKeychainProvider exists returns true for existing keychain" time="0.009"/>
    <testcase classname=".frontend.packages.internal.catalyst_voices_services.test.src.keychain.vault_keychain_provider" name="VaultKeychainProvider exists returns false when multiple keychains exits but none matches id" time="0.008"/>
    <testcase classname=".frontend.packages.internal.catalyst_voices_services.test.src.keychain.vault_keychain_provider" name="VaultKeychainProvider getAll returns keychains without duplicates" time="0.047"/>
  </testsuite>
  <testsuite errors="0" failures="0" tests="2" skipped="0" name=".frontend.packages.internal.catalyst_voices_services.test.src.keychain.keychain_transformers" timestamp="2024-11-12T13:28:46">
    <properties>
      <property name="platform" value="vm"/>
    </properties>
    <testcase classname=".frontend.packages.internal.catalyst_voices_services.test.src.keychain.keychain_transformers" name="KeychainToUnlockTransformer emits keychain unlock stage changes when keychain is set" time="0.182"/>
    <testcase classname=".frontend.packages.internal.catalyst_voices_services.test.src.keychain.keychain_transformers" name="KeychainToUnlockTransformer emits false when keychain is not emitted" time="0.004"/>
  </testsuite>
  <testsuite errors="0" failures="0" tests="10" skipped="0" name=".frontend.packages.internal.catalyst_voices_services.test.src.storage.storage_string_mixin" timestamp="2024-11-12T13:28:46">
    <properties>
      <property name="platform" value="vm"/>
    </properties>
    <testcase classname=".frontend.packages.internal.catalyst_voices_services.test.src.storage.storage_string_mixin" name="int read returns null when no value found" time="0.018"/>
    <testcase classname=".frontend.packages.internal.catalyst_voices_services.test.src.storage.storage_string_mixin" name="int read returns non-null when value found" time="0.006"/>
    <testcase classname=".frontend.packages.internal.catalyst_voices_services.test.src.storage.storage_string_mixin" name="int internally keeps correct String" time="0.004"/>
    <testcase classname=".frontend.packages.internal.catalyst_voices_services.test.src.storage.storage_string_mixin" name="bool read returns null when no value found" time="0.002"/>
    <testcase classname=".frontend.packages.internal.catalyst_voices_services.test.src.storage.storage_string_mixin" name="bool read stores false as 0" time="0.002"/>
    <testcase classname=".frontend.packages.internal.catalyst_voices_services.test.src.storage.storage_string_mixin" name="bool read stores true as 1" time="0.005"/>
    <testcase classname=".frontend.packages.internal.catalyst_voices_services.test.src.storage.storage_string_mixin" name="bool write and read values matches" time="0.005"/>
    <testcase classname=".frontend.packages.internal.catalyst_voices_services.test.src.storage.storage_string_mixin" name="bytes read returns null when no value found" time="0.003"/>
    <testcase classname=".frontend.packages.internal.catalyst_voices_services.test.src.storage.storage_string_mixin" name="bytes can write and read value correctly" time="0.006"/>
    <testcase classname=".frontend.packages.internal.catalyst_voices_services.test.src.storage.storage_string_mixin" name="delete writes null string" time="0.004"/>
  </testsuite>
  <testsuite errors="0" failures="0" tests="4" skipped="0" name=".frontend.packages.internal.catalyst_voices_services.test.src.storage.secure_storage" timestamp="2024-11-12T13:28:46">
    <properties>
      <property name="platform" value="vm"/>
    </properties>
    <testcase classname=".frontend.packages.internal.catalyst_voices_services.test.src.storage.secure_storage" name="read returns null when no value found for key" time="0.016"/>
    <testcase classname=".frontend.packages.internal.catalyst_voices_services.test.src.storage.secure_storage" name="read returns stored value when has one" time="0.011"/>
    <testcase classname=".frontend.packages.internal.catalyst_voices_services.test.src.storage.secure_storage" name="writing null deletes value" time="0.005"/>
    <testcase classname=".frontend.packages.internal.catalyst_voices_services.test.src.storage.secure_storage" name="clear removes all values for this storage" time="0.012"/>
  </testsuite>
  <testsuite errors="0" failures="0" tests="13" skipped="0" name=".frontend.packages.internal.catalyst_voices_services.test.src.storage.vault.secure_storage_vault" timestamp="2024-11-12T13:28:46">
    <properties>
      <property name="platform" value="vm"/>
    </properties>
    <testcase classname=".frontend.packages.internal.catalyst_voices_services.test.src.storage.vault.secure_storage_vault" name="lock and unlock factor fallbacks to lock state" time="0.009"/>
    <testcase classname=".frontend.packages.internal.catalyst_voices_services.test.src.storage.vault.secure_storage_vault" name="read when not unlocked throws exception" time="0.008"/>
    <testcase classname=".frontend.packages.internal.catalyst_voices_services.test.src.storage.vault.secure_storage_vault" name="write throws exception when is locked" time="0.004"/>
    <testcase classname=".frontend.packages.internal.catalyst_voices_services.test.src.storage.vault.secure_storage_vault" name="unlock update lock and returns null when locked" time="0.141"/>
    <testcase classname=".frontend.packages.internal.catalyst_voices_services.test.src.storage.vault.secure_storage_vault" name="lock makes vault locked" time="0.098"/>
    <testcase classname=".frontend.packages.internal.catalyst_voices_services.test.src.storage.vault.secure_storage_vault" name="clear removes all vault keys" time="0.103"/>
    <testcase classname=".frontend.packages.internal.catalyst_voices_services.test.src.storage.vault.secure_storage_vault" name="Get storage id returns correctly extracted value" time="0.006"/>
    <testcase classname=".frontend.packages.internal.catalyst_voices_services.test.src.storage.vault.secure_storage_vault" name="Get storage id throws exception when too many dots" time="0.004"/>
    <testcase classname=".frontend.packages.internal.catalyst_voices_services.test.src.storage.vault.secure_storage_vault" name="Get storage id throws exception when empty" time="0.005"/>
    <testcase classname=".frontend.packages.internal.catalyst_voices_services.test.src.storage.vault.secure_storage_vault" name="Get storage id throws exception when invalid value" time="0.005"/>
    <testcase classname=".frontend.packages.internal.catalyst_voices_services.test.src.storage.vault.secure_storage_vault" name="Is storage key returns true for valid key" time="0.003"/>
    <testcase classname=".frontend.packages.internal.catalyst_voices_services.test.src.storage.vault.secure_storage_vault" name="Is storage key returns false for invalid key" time="0.004"/>
    <testcase classname=".frontend.packages.internal.catalyst_voices_services.test.src.storage.vault.secure_storage_vault" name="Is storage key uuid keychain id is valid" time="0.003"/>
  </testsuite>
  <testsuite errors="0" failures="0" tests="6" skipped="0" name=".frontend.packages.internal.catalyst_voices_services.test.src.user.user_service" timestamp="2024-11-12T13:28:46">
    <properties>
      <property name="platform" value="vm"/>
    </properties>
    <testcase classname=".frontend.packages.internal.catalyst_voices_services.test.src.user.user_service" name="Keychain when using keychain getter returns that keychain" time="0.041"/>
    <testcase classname=".frontend.packages.internal.catalyst_voices_services.test.src.user.user_service" name="Keychain using different keychain emits update in stream" time="0.034"/>
    <testcase classname=".frontend.packages.internal.catalyst_voices_services.test.src.user.user_service" name="Keychain keychains getter returns all initialized local instances" time="0.009"/>
    <testcase classname=".frontend.packages.internal.catalyst_voices_services.test.src.user.user_service" name="Account use last account restores previously stored keychain" time="0.005"/>
    <testcase classname=".frontend.packages.internal.catalyst_voices_services.test.src.user.user_service" name="Account use last account does nothing on clear instance" time="0.005"/>
    <testcase classname=".frontend.packages.internal.catalyst_voices_services.test.src.user.user_service" name="Account remove current account clears current keychain" time="0.005"/>
  </testsuite>
  <testsuite errors="0" failures="0" tests="5" skipped="0" name=".frontend.packages.internal.catalyst_voices_services.test.src.crypto.vault_crypto_service" timestamp="2024-11-12T13:28:46">
    <properties>
      <property name="platform" value="vm"/>
    </properties>
    <testcase classname=".frontend.packages.internal.catalyst_voices_services.test.src.crypto.vault_crypto_service" name="key derivation derived key matches when verifying with same seed" time="0.162"/>
    <testcase classname=".frontend.packages.internal.catalyst_voices_services.test.src.crypto.vault_crypto_service" name="key derivation derived key does not matches when verifying with different seed" time="0.142"/>
    <testcase classname=".frontend.packages.internal.catalyst_voices_services.test.src.crypto.vault_crypto_service" name="key derivation verifying key against too short seed returns false" time="0.086"/>
    <testcase classname=".frontend.packages.internal.catalyst_voices_services.test.src.crypto.vault_crypto_service" name="crypto encrypted and later decrypted data with same key matches" time="0.053"/>
    <testcase classname=".frontend.packages.internal.catalyst_voices_services.test.src.crypto.vault_crypto_service" name="crypto encrypted and later decrypted data with different key gives throws exception" time="0.09"/>
  </testsuite>
  <testsuite errors="0" failures="0" tests="2" skipped="0" name=".frontend.packages.internal.catalyst_voices_services.test.src.crypto.key_derivation" timestamp="2024-11-12T13:28:46">
    <properties>
      <property name="platform" value="vm"/>
    </properties>
    <testcase classname=".frontend.packages.internal.catalyst_voices_services.test.src.crypto.key_derivation" name="KeyDerivation should generate key pair with different valid paths" time="0.634"/>
    <testcase classname=".frontend.packages.internal.catalyst_voices_services.test.src.crypto.key_derivation" name="KeyDerivation should generate key pair with different valid roles" time="0.441"/>
  </testsuite>
</testsuites>