<?xml version="1.0" encoding="UTF-8"?>
<testsuites>
  <testsuite errors="0" failures="0" tests="2" skipped="0" name=".frontend.packages.libs.catalyst_cardano_serialization.test.utils.cbor" timestamp="2024-11-12T13:26:40">
    <properties>
      <property name="platform" value="vm"/>
    </properties>
    <testcase classname=".frontend.packages.libs.catalyst_cardano_serialization.test.utils.cbor" name="CborSize of int value" time="0.062"/>
    <testcase classname=".frontend.packages.libs.catalyst_cardano_serialization.test.utils.cbor" name="CborSize bytes length" time="0.012"/>
  </testsuite>
  <testsuite errors="0" failures="0" tests="3" skipped="0" name=".frontend.packages.libs.catalyst_cardano_serialization.test.utils.uuid" timestamp="2024-11-12T13:26:40">
    <properties>
      <property name="platform" value="vm"/>
    </properties>
    <testcase classname=".frontend.packages.libs.catalyst_cardano_serialization.test.utils.uuid" name="List&lt;int> Uuid fromBytes" time="0.013"/>
    <testcase classname=".frontend.packages.libs.catalyst_cardano_serialization.test.utils.uuid" name="List&lt;int> UuidV4 fromString" time="0.004"/>
    <testcase classname=".frontend.packages.libs.catalyst_cardano_serialization.test.utils.uuid" name="List&lt;int> Uuid fromCbor" time="0.007"/>
  </testsuite>
  <testsuite errors="0" failures="0" tests="10" skipped="0" name=".frontend.packages.libs.catalyst_cardano_serialization.test.transaction" timestamp="2024-11-12T13:26:40">
    <properties>
      <property name="platform" value="vm"/>
    </properties>
    <testcase classname=".frontend.packages.libs.catalyst_cardano_serialization.test.transaction" name="Transaction full signed transaction serialized to cbor" time="0.077"/>
    <testcase classname=".frontend.packages.libs.catalyst_cardano_serialization.test.transaction" name="Transaction full signed transaction serialized to and from cbor" time="0.01"/>
    <testcase classname=".frontend.packages.libs.catalyst_cardano_serialization.test.transaction" name="Transaction full unsigned transaction serialized to cbor" time="0.004"/>
    <testcase classname=".frontend.packages.libs.catalyst_cardano_serialization.test.transaction" name="Transaction full unsigned transaction serialized to and from cbor" time="0.004"/>
    <testcase classname=".frontend.packages.libs.catalyst_cardano_serialization.test.transaction" name="Transaction minimal signed transaction serialized to cbor" time="0.003"/>
    <testcase classname=".frontend.packages.libs.catalyst_cardano_serialization.test.transaction" name="Transaction minimal signed transaction serialized to and from cbor" time="0.004"/>
    <testcase classname=".frontend.packages.libs.catalyst_cardano_serialization.test.transaction" name="Transaction minimal unsigned transaction serialized to and from cbor" time="0.004"/>
    <testcase classname=".frontend.packages.libs.catalyst_cardano_serialization.test.transaction" name="Transaction minimal unsigned transaction serialized to cbor" time="0.003"/>
    <testcase classname=".frontend.packages.libs.catalyst_cardano_serialization.test.transaction" name="Transaction minimal unsigned transaction serialized to and from cbor" time="0.003"/>
    <testcase classname=".frontend.packages.libs.catalyst_cardano_serialization.test.transaction" name="Transaction on-chain complex transaction serialized from and to cbor" time="0.009"/>
  </testsuite>
  <testsuite errors="0" failures="0" tests="8" skipped="0" name=".frontend.packages.libs.catalyst_cardano_serialization.test.types" timestamp="2024-11-12T13:26:40">
    <properties>
      <property name="platform" value="vm"/>
    </properties>
    <testcase classname=".frontend.packages.libs.catalyst_cardano_serialization.test.types" name="int fromAda constructor" time="0.024"/>
    <testcase classname=".frontend.packages.libs.catalyst_cardano_serialization.test.types" name="int addition" time="0.004"/>
    <testcase classname=".frontend.packages.libs.catalyst_cardano_serialization.test.types" name="int subtraction" time="0.006"/>
    <testcase classname=".frontend.packages.libs.catalyst_cardano_serialization.test.types" name="int multiplication" time="0.005"/>
    <testcase classname=".frontend.packages.libs.catalyst_cardano_serialization.test.types" name="int division" time="0.004"/>
    <testcase classname=".frontend.packages.libs.catalyst_cardano_serialization.test.types" name="int comparison" time="0.004"/>
    <testcase classname=".frontend.packages.libs.catalyst_cardano_serialization.test.types" name="Balance value with native tokens deserialized from cbor" time="0.035"/>
    <testcase classname=".frontend.packages.libs.catalyst_cardano_serialization.test.types" name="Balance value without native tokens deserialized from cbor" time="0.003"/>
  </testsuite>
  <testsuite errors="0" failures="0" tests="6" skipped="0" name=".frontend.packages.libs.catalyst_cardano_serialization.test.signature" timestamp="2024-11-12T13:26:40">
    <properties>
      <property name="platform" value="vm"/>
    </properties>
    <testcase classname=".frontend.packages.libs.catalyst_cardano_serialization.test.signature" name="List&lt;int> seeded has correct length" time="0.013"/>
    <testcase classname=".frontend.packages.libs.catalyst_cardano_serialization.test.signature" name="List&lt;int> derivePublicKey" time="0.047"/>
    <testcase classname=".frontend.packages.libs.catalyst_cardano_serialization.test.signature" name="List&lt;int> KeyPair from seed equals private key" time="0.005"/>
    <testcase classname=".frontend.packages.libs.catalyst_cardano_serialization.test.signature" name="List&lt;int> sign and verify" time="0.027"/>
    <testcase classname=".frontend.packages.libs.catalyst_cardano_serialization.test.signature" name="List&lt;int> seeded has correct length" time="0.003"/>
    <testcase classname=".frontend.packages.libs.catalyst_cardano_serialization.test.signature" name="List&lt;int> seeded has correct length" time="0.003"/>
  </testsuite>
  <testsuite errors="0" failures="0" tests="9" skipped="0" name=".frontend.packages.libs.catalyst_cardano_serialization.test.fees" timestamp="2024-11-12T13:26:40">
    <properties>
      <property name="platform" value="vm"/>
    </properties>
    <testcase classname=".frontend.packages.libs.catalyst_cardano_serialization.test.fees" name="TieredFee minFee with current protocol params" time="0.064"/>
    <testcase classname=".frontend.packages.libs.catalyst_cardano_serialization.test.fees" name="TieredFee minFee with constant fee only" time="0.007"/>
    <testcase classname=".frontend.packages.libs.catalyst_cardano_serialization.test.fees" name="TieredFee minFee with coefficient fee only" time="0.006"/>
    <testcase classname=".frontend.packages.libs.catalyst_cardano_serialization.test.fees" name="TieredFee refScriptFee is a linear function when multiplier is 1" time="0.004"/>
    <testcase classname=".frontend.packages.libs.catalyst_cardano_serialization.test.fees" name="TieredFee tierRefScriptFee with tiered pricing" time="0.003"/>
    <testcase classname=".frontend.packages.libs.catalyst_cardano_serialization.test.fees" name="TieredFee refScriptFee for a large reference script size and multiplier" time="0.004"/>
    <testcase classname=".frontend.packages.libs.catalyst_cardano_serialization.test.fees" name="TieredFee tieredFee and refScriptFee calculations" time="0.003"/>
    <testcase classname=".frontend.packages.libs.catalyst_cardano_serialization.test.fees" name="minFee for a large transaction with multiple reference scripts" time="0.006"/>
    <testcase classname=".frontend.packages.libs.catalyst_cardano_serialization.test.fees" name="minFee for a large transaction with duplicate reference scripts" time="0.008"/>
  </testsuite>
  <testsuite errors="0" failures="0" tests="4" skipped="0" name=".frontend.packages.libs.catalyst_cardano_serialization.test.builders.witness_builder" timestamp="2024-11-12T13:26:40">
    <properties>
      <property name="platform" value="vm"/>
    </properties>
    <testcase classname=".frontend.packages.libs.catalyst_cardano_serialization.test.builders.witness_builder" name="TransactionWitnessSetBuilder add vkey" time="0.036"/>
    <testcase classname=".frontend.packages.libs.catalyst_cardano_serialization.test.builders.witness_builder" name="TransactionWitnessSetBuilder remove vkey" time="0.009"/>
    <testcase classname=".frontend.packages.libs.catalyst_cardano_serialization.test.builders.witness_builder" name="TransactionWitnessSetBuilder build not matching expected vkeys count throws exception" time="0.004"/>
    <testcase classname=".frontend.packages.libs.catalyst_cardano_serialization.test.builders.witness_builder" name="TransactionWitnessSetBuilder build fake will provide seeded witnesses" time="0.003"/>
  </testsuite>
  <testsuite errors="0" failures="0" tests="3" skipped="0" name=".frontend.packages.libs.catalyst_cardano_serialization.test.scripts" timestamp="2024-11-12T13:26:40">
    <properties>
      <property name="platform" value="vm"/>
    </properties>
    <testcase classname=".frontend.packages.libs.catalyst_cardano_serialization.test.scripts" name="NativeScript hashes" time="0.06"/>
    <testcase classname=".frontend.packages.libs.catalyst_cardano_serialization.test.scripts" name="PlutusScript hashes (V2 only)" time="0.043"/>
    <testcase classname=".frontend.packages.libs.catalyst_cardano_serialization.test.scripts" name="PlutusScript hashes (double decoded scripts)" time="0.006"/>
  </testsuite>
  <testsuite errors="0" failures="0" tests="11" skipped="0" name=".frontend.packages.libs.catalyst_cardano_serialization.test.transaction_output" timestamp="2024-11-12T13:26:40">
    <properties>
      <property name="platform" value="vm"/>
    </properties>
    <testcase classname=".frontend.packages.libs.catalyst_cardano_serialization.test.transaction_output" name="TransactionOutput encoding/decoding Tests Shelley-Ma era transaction output" time="0.041"/>
    <testcase classname=".frontend.packages.libs.catalyst_cardano_serialization.test.transaction_output" name="TransactionOutput encoding/decoding Tests Alonzo era transaction output with datum hash" time="0.006"/>
    <testcase classname=".frontend.packages.libs.catalyst_cardano_serialization.test.transaction_output" name="TransactionOutput encoding/decoding Tests Babbage era transaction output with datum option hash" time="0.004"/>
    <testcase classname=".frontend.packages.libs.catalyst_cardano_serialization.test.transaction_output" name="TransactionOutput encoding/decoding Tests Babbage era transaction output with datum option data" time="0.005"/>
    <testcase classname=".frontend.packages.libs.catalyst_cardano_serialization.test.transaction_output" name="TransactionOutput encoding/decoding Tests Babbage era transaction output with datum option data and script ref" time="0.005"/>
    <testcase classname=".frontend.packages.libs.catalyst_cardano_serialization.test.transaction_output" name="TransactionOutput encoding/decoding Tests Babbage era transaction output with datum option hash and script ref" time="0.003"/>
    <testcase classname=".frontend.packages.libs.catalyst_cardano_serialization.test.transaction_output" name="TransactionOutput encoding/decoding Tests Babbage era transaction output only with script ref" time="0.004"/>
    <testcase classname=".frontend.packages.libs.catalyst_cardano_serialization.test.transaction_output" name="TransactionOutput minimal validation Tests Invalid CBOR input throws error" time="0.004"/>
    <testcase classname=".frontend.packages.libs.catalyst_cardano_serialization.test.transaction_output" name="TransactionOutput minimal validation Tests Invalid datum option type throws error" time="0.004"/>
    <testcase classname=".frontend.packages.libs.catalyst_cardano_serialization.test.transaction_output" name="TransactionOutput minimal validation Tests Equality and hashCode" time="0.004"/>
    <testcase classname=".frontend.packages.libs.catalyst_cardano_serialization.test.transaction_output" name="TransactionOutput minimal validation Tests CopyWith functionality" time="0.004"/>
  </testsuite>
  <testsuite errors="0" failures="0" tests="6" skipped="0" name=".frontend.packages.libs.catalyst_cardano_serialization.test.address" timestamp="2024-11-12T13:26:40">
    <properties>
      <property name="platform" value="vm"/>
    </properties>
    <testcase classname=".frontend.packages.libs.catalyst_cardano_serialization.test.address" name="ShelleyAddress round-trip conversion from and to bytes" time="0.029"/>
    <testcase classname=".frontend.packages.libs.catalyst_cardano_serialization.test.address" name="ShelleyAddress round-trip conversion from and to bech32" time="0.008"/>
    <testcase classname=".frontend.packages.libs.catalyst_cardano_serialization.test.address" name="ShelleyAddress hrp from address" time="0.007"/>
    <testcase classname=".frontend.packages.libs.catalyst_cardano_serialization.test.address" name="ShelleyAddress network ID from address" time="0.009"/>
    <testcase classname=".frontend.packages.libs.catalyst_cardano_serialization.test.address" name="ShelleyAddress publicKeyHash from stake address" time="0.007"/>
    <testcase classname=".frontend.packages.libs.catalyst_cardano_serialization.test.address" name="ShelleyAddress toString returns bech32" time="0.007"/>
  </testsuite>
  <testsuite errors="0" failures="0" tests="1" skipped="0" name=".frontend.packages.libs.catalyst_cardano_serialization.test.rbac.auth_token" timestamp="2024-11-12T13:26:40">
    <properties>
      <property name="platform" value="vm"/>
    </properties>
    <testcase classname=".frontend.packages.libs.catalyst_cardano_serialization.test.rbac.auth_token" name="AuthToken Generate AuthToken" time="0.109"/>
  </testsuite>
  <testsuite errors="0" failures="0" tests="1" skipped="0" name=".frontend.packages.libs.catalyst_cardano_serialization.test.rbac.x509_certificate" timestamp="2024-11-12T13:26:40">
    <properties>
      <property name="platform" value="vm"/>
    </properties>
    <testcase classname=".frontend.packages.libs.catalyst_cardano_serialization.test.rbac.x509_certificate" name="X509Certificate generateSelfSigned X509 certificate" time="0.108"/>
  </testsuite>
  <testsuite errors="0" failures="0" tests="1" skipped="0" name=".frontend.packages.libs.catalyst_cardano_serialization.test.rbac.registration_data" timestamp="2024-11-12T13:26:40">
    <properties>
      <property name="platform" value="vm"/>
    </properties>
    <testcase classname=".frontend.packages.libs.catalyst_cardano_serialization.test.rbac.registration_data" name="RegistrationData from and to cbor" time="0.052"/>
  </testsuite>
  <testsuite errors="0" failures="0" tests="17" skipped="0" name=".frontend.packages.libs.catalyst_cardano_serialization.test.hashes" timestamp="2024-11-12T13:26:40">
    <properties>
      <property name="platform" value="vm"/>
    </properties>
    <testcase classname=".frontend.packages.libs.catalyst_cardano_serialization.test.hashes" name="TransactionHash from and to hex" time="0.013"/>
    <testcase classname=".frontend.packages.libs.catalyst_cardano_serialization.test.hashes" name="TransactionHash from and to bytes" time="0.004"/>
    <testcase classname=".frontend.packages.libs.catalyst_cardano_serialization.test.hashes" name="TransactionHash from transaction body" time="0.013"/>
    <testcase classname=".frontend.packages.libs.catalyst_cardano_serialization.test.hashes" name="TransactionHash toCbor returns bytes" time="0.016"/>
    <testcase classname=".frontend.packages.libs.catalyst_cardano_serialization.test.hashes" name="TransactionInputsHash from and to hex" time="0.003"/>
    <testcase classname=".frontend.packages.libs.catalyst_cardano_serialization.test.hashes" name="TransactionInputsHash from and to bytes" time="0.002"/>
    <testcase classname=".frontend.packages.libs.catalyst_cardano_serialization.test.hashes" name="TransactionInputsHash from transaction inputs" time="0.005"/>
    <testcase classname=".frontend.packages.libs.catalyst_cardano_serialization.test.hashes" name="TransactionInputsHash toCbor returns bytes" time="0.003"/>
    <testcase classname=".frontend.packages.libs.catalyst_cardano_serialization.test.hashes" name="AuxiliaryDataHash from and to hex" time="0.003"/>
    <testcase classname=".frontend.packages.libs.catalyst_cardano_serialization.test.hashes" name="AuxiliaryDataHash from and to bytes" time="0.002"/>
    <testcase classname=".frontend.packages.libs.catalyst_cardano_serialization.test.hashes" name="AuxiliaryDataHash from auxiliary data" time="0.002"/>
    <testcase classname=".frontend.packages.libs.catalyst_cardano_serialization.test.hashes" name="AuxiliaryDataHash toCbor returns bytes" time="0.003"/>
    <testcase classname=".frontend.packages.libs.catalyst_cardano_serialization.test.hashes" name="CertificateHash from and to hex" time="0.003"/>
    <testcase classname=".frontend.packages.libs.catalyst_cardano_serialization.test.hashes" name="CertificateHash from and to bytes" time="0.002"/>
    <testcase classname=".frontend.packages.libs.catalyst_cardano_serialization.test.hashes" name="CertificateHash from X509 der certificate" time="0.003"/>
    <testcase classname=".frontend.packages.libs.catalyst_cardano_serialization.test.hashes" name="CertificateHash from C509 certificate" time="0.003"/>
    <testcase classname=".frontend.packages.libs.catalyst_cardano_serialization.test.hashes" name="CertificateHash toCbor returns bytes" time="0.003"/>
  </testsuite>
</testsuites>