<?xml version="1.0" encoding="UTF-8"?>
<testsuites>
  <testsuite errors="0" failures="0" tests="6" skipped="0" name=".frontend.packages.internal.catalyst_voices_shared.test.src.utils.iterable_ext" timestamp="2024-11-12T13:29:01">
    <properties>
      <property name="platform" value="vm"/>
    </properties>
    <testcase classname=".frontend.packages.internal.catalyst_voices_shared.test.src.utils.iterable_ext" name="separatedBy adds given separator between each item in the list" time="0.066"/>
    <testcase classname=".frontend.packages.internal.catalyst_voices_shared.test.src.utils.iterable_ext" name="separatedBy adds nothing when source is empty" time="0.007"/>
    <testcase classname=".frontend.packages.internal.catalyst_voices_shared.test.src.utils.iterable_ext" name="separatedBy adds nothing when source has one item" time="0.007"/>
    <testcase classname=".frontend.packages.internal.catalyst_voices_shared.test.src.utils.iterable_ext" name="separatedByIndexed inserts correctly separator base on index" time="0.005"/>
    <testcase classname=".frontend.packages.internal.catalyst_voices_shared.test.src.utils.iterable_ext" name="separatedByIndexed adds nothing when source is empty" time="0.009"/>
    <testcase classname=".frontend.packages.internal.catalyst_voices_shared.test.src.utils.iterable_ext" name="separatedByIndexed adds nothing when source has one item" time="0.007"/>
  </testsuite>
  <testsuite errors="0" failures="0" tests="3" skipped="0" name=".frontend.packages.internal.catalyst_voices_shared.test.src.utils.date_time_ext" timestamp="2024-11-12T13:29:01">
    <properties>
      <property name="platform" value="vm"/>
    </properties>
    <testcase classname=".frontend.packages.internal.catalyst_voices_shared.test.src.utils.date_time_ext" name="DateTimeExt isSameDateAs" time="0.039"/>
    <testcase classname=".frontend.packages.internal.catalyst_voices_shared.test.src.utils.date_time_ext" name="DateTimeExt plusDays" time="0.008"/>
    <testcase classname=".frontend.packages.internal.catalyst_voices_shared.test.src.utils.date_time_ext" name="DateTimeExt minusDays" time="0.006"/>
  </testsuite>
  <testsuite errors="0" failures="0" tests="4" skipped="0" name=".frontend.packages.internal.catalyst_voices_shared.test.src.responsive_padding" timestamp="2024-11-12T13:29:01">
    <properties>
      <property name="platform" value="vm"/>
    </properties>
    <testcase classname=".frontend.packages.internal.catalyst_voices_shared.test.src.responsive_padding" name="Test screen sizes ResponsivePadding adapts to screen of width MapEntry(280.0: EdgeInsets.all(2.0)).key" time="1.008"/>
    <testcase classname=".frontend.packages.internal.catalyst_voices_shared.test.src.responsive_padding" name="Test screen sizes ResponsivePadding adapts to screen of width MapEntry(620.0: EdgeInsets(0.0, 3.0, 0.0, 3.0)).key" time="0.144"/>
    <testcase classname=".frontend.packages.internal.catalyst_voices_shared.test.src.responsive_padding" name="Test screen sizes ResponsivePadding adapts to screen of width MapEntry(1280.0: EdgeInsets(4.0, 0.0, 4.0, 0.0)).key" time="0.056"/>
    <testcase classname=".frontend.packages.internal.catalyst_voices_shared.test.src.responsive_padding" name="Test screen sizes ResponsivePadding adapts to screen of width MapEntry(1600.0: EdgeInsets(0.0, 5.0, 0.0, 0.0)).key" time="0.033"/>
  </testsuite>
  <testsuite errors="0" failures="0" tests="4" skipped="0" name=".frontend.packages.internal.catalyst_voices_shared.test.src.responsive_child" timestamp="2024-11-12T13:29:01">
    <properties>
      <property name="platform" value="vm"/>
    </properties>
    <testcase classname=".frontend.packages.internal.catalyst_voices_shared.test.src.responsive_child" name="Test screen sizes ResponsiveChild outputs a text for extra-small screens" time="0.959"/>
    <testcase classname=".frontend.packages.internal.catalyst_voices_shared.test.src.responsive_child" name="Test screen sizes ResponsiveChild outputs a text with padding for small screens" time="0.051"/>
    <testcase classname=".frontend.packages.internal.catalyst_voices_shared.test.src.responsive_child" name="Test screen sizes ResponsiveChild outputs four texts for medium screens" time="0.039"/>
    <testcase classname=".frontend.packages.internal.catalyst_voices_shared.test.src.responsive_child" name="Test screen sizes ResponsiveChild fallback to other for large screens" time="0.032"/>
  </testsuite>
  <testsuite errors="0" failures="0" tests="1" skipped="0" name=".frontend.packages.internal.catalyst_voices_shared.test.src.platform_aware_builder" timestamp="2024-11-12T13:29:01">
    <properties>
      <property name="platform" value="vm"/>
    </properties>
    <testcase classname=".frontend.packages.internal.catalyst_voices_shared.test.src.platform_aware_builder" name="Test platform detection PlatformWidgetBuilder fallbacks to other" time="0.723"/>
  </testsuite>
  <testsuite errors="0" failures="0" tests="10" skipped="0" name=".frontend.packages.internal.catalyst_voices_shared.test.src.responsive_builder" timestamp="2024-11-12T13:29:01">
    <properties>
      <property name="platform" value="vm"/>
    </properties>
    <testcase classname=".frontend.packages.internal.catalyst_voices_shared.test.src.responsive_builder" name="Test screen sizes with Text child ResponsiveBuilder adapts to screen of width MapEntry(280.0: Xs device).key" time="0.604"/>
    <testcase classname=".frontend.packages.internal.catalyst_voices_shared.test.src.responsive_builder" name="Test screen sizes with Text child ResponsiveBuilder adapts to screen of width MapEntry(620.0: Small device).key" time="0.04"/>
    <testcase classname=".frontend.packages.internal.catalyst_voices_shared.test.src.responsive_builder" name="Test screen sizes with Text child ResponsiveBuilder adapts to screen of width MapEntry(1280.0: Medium device).key" time="0.025"/>
    <testcase classname=".frontend.packages.internal.catalyst_voices_shared.test.src.responsive_builder" name="Test screen sizes with Text child ResponsiveBuilder adapts to screen of width MapEntry(1600.0: Large device).key" time="0.035"/>
    <testcase classname=".frontend.packages.internal.catalyst_voices_shared.test.src.responsive_builder" name="Test screen sizes with Text child ResponsiveBuilder adapts to screen of width MapEntry(3000.0: Other device).key" time="0.028"/>
    <testcase classname=".frontend.packages.internal.catalyst_voices_shared.test.src.responsive_builder" name="Test screen sizes with specific Padding ResponsiveBuilder adapts to screen of width MapEntry(280.0: EdgeInsets.all(2.0)).key" time="0.045"/>
    <testcase classname=".frontend.packages.internal.catalyst_voices_shared.test.src.responsive_builder" name="Test screen sizes with specific Padding ResponsiveBuilder adapts to screen of width MapEntry(620.0: EdgeInsets.all(4.0)).key" time="0.02"/>
    <testcase classname=".frontend.packages.internal.catalyst_voices_shared.test.src.responsive_builder" name="Test screen sizes with specific Padding ResponsiveBuilder adapts to screen of width MapEntry(1280.0: EdgeInsets.all(8.0)).key" time="0.022"/>
    <testcase classname=".frontend.packages.internal.catalyst_voices_shared.test.src.responsive_builder" name="Test screen sizes with specific Padding ResponsiveBuilder adapts to screen of width MapEntry(1600.0: EdgeInsets.all(16.0)).key" time="0.019"/>
    <testcase classname=".frontend.packages.internal.catalyst_voices_shared.test.src.responsive_builder" name="Test screen sizes with specific Padding ResponsiveBuilder adapts to screen of width MapEntry(3000.0: EdgeInsets.all(32.0)).key" time="0.025"/>
  </testsuite>
  <testsuite errors="0" failures="0" tests="1" skipped="0" name=".frontend.packages.internal.catalyst_voices_shared.test.src.formatter.wallet_address_formatter" timestamp="2024-11-12T13:29:01">
    <properties>
      <property name="platform" value="vm"/>
    </properties>
    <testcase classname=".frontend.packages.internal.catalyst_voices_shared.test.src.formatter.wallet_address_formatter" name="WalletAddressFormatter should format ShelleyAddress into short representation" time="0.095"/>
  </testsuite>
  <testsuite errors="0" failures="0" tests="12" skipped="0" name=".frontend.packages.internal.catalyst_voices_shared.test.src.formatter.cryptocurrency_formatter" timestamp="2024-11-12T13:29:01">
    <properties>
      <property name="platform" value="vm"/>
    </properties>
    <testcase classname=".frontend.packages.internal.catalyst_voices_shared.test.src.formatter.cryptocurrency_formatter" name="CryptocurrencyFormatter formatAmount should format fractional ADA" time="0.045"/>
    <testcase classname=".frontend.packages.internal.catalyst_voices_shared.test.src.formatter.cryptocurrency_formatter" name="CryptocurrencyFormatter formatAmount should format less than 1000 ADA" time="0.003"/>
    <testcase classname=".frontend.packages.internal.catalyst_voices_shared.test.src.formatter.cryptocurrency_formatter" name="CryptocurrencyFormatter formatAmount should format  1000 ADA" time="0.004"/>
    <testcase classname=".frontend.packages.internal.catalyst_voices_shared.test.src.formatter.cryptocurrency_formatter" name="CryptocurrencyFormatter formatAmount should format amounts in thousands of ADA" time="0.003"/>
    <testcase classname=".frontend.packages.internal.catalyst_voices_shared.test.src.formatter.cryptocurrency_formatter" name="CryptocurrencyFormatter formatAmount should format amounts in millions of ADA" time="0.003"/>
    <testcase classname=".frontend.packages.internal.catalyst_voices_shared.test.src.formatter.cryptocurrency_formatter" name="CryptocurrencyFormatter formatAmount should format exactly 1 million ADA" time="0.003"/>
    <testcase classname=".frontend.packages.internal.catalyst_voices_shared.test.src.formatter.cryptocurrency_formatter" name="CryptocurrencyFormatter formatExactAmount should format integer ADA amount correctly" time="0.003"/>
    <testcase classname=".frontend.packages.internal.catalyst_voices_shared.test.src.formatter.cryptocurrency_formatter" name="CryptocurrencyFormatter formatExactAmount should format ADA amount with 6 decimal places correctly" time="0.003"/>
    <testcase classname=".frontend.packages.internal.catalyst_voices_shared.test.src.formatter.cryptocurrency_formatter" name="CryptocurrencyFormatter formatExactAmount should format ADA amount with less than 6 decimal places correctly" time="0.003"/>
    <testcase classname=".frontend.packages.internal.catalyst_voices_shared.test.src.formatter.cryptocurrency_formatter" name="CryptocurrencyFormatter formatExactAmount should format ADA amount with trailing zeros up to 6 decimal places" time="0.003"/>
    <testcase classname=".frontend.packages.internal.catalyst_voices_shared.test.src.formatter.cryptocurrency_formatter" name="CryptocurrencyFormatter formatExactAmount should format very small ADA amount correctly" time="0.003"/>
    <testcase classname=".frontend.packages.internal.catalyst_voices_shared.test.src.formatter.cryptocurrency_formatter" name="CryptocurrencyFormatter formatExactAmount should format zero ADA amount correctly" time="0.003"/>
  </testsuite>
</testsuites>