<?xml version="1.0" encoding="UTF-8"?>
<testsuites>
  <testsuite errors="0" failures="0" tests="2" skipped="0" name=".frontend.packages.internal.catalyst_voices_brands.test.src.catalyst_voices_brands" timestamp="2024-11-12T13:28:29">
    <properties>
      <property name="platform" value="vm"/>
    </properties>
    <testcase classname=".frontend.packages.internal.catalyst_voices_brands.test.src.catalyst_voices_brands" name="Test brands Default Catalyst theme is applied" time="0.557"/>
    <testcase classname=".frontend.packages.internal.catalyst_voices_brands.test.src.catalyst_voices_brands" name="Test brand_assets Logo from Default theme is applied" time="0.058"/>
  </testsuite>
</testsuites>