<?xml version="1.0" encoding="UTF-8"?>
<testsuites>
  <testsuite errors="0" failures="0" tests="12" skipped="0" name=".frontend.packages.internal.catalyst_voices_models.test.seed_phrase" timestamp="2024-11-12T13:28:35">
    <properties>
      <property name="platform" value="vm"/>
    </properties>
    <testcase classname=".frontend.packages.internal.catalyst_voices_models.test.seed_phrase" name="SeedPhrase should generate a new SeedPhrase with random mnemonic" time="0.79"/>
    <testcase classname=".frontend.packages.internal.catalyst_voices_models.test.seed_phrase" name="SeedPhrase should generate a seed phrase with 12, 15, 18, 21, and 24 words" time="0.01"/>
    <testcase classname=".frontend.packages.internal.catalyst_voices_models.test.seed_phrase" name="SeedPhrase should throw an error for an invalid word count" time="0.005"/>
    <testcase classname=".frontend.packages.internal.catalyst_voices_models.test.seed_phrase" name="SeedPhrase should create SeedPhrase from a valid mnemonic" time="0.664"/>
    <testcase classname=".frontend.packages.internal.catalyst_voices_models.test.seed_phrase" name="SeedPhrase should create SeedPhrase from hex-encoded entropy" time="0.004"/>
    <testcase classname=".frontend.packages.internal.catalyst_voices_models.test.seed_phrase" name="SeedPhrase should throw an error for invalid mnemonic" time="0.005"/>
    <testcase classname=".frontend.packages.internal.catalyst_voices_models.test.seed_phrase" name="SeedPhrase should contain consistent mnemonic and seed in generated SeedPhrase" time="0.544"/>
    <testcase classname=".frontend.packages.internal.catalyst_voices_models.test.seed_phrase" name="SeedPhrase should split mnemonic into a list of words" time="0.005"/>
    <testcase classname=".frontend.packages.internal.catalyst_voices_models.test.seed_phrase" name="SeedPhrase toString should return hashed mnemonic" time="0.003"/>
    <testcase classname=".frontend.packages.internal.catalyst_voices_models.test.seed_phrase" name="SeedPhrase mnemonic words should be sorted" time="0.016"/>
    <testcase classname=".frontend.packages.internal.catalyst_voices_models.test.seed_phrase" name="SeedPhraseWord same word with different numbers are not equal" time="0.003"/>
    <testcase classname=".frontend.packages.internal.catalyst_voices_models.test.seed_phrase" name="SeedPhraseWord sorting list of words works base on nr" time="0.004"/>
  </testsuite>
  <testsuite errors="0" failures="0" tests="5" skipped="0" name=".frontend.packages.internal.catalyst_voices_models.test.optional" timestamp="2024-11-12T13:28:35">
    <properties>
      <property name="platform" value="vm"/>
    </properties>
    <testcase classname=".frontend.packages.internal.catalyst_voices_models.test.optional" name="Optional&lt;Object> empty creates instance with null data" time="0.017"/>
    <testcase classname=".frontend.packages.internal.catalyst_voices_models.test.optional" name="Optional&lt;Object> default constructor accepts nullable data" time="0.004"/>
    <testcase classname=".frontend.packages.internal.catalyst_voices_models.test.optional" name="Optional&lt;Object> of constructor accepts non-nullable data" time="0.005"/>
    <testcase classname=".frontend.packages.internal.catalyst_voices_models.test.optional" name="Optional&lt;Object> dataOr returns optional data when not null" time="0.003"/>
    <testcase classname=".frontend.packages.internal.catalyst_voices_models.test.optional" name="Optional&lt;Object> dataOr returns fallback when called on null Optional" time="0.004"/>
  </testsuite>
  <testsuite errors="0" failures="0" tests="6" skipped="0" name=".frontend.packages.internal.catalyst_voices_models.test.auth.password_strength" timestamp="2024-11-12T13:28:35">
    <properties>
      <property name="platform" value="vm"/>
    </properties>
    <testcase classname=".frontend.packages.internal.catalyst_voices_models.test.auth.password_strength" name="PasswordStrength weak password - too short" time="0.038"/>
    <testcase classname=".frontend.packages.internal.catalyst_voices_models.test.auth.password_strength" name="PasswordStrength weak password - too popular" time="0.056"/>
    <testcase classname=".frontend.packages.internal.catalyst_voices_models.test.auth.password_strength" name="PasswordStrength weak password - too simple" time="0.004"/>
    <testcase classname=".frontend.packages.internal.catalyst_voices_models.test.auth.password_strength" name="PasswordStrength normal password" time="0.005"/>
    <testcase classname=".frontend.packages.internal.catalyst_voices_models.test.auth.password_strength" name="PasswordStrength strong password" time="0.003"/>
    <testcase classname=".frontend.packages.internal.catalyst_voices_models.test.auth.password_strength" name="PasswordStrength strong password" time="0.003"/>
  </testsuite>
  <testsuite errors="0" failures="0" tests="2" skipped="0" name=".frontend.packages.internal.catalyst_voices_models.test.crypto.lock_factor" timestamp="2024-11-12T13:28:35">
    <properties>
      <property name="platform" value="vm"/>
    </properties>
    <testcase classname=".frontend.packages.internal.catalyst_voices_models.test.crypto.lock_factor" name="PasswordLockFactor seed generates utf8 version of password" time="0.02"/>
    <testcase classname=".frontend.packages.internal.catalyst_voices_models.test.crypto.lock_factor" name="PasswordLockFactor toString does not contain password" time="0.006"/>
  </testsuite>
  <testsuite errors="0" failures="0" tests="3" skipped="0" name=".frontend.packages.internal.catalyst_voices_models.test.crypto.keychain_metadata" timestamp="2024-11-12T13:28:35">
    <properties>
      <property name="platform" value="vm"/>
    </properties>
    <testcase classname=".frontend.packages.internal.catalyst_voices_models.test.crypto.keychain_metadata" name="Serialization json createAt to createdAt" time="0.019"/>
    <testcase classname=".frontend.packages.internal.catalyst_voices_models.test.crypto.keychain_metadata" name="Equality same source dates equals" time="0.004"/>
    <testcase classname=".frontend.packages.internal.catalyst_voices_models.test.crypto.keychain_metadata" name="Equality different source dates equals" time="0.003"/>
  </testsuite>
</testsuites>