SF:/bin/src/cardano/cip36_registration/mod.rs
FN:216,_RNvNtNtCs8hpUmWBMOQ5_11cat_gateway7cardano18cip36_registration24is_valid_rewards_address
FN:473,_RNvNtNtCs8hpUmWBMOQ5_11cat_gateway7cardano18cip36_registrations_30test_rewards_addr_permutations
FN:17,_RNvXNvXNvNtNtCs8hpUmWBMOQ5_11cat_gateway7cardano18cip36_registrations_1__NtB7_6PubKeyNtNtCsiOvhtfnWLLB_5serde2de11Deserialize11deserializeNtB2_9___VisitorNtB1n_7Visitor9expecting
FN:17,_RINvXNvXNvNtNtCs8hpUmWBMOQ5_11cat_gateway7cardano18cip36_registrations_1__NtB8_6PubKeyNtNtCsiOvhtfnWLLB_5serde2de11Deserialize11deserializeNtB3_9___VisitorNtB1o_7Visitor20visit_newtype_structpEBc_
FN:17,_RINvXNvXNvNtNtCs8hpUmWBMOQ5_11cat_gateway7cardano18cip36_registrations_1__NtB8_6PubKeyNtNtCsiOvhtfnWLLB_5serde2de11Deserialize11deserializeNtB3_9___VisitorNtB1o_7Visitor9visit_seqpEBc_
FN:21,_RNvXNvXNvNtNtCs8hpUmWBMOQ5_11cat_gateway7cardano18cip36_registrations1_1__NtB7_5NonceNtNtCsiOvhtfnWLLB_5serde2de11Deserialize11deserializeNtB2_9___VisitorNtB1n_7Visitor9expecting
FN:21,_RINvXNvXNvNtNtCs8hpUmWBMOQ5_11cat_gateway7cardano18cip36_registrations1_1__NtB8_5NonceNtNtCsiOvhtfnWLLB_5serde2de11Deserialize11deserializeNtB3_9___VisitorNtB1o_7Visitor20visit_newtype_structpEBc_
FN:21,_RINvXNvXNvNtNtCs8hpUmWBMOQ5_11cat_gateway7cardano18cip36_registrations1_1__NtB8_5NonceNtNtCsiOvhtfnWLLB_5serde2de11Deserialize11deserializeNtB3_9___VisitorNtB1o_7Visitor9visit_seqpEBc_
FN:25,_RNvXNvXNvNtNtCs8hpUmWBMOQ5_11cat_gateway7cardano18cip36_registrations3_1__NtB7_13VotingPurposeNtNtCsiOvhtfnWLLB_5serde2de11Deserialize11deserializeNtB2_9___VisitorNtB1w_7Visitor9expecting
FN:25,_RINvXNvXNvNtNtCs8hpUmWBMOQ5_11cat_gateway7cardano18cip36_registrations3_1__NtB8_13VotingPurposeNtNtCsiOvhtfnWLLB_5serde2de11Deserialize11deserializeNtB3_9___VisitorNtB1x_7Visitor20visit_newtype_structpEBc_
FN:25,_RINvXNvXNvNtNtCs8hpUmWBMOQ5_11cat_gateway7cardano18cip36_registrations3_1__NtB8_13VotingPurposeNtNtCsiOvhtfnWLLB_5serde2de11Deserialize11deserializeNtB3_9___VisitorNtB1x_7Visitor9visit_seqpEBc_
FN:29,_RNvXNvXNvNtNtCs8hpUmWBMOQ5_11cat_gateway7cardano18cip36_registrations5_1__NtB7_14RewardsAddressNtNtCsiOvhtfnWLLB_5serde2de11Deserialize11deserializeNtB2_9___VisitorNtB1x_7Visitor9expecting
FN:29,_RINvXNvXNvNtNtCs8hpUmWBMOQ5_11cat_gateway7cardano18cip36_registrations5_1__NtB8_14RewardsAddressNtNtCsiOvhtfnWLLB_5serde2de11Deserialize11deserializeNtB3_9___VisitorNtB1y_7Visitor20visit_newtype_structpEBc_
FN:29,_RINvXNvXNvNtNtCs8hpUmWBMOQ5_11cat_gateway7cardano18cip36_registrations5_1__NtB8_14RewardsAddressNtNtCsiOvhtfnWLLB_5serde2de11Deserialize11deserializeNtB3_9___VisitorNtB1y_7Visitor9visit_seqpEBc_
FN:37,_RNvMNtNtCs8hpUmWBMOQ5_11cat_gateway7cardano18cip36_registrationNtB2_6PubKey15get_credentials
FN:46,_RNvMNtNtCs8hpUmWBMOQ5_11cat_gateway7cardano18cip36_registrationNtB2_6PubKey5bytes
FN:101,_RNvMs_NtNtCs8hpUmWBMOQ5_11cat_gateway7cardano18cip36_registrationNtB4_13Cip36Metadata25generate_from_tx_metadata
FN:125,_RNCNvMs_NtNtCs8hpUmWBMOQ5_11cat_gateway7cardano18cip36_registrationNtB6_13Cip36Metadata25generate_from_tx_metadata0Ba_
FN:133,_RNCNvMs_NtNtCs8hpUmWBMOQ5_11cat_gateway7cardano18cip36_registrationNtB6_13Cip36Metadata25generate_from_tx_metadatas_0Ba_
FN:142,_RNCNvMs_NtNtCs8hpUmWBMOQ5_11cat_gateway7cardano18cip36_registrationNtB6_13Cip36Metadata25generate_from_tx_metadatas0_0Ba_
FN:155,_RNCNvMs_NtNtCs8hpUmWBMOQ5_11cat_gateway7cardano18cip36_registrationNtB6_13Cip36Metadata25generate_from_tx_metadatas1_0Ba_
FN:174,_RNvNtNtCs8hpUmWBMOQ5_11cat_gateway7cardano18cip36_registration18validate_signature
FN:194,_RNvNtNtCs8hpUmWBMOQ5_11cat_gateway7cardano18cip36_registration27validate_cip36_registration
FN:203,_RNvNtNtCs8hpUmWBMOQ5_11cat_gateway7cardano18cip36_registration22validate_cip36_witness
FN:243,_RNvNtNtCs8hpUmWBMOQ5_11cat_gateway7cardano18cip36_registration29inspect_witness_from_metadata
FN:246,_RNCNvNtNtCs8hpUmWBMOQ5_11cat_gateway7cardano18cip36_registration29inspect_witness_from_metadata0B7_
FN:251,_RNCNvNtNtCs8hpUmWBMOQ5_11cat_gateway7cardano18cip36_registration29inspect_witness_from_metadatas_0B7_
FN:257,_RNvNtNtCs8hpUmWBMOQ5_11cat_gateway7cardano18cip36_registration17inspect_signature
FN:260,_RNCNvNtNtCs8hpUmWBMOQ5_11cat_gateway7cardano18cip36_registration17inspect_signature0B7_
FN:268,_RNCNvNtNtCs8hpUmWBMOQ5_11cat_gateway7cardano18cip36_registration17inspect_signatures_0B7_
FN:270,_RNCNvNtNtCs8hpUmWBMOQ5_11cat_gateway7cardano18cip36_registration17inspect_signatures0_0B7_
FN:280,_RNvNtNtCs8hpUmWBMOQ5_11cat_gateway7cardano18cip36_registration22original_61284_payload
FN:286,_RNCNvNtNtCs8hpUmWBMOQ5_11cat_gateway7cardano18cip36_registration22original_61284_payload0B7_
FN:289,_RNCNvNtNtCs8hpUmWBMOQ5_11cat_gateway7cardano18cip36_registration22original_61284_payloads_0B7_
FN:302,_RNCNvNtNtCs8hpUmWBMOQ5_11cat_gateway7cardano18cip36_registration22original_61284_payloads0_0B7_
FN:308,_RNvNtNtCs8hpUmWBMOQ5_11cat_gateway7cardano18cip36_registration34inspect_registration_from_metadata
FN:313,_RNCNvNtNtCs8hpUmWBMOQ5_11cat_gateway7cardano18cip36_registration34inspect_registration_from_metadata0B7_
FN:318,_RNCNvNtNtCs8hpUmWBMOQ5_11cat_gateway7cardano18cip36_registration34inspect_registration_from_metadatas_0B7_
FN:344,_RNvNtNtCs8hpUmWBMOQ5_11cat_gateway7cardano18cip36_registration19inspect_voting_info
FN:392,_RNvNtNtCs8hpUmWBMOQ5_11cat_gateway7cardano18cip36_registration17inspect_stake_key
FN:412,_RNvNtNtCs8hpUmWBMOQ5_11cat_gateway7cardano18cip36_registration20inspect_rewards_addr
FN:436,_RNvNtNtCs8hpUmWBMOQ5_11cat_gateway7cardano18cip36_registration13inspect_nonce
FN:452,_RNvNtNtCs8hpUmWBMOQ5_11cat_gateway7cardano18cip36_registration22inspect_voting_purpose
FNDA:64,_RNvNtNtCs8hpUmWBMOQ5_11cat_gateway7cardano18cip36_registration24is_valid_rewards_address
FNDA:1,_RNvNtNtCs8hpUmWBMOQ5_11cat_gateway7cardano18cip36_registrations_30test_rewards_addr_permutations
FNDA:0,_RNvXNvXNvNtNtCs8hpUmWBMOQ5_11cat_gateway7cardano18cip36_registrations_1__NtB7_6PubKeyNtNtCsiOvhtfnWLLB_5serde2de11Deserialize11deserializeNtB2_9___VisitorNtB1n_7Visitor9expecting
FNDA:0,_RINvXNvXNvNtNtCs8hpUmWBMOQ5_11cat_gateway7cardano18cip36_registrations_1__NtB8_6PubKeyNtNtCsiOvhtfnWLLB_5serde2de11Deserialize11deserializeNtB3_9___VisitorNtB1o_7Visitor20visit_newtype_structpEBc_
FNDA:0,_RINvXNvXNvNtNtCs8hpUmWBMOQ5_11cat_gateway7cardano18cip36_registrations_1__NtB8_6PubKeyNtNtCsiOvhtfnWLLB_5serde2de11Deserialize11deserializeNtB3_9___VisitorNtB1o_7Visitor9visit_seqpEBc_
FNDA:0,_RNvXNvXNvNtNtCs8hpUmWBMOQ5_11cat_gateway7cardano18cip36_registrations1_1__NtB7_5NonceNtNtCsiOvhtfnWLLB_5serde2de11Deserialize11deserializeNtB2_9___VisitorNtB1n_7Visitor9expecting
FNDA:0,_RINvXNvXNvNtNtCs8hpUmWBMOQ5_11cat_gateway7cardano18cip36_registrations1_1__NtB8_5NonceNtNtCsiOvhtfnWLLB_5serde2de11Deserialize11deserializeNtB3_9___VisitorNtB1o_7Visitor20visit_newtype_structpEBc_
FNDA:0,_RINvXNvXNvNtNtCs8hpUmWBMOQ5_11cat_gateway7cardano18cip36_registrations1_1__NtB8_5NonceNtNtCsiOvhtfnWLLB_5serde2de11Deserialize11deserializeNtB3_9___VisitorNtB1o_7Visitor9visit_seqpEBc_
FNDA:0,_RNvXNvXNvNtNtCs8hpUmWBMOQ5_11cat_gateway7cardano18cip36_registrations3_1__NtB7_13VotingPurposeNtNtCsiOvhtfnWLLB_5serde2de11Deserialize11deserializeNtB2_9___VisitorNtB1w_7Visitor9expecting
FNDA:0,_RINvXNvXNvNtNtCs8hpUmWBMOQ5_11cat_gateway7cardano18cip36_registrations3_1__NtB8_13VotingPurposeNtNtCsiOvhtfnWLLB_5serde2de11Deserialize11deserializeNtB3_9___VisitorNtB1x_7Visitor20visit_newtype_structpEBc_
FNDA:0,_RINvXNvXNvNtNtCs8hpUmWBMOQ5_11cat_gateway7cardano18cip36_registrations3_1__NtB8_13VotingPurposeNtNtCsiOvhtfnWLLB_5serde2de11Deserialize11deserializeNtB3_9___VisitorNtB1x_7Visitor9visit_seqpEBc_
FNDA:0,_RNvXNvXNvNtNtCs8hpUmWBMOQ5_11cat_gateway7cardano18cip36_registrations5_1__NtB7_14RewardsAddressNtNtCsiOvhtfnWLLB_5serde2de11Deserialize11deserializeNtB2_9___VisitorNtB1x_7Visitor9expecting
FNDA:0,_RINvXNvXNvNtNtCs8hpUmWBMOQ5_11cat_gateway7cardano18cip36_registrations5_1__NtB8_14RewardsAddressNtNtCsiOvhtfnWLLB_5serde2de11Deserialize11deserializeNtB3_9___VisitorNtB1y_7Visitor20visit_newtype_structpEBc_
FNDA:0,_RINvXNvXNvNtNtCs8hpUmWBMOQ5_11cat_gateway7cardano18cip36_registrations5_1__NtB8_14RewardsAddressNtNtCsiOvhtfnWLLB_5serde2de11Deserialize11deserializeNtB3_9___VisitorNtB1y_7Visitor9visit_seqpEBc_
FNDA:0,_RNvMNtNtCs8hpUmWBMOQ5_11cat_gateway7cardano18cip36_registrationNtB2_6PubKey15get_credentials
FNDA:0,_RNvMNtNtCs8hpUmWBMOQ5_11cat_gateway7cardano18cip36_registrationNtB2_6PubKey5bytes
FNDA:0,_RNvMs_NtNtCs8hpUmWBMOQ5_11cat_gateway7cardano18cip36_registrationNtB4_13Cip36Metadata25generate_from_tx_metadata
FNDA:0,_RNCNvMs_NtNtCs8hpUmWBMOQ5_11cat_gateway7cardano18cip36_registrationNtB6_13Cip36Metadata25generate_from_tx_metadata0Ba_
FNDA:0,_RNCNvMs_NtNtCs8hpUmWBMOQ5_11cat_gateway7cardano18cip36_registrationNtB6_13Cip36Metadata25generate_from_tx_metadatas_0Ba_
FNDA:0,_RNCNvMs_NtNtCs8hpUmWBMOQ5_11cat_gateway7cardano18cip36_registrationNtB6_13Cip36Metadata25generate_from_tx_metadatas0_0Ba_
FNDA:0,_RNCNvMs_NtNtCs8hpUmWBMOQ5_11cat_gateway7cardano18cip36_registrationNtB6_13Cip36Metadata25generate_from_tx_metadatas1_0Ba_
FNDA:0,_RNvNtNtCs8hpUmWBMOQ5_11cat_gateway7cardano18cip36_registration18validate_signature
FNDA:0,_RNvNtNtCs8hpUmWBMOQ5_11cat_gateway7cardano18cip36_registration27validate_cip36_registration
FNDA:0,_RNvNtNtCs8hpUmWBMOQ5_11cat_gateway7cardano18cip36_registration22validate_cip36_witness
FNDA:0,_RNvNtNtCs8hpUmWBMOQ5_11cat_gateway7cardano18cip36_registration29inspect_witness_from_metadata
FNDA:0,_RNCNvNtNtCs8hpUmWBMOQ5_11cat_gateway7cardano18cip36_registration29inspect_witness_from_metadata0B7_
FNDA:0,_RNCNvNtNtCs8hpUmWBMOQ5_11cat_gateway7cardano18cip36_registration29inspect_witness_from_metadatas_0B7_
FNDA:0,_RNvNtNtCs8hpUmWBMOQ5_11cat_gateway7cardano18cip36_registration17inspect_signature
FNDA:0,_RNCNvNtNtCs8hpUmWBMOQ5_11cat_gateway7cardano18cip36_registration17inspect_signature0B7_
FNDA:0,_RNCNvNtNtCs8hpUmWBMOQ5_11cat_gateway7cardano18cip36_registration17inspect_signatures_0B7_
FNDA:0,_RNCNvNtNtCs8hpUmWBMOQ5_11cat_gateway7cardano18cip36_registration17inspect_signatures0_0B7_
FNDA:0,_RNvNtNtCs8hpUmWBMOQ5_11cat_gateway7cardano18cip36_registration22original_61284_payload
FNDA:0,_RNCNvNtNtCs8hpUmWBMOQ5_11cat_gateway7cardano18cip36_registration22original_61284_payload0B7_
FNDA:0,_RNCNvNtNtCs8hpUmWBMOQ5_11cat_gateway7cardano18cip36_registration22original_61284_payloads_0B7_
FNDA:0,_RNCNvNtNtCs8hpUmWBMOQ5_11cat_gateway7cardano18cip36_registration22original_61284_payloads0_0B7_
FNDA:0,_RNvNtNtCs8hpUmWBMOQ5_11cat_gateway7cardano18cip36_registration34inspect_registration_from_metadata
FNDA:0,_RNCNvNtNtCs8hpUmWBMOQ5_11cat_gateway7cardano18cip36_registration34inspect_registration_from_metadata0B7_
FNDA:0,_RNCNvNtNtCs8hpUmWBMOQ5_11cat_gateway7cardano18cip36_registration34inspect_registration_from_metadatas_0B7_
FNDA:0,_RNvNtNtCs8hpUmWBMOQ5_11cat_gateway7cardano18cip36_registration19inspect_voting_info
FNDA:0,_RNvNtNtCs8hpUmWBMOQ5_11cat_gateway7cardano18cip36_registration17inspect_stake_key
FNDA:0,_RNvNtNtCs8hpUmWBMOQ5_11cat_gateway7cardano18cip36_registration20inspect_rewards_addr
FNDA:0,_RNvNtNtCs8hpUmWBMOQ5_11cat_gateway7cardano18cip36_registration13inspect_nonce
FNDA:0,_RNvNtNtCs8hpUmWBMOQ5_11cat_gateway7cardano18cip36_registration22inspect_voting_purpose
FNF:35
FNH:2
DA:17,0
DA:21,0
DA:25,0
DA:29,0
DA:37,0
DA:38,0
DA:39,0
DA:40,0
DA:41,0
DA:42,0
DA:43,0
DA:46,0
DA:47,0
DA:48,0
DA:101,0
DA:102,0
DA:103,0
DA:104,0
DA:105,0
DA:106,0
DA:107,0
DA:108,0
DA:109,0
DA:110,0
DA:112,0
DA:118,0
DA:120,0
DA:121,0
DA:122,0
DA:123,0
DA:124,0
DA:125,0
DA:126,0
DA:127,0
DA:128,0
DA:129,0
DA:130,0
DA:131,0
DA:132,0
DA:133,0
DA:134,0
DA:135,0
DA:136,0
DA:137,0
DA:138,0
DA:139,0
DA:140,0
DA:141,0
DA:142,0
DA:143,0
DA:144,0
DA:145,0
DA:146,0
DA:147,0
DA:148,0
DA:149,0
DA:153,0
DA:154,0
DA:155,0
DA:156,0
DA:157,0
DA:158,0
DA:159,0
DA:160,0
DA:162,0
DA:163,0
DA:164,0
DA:165,0
DA:166,0
DA:167,0
DA:174,0
DA:175,0
DA:176,0
DA:177,0
DA:179,0
DA:180,0
DA:181,0
DA:182,0
DA:184,0
DA:185,0
DA:186,0
DA:188,0
DA:190,0
DA:191,0
DA:194,0
DA:195,0
DA:196,0
DA:197,0
DA:198,0
DA:199,0
DA:200,0
DA:203,0
DA:204,0
DA:205,0
DA:206,0
DA:207,0
DA:208,0
DA:209,0
DA:216,64
DA:217,64
DA:218,64
DA:219,64
DA:220,64
DA:221,64
DA:222,64
DA:223,64
DA:225,32
DA:226,16
DA:227,16
DA:230,32
DA:231,16
DA:232,16
DA:234,0
DA:238,32
DA:239,32
DA:240,64
DA:243,0
DA:244,0
DA:245,0
DA:246,0
DA:248,0
DA:250,0
DA:251,0
DA:253,0
DA:254,0
DA:257,0
DA:258,0
DA:259,0
DA:260,0
DA:262,0
DA:263,0
DA:264,0
DA:266,0
DA:267,0
DA:268,0
DA:269,0
DA:270,0
DA:271,0
DA:272,0
DA:274,0
DA:275,0
DA:280,0
DA:284,0
DA:285,0
DA:286,0
DA:288,0
DA:289,0
DA:291,0
DA:292,0
DA:293,0
DA:295,0
DA:296,0
DA:297,0
DA:298,0
DA:299,0
DA:300,0
DA:301,0
DA:302,0
DA:304,0
DA:305,0
DA:308,0
DA:309,0
DA:310,0
DA:311,0
DA:312,0
DA:313,0
DA:315,0
DA:317,0
DA:318,0
DA:320,0
DA:321,0
DA:322,0
DA:324,0
DA:325,0
DA:326,0
DA:327,0
DA:328,0
DA:329,0
DA:330,0
DA:331,0
DA:332,0
DA:333,0
DA:334,0
DA:335,0
DA:336,0
DA:344,0
DA:345,0
DA:346,0
DA:354,0
DA:355,0
DA:356,0
DA:357,0
DA:358,0
DA:360,0
DA:361,0
DA:362,0
DA:363,0
DA:364,0
DA:365,0
DA:367,0
DA:368,0
DA:369,0
DA:370,0
DA:371,0
DA:373,0
DA:374,0
DA:375,0
DA:376,0
DA:377,0
DA:378,0
DA:380,0
DA:383,0
DA:386,0
DA:388,0
DA:389,0
DA:392,0
DA:396,0
DA:397,0
DA:398,0
DA:400,0
DA:401,0
DA:403,0
DA:405,0
DA:406,0
DA:412,0
DA:413,0
DA:414,0
DA:418,0
DA:419,0
DA:420,0
DA:421,0
DA:423,0
DA:426,0
DA:427,0
DA:428,0
DA:429,0
DA:430,0
DA:431,0
DA:432,0
DA:433,0
DA:436,0
DA:437,0
DA:438,0
DA:439,0
DA:440,0
DA:441,0
DA:442,0
DA:444,0
DA:445,0
DA:447,0
DA:449,0
DA:452,0
DA:453,0
DA:454,0
DA:455,0
DA:456,0
DA:457,0
DA:458,0
DA:459,0
DA:460,0
DA:461,0
DA:462,0
DA:463,0
DA:464,0
DA:466,0
DA:467,0
DA:469,0
DA:473,1
DA:474,1
DA:475,1
DA:476,1
DA:478,11
DA:479,10
DA:480,10
DA:481,10
DA:483,10
DA:484,10
DA:485,10
DA:488,1
DA:490,7
DA:491,6
DA:492,6
DA:493,6
DA:495,6
DA:496,6
DA:497,6
DA:499,1
BRF:0
BRH:0
LF:306
LH:37
end_of_record
SF:/bin/src/cardano/mod.rs
FN:33,_RNvNtCs8hpUmWBMOQ5_11cat_gateway7cardano19get_follower_config
FN:35,_RNCNvNtCs8hpUmWBMOQ5_11cat_gateway7cardano19get_follower_config0B5_
FN:53,_RNvNtCs8hpUmWBMOQ5_11cat_gateway7cardano15start_followers
FN:55,_RNCNvNtCs8hpUmWBMOQ5_11cat_gateway7cardano15start_followers0B5_
FN:85,_RNvNtCs8hpUmWBMOQ5_11cat_gateway7cardano15spawn_followers
FN:87,_RNCNvNtCs8hpUmWBMOQ5_11cat_gateway7cardano15spawn_followers0B5_
FN:108,_RNvNtCs8hpUmWBMOQ5_11cat_gateway7cardano14spawn_follower
FN:110,_RNCNvNtCs8hpUmWBMOQ5_11cat_gateway7cardano14spawn_follower0B5_
FN:127,_RNCNCNvNtCs8hpUmWBMOQ5_11cat_gateway7cardano14spawn_follower00B7_
FN:135,_RNvNtCs8hpUmWBMOQ5_11cat_gateway7cardano14process_blocks
FN:138,_RNCNvNtCs8hpUmWBMOQ5_11cat_gateway7cardano14process_blocks0B5_
FN:146,_RNCNCNvNtCs8hpUmWBMOQ5_11cat_gateway7cardano14process_blocks00B7_
FN:237,_RNvNtCs8hpUmWBMOQ5_11cat_gateway7cardano18index_block_buffer
FN:240,_RNCNvNtCs8hpUmWBMOQ5_11cat_gateway7cardano18index_block_buffer0B5_
FN:265,_RNvNtCs8hpUmWBMOQ5_11cat_gateway7cardano17index_many_blocks
FN:268,_RNCNvNtCs8hpUmWBMOQ5_11cat_gateway7cardano17index_many_blocks0B5_
FN:299,_RNvNtCs8hpUmWBMOQ5_11cat_gateway7cardano12index_blocks
FN:301,_RNCNvNtCs8hpUmWBMOQ5_11cat_gateway7cardano12index_blocks0B5_
FN:304,_RNCNCNvNtCs8hpUmWBMOQ5_11cat_gateway7cardano12index_blocks00B7_
FN:317,_RNvNtCs8hpUmWBMOQ5_11cat_gateway7cardano18index_transactions
FN:319,_RNCNvNtCs8hpUmWBMOQ5_11cat_gateway7cardano18index_transactions0B5_
FN:322,_RNCNCNvNtCs8hpUmWBMOQ5_11cat_gateway7cardano18index_transactions00B7_
FN:322,_RNCNCNCNvNtCs8hpUmWBMOQ5_11cat_gateway7cardano18index_transactions000B9_
FN:333,_RNvNtCs8hpUmWBMOQ5_11cat_gateway7cardano23index_transactions_data
FN:335,_RNCNvNtCs8hpUmWBMOQ5_11cat_gateway7cardano23index_transactions_data0B5_
FN:338,_RNCNCNvNtCs8hpUmWBMOQ5_11cat_gateway7cardano23index_transactions_data00B7_
FN:355,_RNvNtCs8hpUmWBMOQ5_11cat_gateway7cardano30index_transaction_outputs_data
FN:357,_RNCNvNtCs8hpUmWBMOQ5_11cat_gateway7cardano30index_transaction_outputs_data0B5_
FN:360,_RNCNCNvNtCs8hpUmWBMOQ5_11cat_gateway7cardano30index_transaction_outputs_data00B7_
FN:371,_RNvNtCs8hpUmWBMOQ5_11cat_gateway7cardano29index_transaction_inputs_data
FN:373,_RNCNvNtCs8hpUmWBMOQ5_11cat_gateway7cardano29index_transaction_inputs_data0B5_
FN:376,_RNCNCNvNtCs8hpUmWBMOQ5_11cat_gateway7cardano29index_transaction_inputs_data00B7_
FN:387,_RNvNtCs8hpUmWBMOQ5_11cat_gateway7cardano25index_voter_registrations
FN:389,_RNCNvNtCs8hpUmWBMOQ5_11cat_gateway7cardano25index_voter_registrations0B5_
FN:392,_RNCNCNvNtCs8hpUmWBMOQ5_11cat_gateway7cardano25index_voter_registrations00B7_
FN:406,_RNvNtCs8hpUmWBMOQ5_11cat_gateway7cardano20instantiate_follower
FN:408,_RNCNvNtCs8hpUmWBMOQ5_11cat_gateway7cardano20instantiate_follower0B5_
FNDA:0,_RNvNtCs8hpUmWBMOQ5_11cat_gateway7cardano19get_follower_config
FNDA:0,_RNCNvNtCs8hpUmWBMOQ5_11cat_gateway7cardano19get_follower_config0B5_
FNDA:0,_RNvNtCs8hpUmWBMOQ5_11cat_gateway7cardano15start_followers
FNDA:0,_RNCNvNtCs8hpUmWBMOQ5_11cat_gateway7cardano15start_followers0B5_
FNDA:0,_RNvNtCs8hpUmWBMOQ5_11cat_gateway7cardano15spawn_followers
FNDA:0,_RNCNvNtCs8hpUmWBMOQ5_11cat_gateway7cardano15spawn_followers0B5_
FNDA:0,_RNvNtCs8hpUmWBMOQ5_11cat_gateway7cardano14spawn_follower
FNDA:0,_RNCNvNtCs8hpUmWBMOQ5_11cat_gateway7cardano14spawn_follower0B5_
FNDA:0,_RNCNCNvNtCs8hpUmWBMOQ5_11cat_gateway7cardano14spawn_follower00B7_
FNDA:0,_RNvNtCs8hpUmWBMOQ5_11cat_gateway7cardano14process_blocks
FNDA:0,_RNCNvNtCs8hpUmWBMOQ5_11cat_gateway7cardano14process_blocks0B5_
FNDA:0,_RNCNCNvNtCs8hpUmWBMOQ5_11cat_gateway7cardano14process_blocks00B7_
FNDA:0,_RNvNtCs8hpUmWBMOQ5_11cat_gateway7cardano18index_block_buffer
FNDA:0,_RNCNvNtCs8hpUmWBMOQ5_11cat_gateway7cardano18index_block_buffer0B5_
FNDA:0,_RNvNtCs8hpUmWBMOQ5_11cat_gateway7cardano17index_many_blocks
FNDA:0,_RNCNvNtCs8hpUmWBMOQ5_11cat_gateway7cardano17index_many_blocks0B5_
FNDA:0,_RNvNtCs8hpUmWBMOQ5_11cat_gateway7cardano12index_blocks
FNDA:0,_RNCNvNtCs8hpUmWBMOQ5_11cat_gateway7cardano12index_blocks0B5_
FNDA:0,_RNCNCNvNtCs8hpUmWBMOQ5_11cat_gateway7cardano12index_blocks00B7_
FNDA:0,_RNvNtCs8hpUmWBMOQ5_11cat_gateway7cardano18index_transactions
FNDA:0,_RNCNvNtCs8hpUmWBMOQ5_11cat_gateway7cardano18index_transactions0B5_
FNDA:0,_RNCNCNvNtCs8hpUmWBMOQ5_11cat_gateway7cardano18index_transactions00B7_
FNDA:0,_RNCNCNCNvNtCs8hpUmWBMOQ5_11cat_gateway7cardano18index_transactions000B9_
FNDA:0,_RNvNtCs8hpUmWBMOQ5_11cat_gateway7cardano23index_transactions_data
FNDA:0,_RNCNvNtCs8hpUmWBMOQ5_11cat_gateway7cardano23index_transactions_data0B5_
FNDA:0,_RNCNCNvNtCs8hpUmWBMOQ5_11cat_gateway7cardano23index_transactions_data00B7_
FNDA:0,_RNvNtCs8hpUmWBMOQ5_11cat_gateway7cardano30index_transaction_outputs_data
FNDA:0,_RNCNvNtCs8hpUmWBMOQ5_11cat_gateway7cardano30index_transaction_outputs_data0B5_
FNDA:0,_RNCNCNvNtCs8hpUmWBMOQ5_11cat_gateway7cardano30index_transaction_outputs_data00B7_
FNDA:0,_RNvNtCs8hpUmWBMOQ5_11cat_gateway7cardano29index_transaction_inputs_data
FNDA:0,_RNCNvNtCs8hpUmWBMOQ5_11cat_gateway7cardano29index_transaction_inputs_data0B5_
FNDA:0,_RNCNCNvNtCs8hpUmWBMOQ5_11cat_gateway7cardano29index_transaction_inputs_data00B7_
FNDA:0,_RNvNtCs8hpUmWBMOQ5_11cat_gateway7cardano25index_voter_registrations
FNDA:0,_RNCNvNtCs8hpUmWBMOQ5_11cat_gateway7cardano25index_voter_registrations0B5_
FNDA:0,_RNCNCNvNtCs8hpUmWBMOQ5_11cat_gateway7cardano25index_voter_registrations00B7_
FNDA:0,_RNvNtCs8hpUmWBMOQ5_11cat_gateway7cardano20instantiate_follower
FNDA:0,_RNCNvNtCs8hpUmWBMOQ5_11cat_gateway7cardano20instantiate_follower0B5_
FNF:37
FNH:0
DA:33,0
DA:34,0
DA:35,0
DA:36,0
DA:39,0
DA:41,0
DA:42,0
DA:43,0
DA:44,0
DA:45,0
DA:47,0
DA:50,0
DA:53,0
DA:54,0
DA:55,0
DA:56,0
DA:59,0
DA:60,0
DA:61,0
DA:62,0
DA:63,0
DA:64,0
DA:65,0
DA:68,0
DA:69,0
DA:70,0
DA:71,0
DA:72,0
DA:73,0
DA:77,0
DA:78,0
DA:79,0
DA:80,0
DA:82,0
DA:85,0
DA:86,0
DA:87,0
DA:88,0
DA:90,0
DA:91,0
DA:92,0
DA:93,0
DA:94,0
DA:95,0
DA:96,0
DA:97,0
DA:98,0
DA:100,0
DA:103,0
DA:104,0
DA:108,0
DA:109,0
DA:110,0
DA:114,0
DA:115,0
DA:116,0
DA:117,0
DA:120,0
DA:122,0
DA:124,0
DA:125,0
DA:127,0
DA:128,0
DA:129,0
DA:130,0
DA:131,0
DA:132,0
DA:135,0
DA:136,0
DA:137,0
DA:138,0
DA:139,0
DA:141,0
DA:142,0
DA:143,0
DA:144,0
DA:145,0
DA:146,0
DA:147,0
DA:148,0
DA:149,0
DA:150,0
DA:152,0
DA:153,0
DA:193,0
DA:194,0
DA:195,0
DA:196,0
DA:199,0
DA:200,0
DA:201,0
DA:202,0
DA:203,0
DA:204,0
DA:205,0
DA:206,0
DA:208,0
DA:209,0
DA:210,0
DA:211,0
DA:212,0
DA:213,0
DA:217,0
DA:218,0
DA:219,0
DA:220,0
DA:221,0
DA:226,0
DA:227,0
DA:228,0
DA:230,0
DA:234,0
DA:237,0
DA:238,0
DA:239,0
DA:240,0
DA:241,0
DA:243,0
DA:245,0
DA:246,0
DA:247,0
DA:248,0
DA:249,0
DA:254,0
DA:256,0
DA:258,0
DA:259,0
DA:262,0
DA:265,0
DA:266,0
DA:267,0
DA:268,0
DA:269,0
DA:270,0
DA:273,0
DA:274,0
DA:275,0
DA:276,0
DA:277,0
DA:279,0
DA:280,0
DA:281,0
DA:282,0
DA:283,0
DA:284,0
DA:285,0
DA:287,0
DA:289,0
DA:290,0
DA:291,0
DA:295,0
DA:296,0
DA:299,0
DA:300,0
DA:301,0
DA:302,0
DA:303,0
DA:304,0
DA:305,0
DA:306,0
DA:307,0
DA:308,0
DA:309,0
DA:310,0
DA:311,0
DA:313,0
DA:314,0
DA:317,0
DA:318,0
DA:319,0
DA:320,0
DA:321,0
DA:322,0
DA:323,0
DA:324,0
DA:325,0
DA:326,0
DA:327,0
DA:329,0
DA:330,0
DA:333,0
DA:334,0
DA:335,0
DA:336,0
DA:337,0
DA:338,0
DA:339,0
DA:340,0
DA:341,0
DA:342,0
DA:344,0
DA:345,0
DA:347,0
DA:348,0
DA:349,0
DA:351,0
DA:352,0
DA:355,0
DA:356,0
DA:357,0
DA:358,0
DA:359,0
DA:360,0
DA:361,0
DA:362,0
DA:363,0
DA:364,0
DA:365,0
DA:367,0
DA:368,0
DA:371,0
DA:372,0
DA:373,0
DA:374,0
DA:375,0
DA:376,0
DA:377,0
DA:378,0
DA:379,0
DA:380,0
DA:381,0
DA:383,0
DA:384,0
DA:387,0
DA:388,0
DA:389,0
DA:390,0
DA:391,0
DA:392,0
DA:393,0
DA:394,0
DA:395,0
DA:396,0
DA:397,0
DA:398,0
DA:400,0
DA:401,0
DA:406,0
DA:407,0
DA:408,0
DA:409,0
DA:410,0
DA:411,0
DA:412,0
DA:414,0
DA:415,0
DA:416,0
DA:417,0
DA:420,0
DA:421,0
DA:425,0
DA:426,0
BRF:0
BRH:0
LF:279
LH:0
end_of_record
SF:/bin/src/cardano/util.rs
FN:26,_RNvNtNtCs8hpUmWBMOQ5_11cat_gateway7cardano4util4hash
FN:56,_RNvNtNtCs8hpUmWBMOQ5_11cat_gateway7cardano4util19parse_policy_assets
FN:59,_RNCNvNtNtCs8hpUmWBMOQ5_11cat_gateway7cardano4util19parse_policy_assets0B7_
FN:69,_RNvNtNtCs8hpUmWBMOQ5_11cat_gateway7cardano4util18parse_child_assets
FN:72,_RNCNvNtNtCs8hpUmWBMOQ5_11cat_gateway7cardano4util18parse_child_assets0B7_
FN:96,_RNvNtNtCs8hpUmWBMOQ5_11cat_gateway7cardano4util9valid_era
FN:103,_RNvNtNtCs8hpUmWBMOQ5_11cat_gateway7cardano4util36extract_stake_credentials_from_certs
FN:134,_RNvNtNtCs8hpUmWBMOQ5_11cat_gateway7cardano4util24extract_hashed_witnesses
FN:156,_RNvNtNtCs8hpUmWBMOQ5_11cat_gateway7cardano4util30find_matching_stake_credential
FN:162,_RNCNvNtNtCs8hpUmWBMOQ5_11cat_gateway7cardano4util30find_matching_stake_credential0B7_
FNDA:0,_RNvNtNtCs8hpUmWBMOQ5_11cat_gateway7cardano4util4hash
FNDA:0,_RNvNtNtCs8hpUmWBMOQ5_11cat_gateway7cardano4util19parse_policy_assets
FNDA:0,_RNCNvNtNtCs8hpUmWBMOQ5_11cat_gateway7cardano4util19parse_policy_assets0B7_
FNDA:0,_RNvNtNtCs8hpUmWBMOQ5_11cat_gateway7cardano4util18parse_child_assets
FNDA:0,_RNCNvNtNtCs8hpUmWBMOQ5_11cat_gateway7cardano4util18parse_child_assets0B7_
FNDA:0,_RNvNtNtCs8hpUmWBMOQ5_11cat_gateway7cardano4util9valid_era
FNDA:0,_RNvNtNtCs8hpUmWBMOQ5_11cat_gateway7cardano4util36extract_stake_credentials_from_certs
FNDA:0,_RNvNtNtCs8hpUmWBMOQ5_11cat_gateway7cardano4util24extract_hashed_witnesses
FNDA:0,_RNvNtNtCs8hpUmWBMOQ5_11cat_gateway7cardano4util30find_matching_stake_credential
FNDA:0,_RNCNvNtNtCs8hpUmWBMOQ5_11cat_gateway7cardano4util30find_matching_stake_credential0B7_
FNF:10
FNH:0
DA:26,0
DA:27,0
DA:28,0
DA:29,0
DA:30,0
DA:31,0
DA:32,0
DA:33,0
DA:56,0
DA:57,0
DA:58,0
DA:59,0
DA:60,0
DA:61,0
DA:62,0
DA:63,0
DA:64,0
DA:65,0
DA:66,0
DA:69,0
DA:70,0
DA:71,0
DA:72,0
DA:73,0
DA:74,0
DA:75,0
DA:76,0
DA:77,0
DA:78,0
DA:79,0
DA:81,0
DA:82,0
DA:83,0
DA:84,0
DA:85,0
DA:86,0
DA:87,0
DA:89,0
DA:91,0
DA:92,0
DA:93,0
DA:96,0
DA:97,0
DA:98,0
DA:103,0
DA:104,0
DA:105,0
DA:106,0
DA:108,0
DA:109,0
DA:110,0
DA:112,0
DA:113,0
DA:114,0
DA:115,0
DA:116,0
DA:117,0
DA:118,0
DA:119,0
DA:122,0
DA:124,0
DA:127,0
DA:128,0
DA:134,0
DA:135,0
DA:136,0
DA:137,0
DA:138,0
DA:139,0
DA:141,0
DA:142,0
DA:143,0
DA:144,0
DA:145,0
DA:146,0
DA:147,0
DA:150,0
DA:151,0
DA:156,0
DA:157,0
DA:158,0
DA:159,0
DA:160,0
DA:161,0
DA:162,0
DA:163,0
DA:164,0
DA:166,0
DA:168,0
DA:169,0
DA:170,0
DA:171,0
DA:172,0
BRF:0
BRH:0
LF:99
LH:0
end_of_record
SF:/bin/src/cli.rs
FN:38,_RNvMNtCs8hpUmWBMOQ5_11cat_gateway3cliNtB2_3Cli4exec
FN:38,_RNCNvMNtCs8hpUmWBMOQ5_11cat_gateway3cliNtB4_3Cli4exec0B6_
FN:52,_RNCNCNvMNtCs8hpUmWBMOQ5_11cat_gateway3cliNtB6_3Cli4exec00B8_
FNDA:0,_RNvMNtCs8hpUmWBMOQ5_11cat_gateway3cliNtB2_3Cli4exec
FNDA:0,_RNCNvMNtCs8hpUmWBMOQ5_11cat_gateway3cliNtB4_3Cli4exec0B6_
FNDA:0,_RNCNCNvMNtCs8hpUmWBMOQ5_11cat_gateway3cliNtB6_3Cli4exec00B8_
FNF:3
FNH:0
DA:38,0
DA:39,0
DA:40,0
DA:41,0
DA:42,0
DA:43,0
DA:44,0
DA:46,0
DA:47,0
DA:48,0
DA:49,0
DA:50,0
DA:52,0
DA:53,0
DA:54,0
DA:55,0
DA:56,0
DA:59,0
DA:60,0
DA:61,0
DA:62,0
DA:63,0
DA:64,0
DA:65,0
DA:66,0
DA:67,0
DA:68,0
DA:70,0
DA:72,0
DA:73,0
DA:74,0
DA:75,0
DA:76,0
DA:77,0
DA:79,0
DA:81,0
DA:84,0
BRF:0
BRH:0
LF:40
LH:0
end_of_record
SF:/bin/src/event_db/cardano/chain_state/mod.rs
FN:59,_RNvMNtNtNtCs8hpUmWBMOQ5_11cat_gateway8event_db7cardano11chain_stateNtB2_17SlotInfoQueryType13get_sql_query
FN:84,_RNCNvMNtNtNtCs8hpUmWBMOQ5_11cat_gateway8event_db7cardano11chain_stateNtB4_17SlotInfoQueryType13get_sql_query0Ba_
FN:105,_RNvMs_NtNtNtCs8hpUmWBMOQ5_11cat_gateway8event_db7cardano11chain_stateNtB4_25IndexedFollowerDataParams15from_block_data
FN:144,_RNvMs0_NtNtNtCs8hpUmWBMOQ5_11cat_gateway8event_db7cardano11chain_stateNtB9_7EventDB24index_many_follower_data
FN:146,_RNCNvMs0_NtNtNtCs8hpUmWBMOQ5_11cat_gateway8event_db7cardano11chain_stateNtBb_7EventDB24index_many_follower_data0Bd_
FN:197,_RNvMs0_NtNtNtCs8hpUmWBMOQ5_11cat_gateway8event_db7cardano11chain_stateNtB9_7EventDB13get_slot_info
FN:199,_RNCNvMs0_NtNtNtCs8hpUmWBMOQ5_11cat_gateway8event_db7cardano11chain_stateNtBb_7EventDB13get_slot_info0Bd_
FN:216,_RNvMs0_NtNtNtCs8hpUmWBMOQ5_11cat_gateway8event_db7cardano11chain_stateNtB9_7EventDB18last_updated_state
FN:218,_RNCNvMs0_NtNtNtCs8hpUmWBMOQ5_11cat_gateway8event_db7cardano11chain_stateNtBb_7EventDB18last_updated_state0Bd_
FN:234,_RNvMs0_NtNtNtCs8hpUmWBMOQ5_11cat_gateway8event_db7cardano11chain_stateNtB9_7EventDB20refresh_last_updated
FN:237,_RNCNvMs0_NtNtNtCs8hpUmWBMOQ5_11cat_gateway8event_db7cardano11chain_stateNtBb_7EventDB20refresh_last_updated0Bd_
FNDA:0,_RNvMNtNtNtCs8hpUmWBMOQ5_11cat_gateway8event_db7cardano11chain_stateNtB2_17SlotInfoQueryType13get_sql_query
FNDA:0,_RNCNvMNtNtNtCs8hpUmWBMOQ5_11cat_gateway8event_db7cardano11chain_stateNtB4_17SlotInfoQueryType13get_sql_query0Ba_
FNDA:0,_RNvMs_NtNtNtCs8hpUmWBMOQ5_11cat_gateway8event_db7cardano11chain_stateNtB4_25IndexedFollowerDataParams15from_block_data
FNDA:0,_RNvMs0_NtNtNtCs8hpUmWBMOQ5_11cat_gateway8event_db7cardano11chain_stateNtB9_7EventDB24index_many_follower_data
FNDA:0,_RNCNvMs0_NtNtNtCs8hpUmWBMOQ5_11cat_gateway8event_db7cardano11chain_stateNtBb_7EventDB24index_many_follower_data0Bd_
FNDA:0,_RNvMs0_NtNtNtCs8hpUmWBMOQ5_11cat_gateway8event_db7cardano11chain_stateNtB9_7EventDB13get_slot_info
FNDA:0,_RNCNvMs0_NtNtNtCs8hpUmWBMOQ5_11cat_gateway8event_db7cardano11chain_stateNtBb_7EventDB13get_slot_info0Bd_
FNDA:0,_RNvMs0_NtNtNtCs8hpUmWBMOQ5_11cat_gateway8event_db7cardano11chain_stateNtB9_7EventDB18last_updated_state
FNDA:0,_RNCNvMs0_NtNtNtCs8hpUmWBMOQ5_11cat_gateway8event_db7cardano11chain_stateNtBb_7EventDB18last_updated_state0Bd_
FNDA:0,_RNvMs0_NtNtNtCs8hpUmWBMOQ5_11cat_gateway8event_db7cardano11chain_stateNtB9_7EventDB20refresh_last_updated
FNDA:0,_RNCNvMs0_NtNtNtCs8hpUmWBMOQ5_11cat_gateway8event_db7cardano11chain_stateNtBb_7EventDB20refresh_last_updated0Bd_
FNF:11
FNH:0
DA:59,0
DA:60,0
DA:62,0
DA:63,0
DA:64,0
DA:65,0
DA:68,0
DA:69,0
DA:70,0
DA:71,0
DA:74,0
DA:75,0
DA:76,0
DA:77,0
DA:81,0
DA:82,0
DA:83,0
DA:84,0
DA:85,0
DA:86,0
DA:105,0
DA:106,0
DA:107,0
DA:108,0
DA:109,0
DA:110,0
DA:111,0
DA:112,0
DA:116,0
DA:117,0
DA:118,0
DA:119,0
DA:120,0
DA:124,0
DA:125,0
DA:126,0
DA:127,0
DA:128,0
DA:132,0
DA:133,0
DA:134,0
DA:135,0
DA:136,0
DA:137,0
DA:138,0
DA:139,0
DA:144,0
DA:145,0
DA:146,0
DA:147,0
DA:148,0
DA:149,0
DA:151,0
DA:152,0
DA:154,0
DA:155,0
DA:156,0
DA:157,0
DA:158,0
DA:161,0
DA:162,0
DA:163,0
DA:164,0
DA:165,0
DA:166,0
DA:167,0
DA:168,0
DA:169,0
DA:170,0
DA:171,0
DA:173,0
DA:175,0
DA:176,0
DA:177,0
DA:178,0
DA:179,0
DA:180,0
DA:181,0
DA:182,0
DA:183,0
DA:184,0
DA:187,0
DA:190,0
DA:191,0
DA:193,0
DA:194,0
DA:197,0
DA:198,0
DA:199,0
DA:200,0
DA:201,0
DA:202,0
DA:203,0
DA:204,0
DA:205,0
DA:207,0
DA:209,0
DA:210,0
DA:211,0
DA:212,0
DA:213,0
DA:216,0
DA:217,0
DA:218,0
DA:219,0
DA:220,0
DA:221,0
DA:223,0
DA:225,0
DA:226,0
DA:227,0
DA:229,0
DA:230,0
DA:234,0
DA:235,0
DA:236,0
DA:237,0
DA:238,0
DA:239,0
DA:240,0
DA:241,0
DA:242,0
DA:243,0
DA:244,0
DA:245,0
DA:246,0
DA:247,0
DA:248,0
DA:249,0
DA:250,0
DA:251,0
DA:252,0
DA:253,0
DA:255,0
DA:257,0
DA:258,0
BRF:0
BRH:0
LF:141
LH:0
end_of_record
SF:/bin/src/event_db/cardano/cip36_registration/mod.rs
FN:64,_RNvMNtNtNtCs8hpUmWBMOQ5_11cat_gateway8event_db7cardano18cip36_registrationNtB2_30IndexedVoterRegistrationParams15from_block_data
FN:74,_RNCNvMNtNtNtCs8hpUmWBMOQ5_11cat_gateway8event_db7cardano18cip36_registrationNtB4_30IndexedVoterRegistrationParams15from_block_data0Ba_
FN:103,_RNCNCNvMNtNtNtCs8hpUmWBMOQ5_11cat_gateway8event_db7cardano18cip36_registrationNtB6_30IndexedVoterRegistrationParams15from_block_data00Bc_
FN:137,_RNvMs_NtNtNtCs8hpUmWBMOQ5_11cat_gateway8event_db7cardano18cip36_registrationNtB8_7EventDB34index_many_voter_registration_data
FN:139,_RNCNvMs_NtNtNtCs8hpUmWBMOQ5_11cat_gateway8event_db7cardano18cip36_registrationNtBa_7EventDB34index_many_voter_registration_data0Bc_
FN:199,_RNvMs_NtNtNtCs8hpUmWBMOQ5_11cat_gateway8event_db7cardano18cip36_registrationNtB8_7EventDB21get_registration_info
FN:201,_RNCNvMs_NtNtNtCs8hpUmWBMOQ5_11cat_gateway8event_db7cardano18cip36_registrationNtBa_7EventDB21get_registration_info0Bc_
FN:217,_RNCNCNvMs_NtNtNtCs8hpUmWBMOQ5_11cat_gateway8event_db7cardano18cip36_registrationNtBc_7EventDB21get_registration_info00Be_
FN:219,_RNCNCNvMs_NtNtNtCs8hpUmWBMOQ5_11cat_gateway8event_db7cardano18cip36_registrationNtBc_7EventDB21get_registration_info0s_0Be_
FNDA:0,_RNvMNtNtNtCs8hpUmWBMOQ5_11cat_gateway8event_db7cardano18cip36_registrationNtB2_30IndexedVoterRegistrationParams15from_block_data
FNDA:0,_RNCNvMNtNtNtCs8hpUmWBMOQ5_11cat_gateway8event_db7cardano18cip36_registrationNtB4_30IndexedVoterRegistrationParams15from_block_data0Ba_
FNDA:0,_RNCNCNvMNtNtNtCs8hpUmWBMOQ5_11cat_gateway8event_db7cardano18cip36_registrationNtB6_30IndexedVoterRegistrationParams15from_block_data00Bc_
FNDA:0,_RNvMs_NtNtNtCs8hpUmWBMOQ5_11cat_gateway8event_db7cardano18cip36_registrationNtB8_7EventDB34index_many_voter_registration_data
FNDA:0,_RNCNvMs_NtNtNtCs8hpUmWBMOQ5_11cat_gateway8event_db7cardano18cip36_registrationNtBa_7EventDB34index_many_voter_registration_data0Bc_
FNDA:0,_RNvMs_NtNtNtCs8hpUmWBMOQ5_11cat_gateway8event_db7cardano18cip36_registrationNtB8_7EventDB21get_registration_info
FNDA:0,_RNCNvMs_NtNtNtCs8hpUmWBMOQ5_11cat_gateway8event_db7cardano18cip36_registrationNtBa_7EventDB21get_registration_info0Bc_
FNDA:0,_RNCNCNvMs_NtNtNtCs8hpUmWBMOQ5_11cat_gateway8event_db7cardano18cip36_registrationNtBc_7EventDB21get_registration_info00Be_
FNDA:0,_RNCNCNvMs_NtNtNtCs8hpUmWBMOQ5_11cat_gateway8event_db7cardano18cip36_registrationNtBc_7EventDB21get_registration_info0s_0Be_
FNF:9
FNH:0
DA:64,0
DA:65,0
DA:66,0
DA:67,0
DA:68,0
DA:69,0
DA:70,0
DA:71,0
DA:72,0
DA:73,0
DA:74,0
DA:75,0
DA:76,0
DA:77,0
DA:79,0
DA:80,0
DA:82,0
DA:83,0
DA:84,0
DA:85,0
DA:86,0
DA:87,0
DA:88,0
DA:89,0
DA:91,0
DA:93,0
DA:94,0
DA:95,0
DA:98,0
DA:100,0
DA:103,0
DA:104,0
DA:105,0
DA:107,0
DA:109,0
DA:111,0
DA:112,0
DA:113,0
DA:114,0
DA:115,0
DA:116,0
DA:118,0
DA:119,0
DA:120,0
DA:121,0
DA:122,0
DA:123,0
DA:124,0
DA:125,0
DA:126,0
DA:127,0
DA:128,0
DA:129,0
DA:130,0
DA:131,0
DA:132,0
DA:137,0
DA:138,0
DA:139,0
DA:140,0
DA:141,0
DA:142,0
DA:144,0
DA:145,0
DA:147,0
DA:148,0
DA:149,0
DA:150,0
DA:151,0
DA:154,0
DA:155,0
DA:156,0
DA:157,0
DA:158,0
DA:159,0
DA:160,0
DA:161,0
DA:162,0
DA:163,0
DA:164,0
DA:165,0
DA:166,0
DA:167,0
DA:169,0
DA:171,0
DA:172,0
DA:173,0
DA:174,0
DA:175,0
DA:176,0
DA:177,0
DA:178,0
DA:179,0
DA:180,0
DA:181,0
DA:182,0
DA:183,0
DA:186,0
DA:189,0
DA:190,0
DA:191,0
DA:192,0
DA:193,0
DA:195,0
DA:196,0
DA:199,0
DA:200,0
DA:201,0
DA:202,0
DA:203,0
DA:204,0
DA:205,0
DA:206,0
DA:207,0
DA:208,0
DA:210,0
DA:212,0
DA:213,0
DA:214,0
DA:215,0
DA:216,0
DA:217,0
DA:219,0
DA:221,0
DA:222,0
BRF:0
BRH:0
LF:133
LH:0
end_of_record
SF:/bin/src/event_db/cardano/config/mod.rs
FN:23,_RNvMNtNtNtCs8hpUmWBMOQ5_11cat_gateway8event_db7cardano6configNtB2_8ConfigId6as_str
FN:43,_RNvXNvXNvNtNtNtCs8hpUmWBMOQ5_11cat_gateway8event_db7cardano6configs_1__NtB7_21MithrilSnapshotConfigNtNtCsiOvhtfnWLLB_5serde2de11Deserialize11deserializeNtB2_14___FieldVisitorNtB1B_7Visitor9expecting
FN:43,_RINvXNvXNvNtNtNtCs8hpUmWBMOQ5_11cat_gateway8event_db7cardano6configs_1__NtB8_21MithrilSnapshotConfigNtNtCsiOvhtfnWLLB_5serde2de11Deserialize11deserializeNtB3_14___FieldVisitorNtB1C_7Visitor9visit_u64pEBe_
FN:43,_RINvXNvXNvNtNtNtCs8hpUmWBMOQ5_11cat_gateway8event_db7cardano6configs_1__NtB8_21MithrilSnapshotConfigNtNtCsiOvhtfnWLLB_5serde2de11Deserialize11deserializeNtB3_14___FieldVisitorNtB1C_7Visitor9visit_strpEBe_
FN:43,_RINvXNvXNvNtNtNtCs8hpUmWBMOQ5_11cat_gateway8event_db7cardano6configs_1__NtB8_21MithrilSnapshotConfigNtNtCsiOvhtfnWLLB_5serde2de11Deserialize11deserializeNtB3_14___FieldVisitorNtB1C_7Visitor11visit_bytespEBe_
FN:43,_RINvXs_NvXNvNtNtNtCs8hpUmWBMOQ5_11cat_gateway8event_db7cardano6configs_1__NtBa_21MithrilSnapshotConfigNtNtCsiOvhtfnWLLB_5serde2de11Deserialize11deserializeNtB5_7___FieldB1C_11deserializepEBg_
FN:43,_RNvXs0_NvXNvNtNtNtCs8hpUmWBMOQ5_11cat_gateway8event_db7cardano6configs_1__NtBa_21MithrilSnapshotConfigNtNtCsiOvhtfnWLLB_5serde2de11Deserialize11deserializeNtB5_9___VisitorNtB1E_7Visitor9expecting
FN:43,_RINvXs0_NvXNvNtNtNtCs8hpUmWBMOQ5_11cat_gateway8event_db7cardano6configs_1__NtBb_21MithrilSnapshotConfigNtNtCsiOvhtfnWLLB_5serde2de11Deserialize11deserializeNtB6_9___VisitorNtB1F_7Visitor9visit_seqpEBh_
FN:43,_RINvXs0_NvXNvNtNtNtCs8hpUmWBMOQ5_11cat_gateway8event_db7cardano6configs_1__NtBb_21MithrilSnapshotConfigNtNtCsiOvhtfnWLLB_5serde2de11Deserialize11deserializeNtB6_9___VisitorNtB1F_7Visitor9visit_mappEBh_
FN:57,_RNvMs_NtNtNtCs8hpUmWBMOQ5_11cat_gateway8event_db7cardano6configNtB8_7EventDB19get_follower_config
FN:57,_RNCNvMs_NtNtNtCs8hpUmWBMOQ5_11cat_gateway8event_db7cardano6configNtBa_7EventDB19get_follower_config0Bc_
FNDA:0,_RNvMNtNtNtCs8hpUmWBMOQ5_11cat_gateway8event_db7cardano6configNtB2_8ConfigId6as_str
FNDA:0,_RNvXNvXNvNtNtNtCs8hpUmWBMOQ5_11cat_gateway8event_db7cardano6configs_1__NtB7_21MithrilSnapshotConfigNtNtCsiOvhtfnWLLB_5serde2de11Deserialize11deserializeNtB2_14___FieldVisitorNtB1B_7Visitor9expecting
FNDA:0,_RINvXNvXNvNtNtNtCs8hpUmWBMOQ5_11cat_gateway8event_db7cardano6configs_1__NtB8_21MithrilSnapshotConfigNtNtCsiOvhtfnWLLB_5serde2de11Deserialize11deserializeNtB3_14___FieldVisitorNtB1C_7Visitor9visit_u64pEBe_
FNDA:0,_RINvXNvXNvNtNtNtCs8hpUmWBMOQ5_11cat_gateway8event_db7cardano6configs_1__NtB8_21MithrilSnapshotConfigNtNtCsiOvhtfnWLLB_5serde2de11Deserialize11deserializeNtB3_14___FieldVisitorNtB1C_7Visitor9visit_strpEBe_
FNDA:0,_RINvXNvXNvNtNtNtCs8hpUmWBMOQ5_11cat_gateway8event_db7cardano6configs_1__NtB8_21MithrilSnapshotConfigNtNtCsiOvhtfnWLLB_5serde2de11Deserialize11deserializeNtB3_14___FieldVisitorNtB1C_7Visitor11visit_bytespEBe_
FNDA:0,_RINvXs_NvXNvNtNtNtCs8hpUmWBMOQ5_11cat_gateway8event_db7cardano6configs_1__NtBa_21MithrilSnapshotConfigNtNtCsiOvhtfnWLLB_5serde2de11Deserialize11deserializeNtB5_7___FieldB1C_11deserializepEBg_
FNDA:0,_RNvXs0_NvXNvNtNtNtCs8hpUmWBMOQ5_11cat_gateway8event_db7cardano6configs_1__NtBa_21MithrilSnapshotConfigNtNtCsiOvhtfnWLLB_5serde2de11Deserialize11deserializeNtB5_9___VisitorNtB1E_7Visitor9expecting
FNDA:0,_RINvXs0_NvXNvNtNtNtCs8hpUmWBMOQ5_11cat_gateway8event_db7cardano6configs_1__NtBb_21MithrilSnapshotConfigNtNtCsiOvhtfnWLLB_5serde2de11Deserialize11deserializeNtB6_9___VisitorNtB1F_7Visitor9visit_seqpEBh_
FNDA:0,_RINvXs0_NvXNvNtNtNtCs8hpUmWBMOQ5_11cat_gateway8event_db7cardano6configs_1__NtBb_21MithrilSnapshotConfigNtNtCsiOvhtfnWLLB_5serde2de11Deserialize11deserializeNtB6_9___VisitorNtB1F_7Visitor9visit_mappEBh_
FNDA:0,_RNvMs_NtNtNtCs8hpUmWBMOQ5_11cat_gateway8event_db7cardano6configNtB8_7EventDB19get_follower_config
FNDA:0,_RNCNvMs_NtNtNtCs8hpUmWBMOQ5_11cat_gateway8event_db7cardano6configNtBa_7EventDB19get_follower_config0Bc_
FNF:4
FNH:0
DA:23,0
DA:24,0
DA:25,0
DA:26,0
DA:27,0
DA:29,0
DA:43,0
DA:57,0
DA:58,0
DA:59,0
DA:61,0
DA:63,0
DA:64,0
DA:65,0
DA:66,0
DA:68,0
DA:69,0
DA:70,0
DA:71,0
DA:72,0
DA:73,0
DA:74,0
DA:75,0
DA:76,0
DA:77,0
DA:79,0
DA:80,0
DA:81,0
DA:82,0
DA:83,0
DA:84,0
DA:85,0
DA:86,0
DA:87,0
DA:89,0
DA:90,0
DA:91,0
DA:92,0
DA:93,0
DA:96,0
DA:97,0
DA:99,0
DA:101,0
BRF:0
BRH:0
LF:44
LH:0
end_of_record
SF:/bin/src/event_db/cardano/utxo/mod.rs
FN:46,_RNvMNtNtNtCs8hpUmWBMOQ5_11cat_gateway8event_db7cardano4utxoNtB2_22IndexedTxnOutputParams13from_txn_data
FN:50,_RNCNvMNtNtNtCs8hpUmWBMOQ5_11cat_gateway8event_db7cardano4utxoNtB4_22IndexedTxnOutputParams13from_txn_data0Ba_
FN:69,_RNCNCNvMNtNtNtCs8hpUmWBMOQ5_11cat_gateway8event_db7cardano4utxoNtB6_22IndexedTxnOutputParams13from_txn_data00Bc_
FN:103,_RNvMs_NtNtNtCs8hpUmWBMOQ5_11cat_gateway8event_db7cardano4utxoNtB4_21IndexedTxnInputParams13from_txn_data
FN:106,_RNCNvMs_NtNtNtCs8hpUmWBMOQ5_11cat_gateway8event_db7cardano4utxoNtB6_21IndexedTxnInputParams13from_txn_data0Bc_
FN:127,_RNvMs0_NtNtNtCs8hpUmWBMOQ5_11cat_gateway8event_db7cardano4utxoNtB9_7EventDB26index_many_txn_output_data
FN:129,_RNCNvMs0_NtNtNtCs8hpUmWBMOQ5_11cat_gateway8event_db7cardano4utxoNtBb_7EventDB26index_many_txn_output_data0Bd_
FN:180,_RNvMs0_NtNtNtCs8hpUmWBMOQ5_11cat_gateway8event_db7cardano4utxoNtB9_7EventDB25index_many_txn_input_data
FN:182,_RNCNvMs0_NtNtNtCs8hpUmWBMOQ5_11cat_gateway8event_db7cardano4utxoNtBb_7EventDB25index_many_txn_input_data0Bd_
FN:227,_RNvMs0_NtNtNtCs8hpUmWBMOQ5_11cat_gateway8event_db7cardano4utxoNtB9_7EventDB19index_many_txn_data
FN:229,_RNCNvMs0_NtNtNtCs8hpUmWBMOQ5_11cat_gateway8event_db7cardano4utxoNtBb_7EventDB19index_many_txn_data0Bd_
FN:272,_RNvMs0_NtNtNtCs8hpUmWBMOQ5_11cat_gateway8event_db7cardano4utxoNtB9_7EventDB17total_utxo_amount
FN:274,_RNCNvMs0_NtNtNtCs8hpUmWBMOQ5_11cat_gateway8event_db7cardano4utxoNtBb_7EventDB17total_utxo_amount0Bd_
FNDA:0,_RNvMNtNtNtCs8hpUmWBMOQ5_11cat_gateway8event_db7cardano4utxoNtB2_22IndexedTxnOutputParams13from_txn_data
FNDA:0,_RNCNvMNtNtNtCs8hpUmWBMOQ5_11cat_gateway8event_db7cardano4utxoNtB4_22IndexedTxnOutputParams13from_txn_data0Ba_
FNDA:0,_RNCNCNvMNtNtNtCs8hpUmWBMOQ5_11cat_gateway8event_db7cardano4utxoNtB6_22IndexedTxnOutputParams13from_txn_data00Bc_
FNDA:0,_RNvMs_NtNtNtCs8hpUmWBMOQ5_11cat_gateway8event_db7cardano4utxoNtB4_21IndexedTxnInputParams13from_txn_data
FNDA:0,_RNCNvMs_NtNtNtCs8hpUmWBMOQ5_11cat_gateway8event_db7cardano4utxoNtB6_21IndexedTxnInputParams13from_txn_data0Bc_
FNDA:0,_RNvMs0_NtNtNtCs8hpUmWBMOQ5_11cat_gateway8event_db7cardano4utxoNtB9_7EventDB26index_many_txn_output_data
FNDA:0,_RNCNvMs0_NtNtNtCs8hpUmWBMOQ5_11cat_gateway8event_db7cardano4utxoNtBb_7EventDB26index_many_txn_output_data0Bd_
FNDA:0,_RNvMs0_NtNtNtCs8hpUmWBMOQ5_11cat_gateway8event_db7cardano4utxoNtB9_7EventDB25index_many_txn_input_data
FNDA:0,_RNCNvMs0_NtNtNtCs8hpUmWBMOQ5_11cat_gateway8event_db7cardano4utxoNtBb_7EventDB25index_many_txn_input_data0Bd_
FNDA:0,_RNvMs0_NtNtNtCs8hpUmWBMOQ5_11cat_gateway8event_db7cardano4utxoNtB9_7EventDB19index_many_txn_data
FNDA:0,_RNCNvMs0_NtNtNtCs8hpUmWBMOQ5_11cat_gateway8event_db7cardano4utxoNtBb_7EventDB19index_many_txn_data0Bd_
FNDA:0,_RNvMs0_NtNtNtCs8hpUmWBMOQ5_11cat_gateway8event_db7cardano4utxoNtB9_7EventDB17total_utxo_amount
FNDA:0,_RNCNvMs0_NtNtNtCs8hpUmWBMOQ5_11cat_gateway8event_db7cardano4utxoNtBb_7EventDB17total_utxo_amount0Bd_
FNF:13
FNH:0
DA:46,0
DA:47,0
DA:48,0
DA:49,0
DA:50,0
DA:51,0
DA:52,0
DA:53,0
DA:54,0
DA:55,0
DA:56,0
DA:60,0
DA:61,0
DA:62,0
DA:63,0
DA:64,0
DA:65,0
DA:66,0
DA:69,0
DA:71,0
DA:72,0
DA:73,0
DA:74,0
DA:75,0
DA:79,0
DA:80,0
DA:81,0
DA:82,0
DA:83,0
DA:84,0
DA:85,0
DA:86,0
DA:87,0
DA:88,0
DA:103,0
DA:104,0
DA:105,0
DA:106,0
DA:107,0
DA:108,0
DA:109,0
DA:110,0
DA:111,0
DA:115,0
DA:116,0
DA:117,0
DA:118,0
DA:119,0
DA:120,0
DA:121,0
DA:122,0
DA:127,0
DA:128,0
DA:129,0
DA:130,0
DA:131,0
DA:132,0
DA:134,0
DA:135,0
DA:137,0
DA:138,0
DA:139,0
DA:140,0
DA:141,0
DA:144,0
DA:145,0
DA:146,0
DA:147,0
DA:148,0
DA:149,0
DA:150,0
DA:151,0
DA:152,0
DA:153,0
DA:154,0
DA:156,0
DA:158,0
DA:159,0
DA:160,0
DA:161,0
DA:162,0
DA:163,0
DA:164,0
DA:165,0
DA:166,0
DA:167,0
DA:170,0
DA:173,0
DA:174,0
DA:176,0
DA:177,0
DA:180,0
DA:181,0
DA:182,0
DA:183,0
DA:184,0
DA:185,0
DA:187,0
DA:188,0
DA:190,0
DA:191,0
DA:192,0
DA:193,0
DA:194,0
DA:197,0
DA:198,0
DA:199,0
DA:200,0
DA:201,0
DA:202,0
DA:203,0
DA:205,0
DA:207,0
DA:208,0
DA:209,0
DA:210,0
DA:211,0
DA:212,0
DA:213,0
DA:214,0
DA:217,0
DA:220,0
DA:221,0
DA:223,0
DA:224,0
DA:227,0
DA:228,0
DA:229,0
DA:230,0
DA:231,0
DA:232,0
DA:234,0
DA:235,0
DA:237,0
DA:238,0
DA:239,0
DA:240,0
DA:241,0
DA:244,0
DA:245,0
DA:246,0
DA:247,0
DA:248,0
DA:250,0
DA:252,0
DA:253,0
DA:254,0
DA:255,0
DA:256,0
DA:257,0
DA:258,0
DA:259,0
DA:262,0
DA:265,0
DA:266,0
DA:268,0
DA:269,0
DA:272,0
DA:273,0
DA:274,0
DA:275,0
DA:276,0
DA:277,0
DA:278,0
DA:279,0
DA:280,0
DA:281,0
DA:286,0
DA:287,0
DA:289,0
DA:291,0
DA:293,0
BRF:0
BRH:0
LF:181
LH:0
end_of_record
SF:/bin/src/event_db/error.rs
FN:4,_RNvXs_NtNtCs8hpUmWBMOQ5_11cat_gateway8event_db5errorNtB4_13NotFoundErrorNtNtCsiPLjDyrGw9n_4core3fmt7Display3fmt
FNDA:0,_RNvXs_NtNtCs8hpUmWBMOQ5_11cat_gateway8event_db5errorNtB4_13NotFoundErrorNtNtCsiPLjDyrGw9n_4core3fmt7Display3fmt
FNF:1
FNH:0
DA:4,0
BRF:0
BRH:0
LF:1
LH:0
end_of_record
SF:/bin/src/event_db/legacy/queries/event/ballot.rs
FN:53,_RNvMs_NtNtNtNtNtCs8hpUmWBMOQ5_11cat_gateway8event_db6legacy7queries5event6ballotNtBc_7EventDB10get_ballot
FN:55,_RNCNvMs_NtNtNtNtNtCs8hpUmWBMOQ5_11cat_gateway8event_db6legacy7queries5event6ballotNtBe_7EventDB10get_ballot0Bg_
FN:94,_RNvMs_NtNtNtNtNtCs8hpUmWBMOQ5_11cat_gateway8event_db6legacy7queries5event6ballotNtBc_7EventDB21get_objective_ballots
FN:96,_RNCNvMs_NtNtNtNtNtCs8hpUmWBMOQ5_11cat_gateway8event_db6legacy7queries5event6ballotNtBe_7EventDB21get_objective_ballots0Bg_
FN:142,_RNvMs_NtNtNtNtNtCs8hpUmWBMOQ5_11cat_gateway8event_db6legacy7queries5event6ballotNtBc_7EventDB17get_event_ballots
FN:144,_RNCNvMs_NtNtNtNtNtCs8hpUmWBMOQ5_11cat_gateway8event_db6legacy7queries5event6ballotNtBe_7EventDB17get_event_ballots0Bg_
FN:182,_RNCNCNvMs_NtNtNtNtNtCs8hpUmWBMOQ5_11cat_gateway8event_db6legacy7queries5event6ballotNtBg_7EventDB17get_event_ballots00Bi_
FN:183,_RNCNCNvMs_NtNtNtNtNtCs8hpUmWBMOQ5_11cat_gateway8event_db6legacy7queries5event6ballotNtBg_7EventDB17get_event_ballots0s_0Bi_
FN:188,_RNCNCNvMs_NtNtNtNtNtCs8hpUmWBMOQ5_11cat_gateway8event_db6legacy7queries5event6ballotNtBg_7EventDB17get_event_ballots0s0_0Bi_
FNDA:0,_RNvMs_NtNtNtNtNtCs8hpUmWBMOQ5_11cat_gateway8event_db6legacy7queries5event6ballotNtBc_7EventDB10get_ballot
FNDA:0,_RNCNvMs_NtNtNtNtNtCs8hpUmWBMOQ5_11cat_gateway8event_db6legacy7queries5event6ballotNtBe_7EventDB10get_ballot0Bg_
FNDA:0,_RNvMs_NtNtNtNtNtCs8hpUmWBMOQ5_11cat_gateway8event_db6legacy7queries5event6ballotNtBc_7EventDB21get_objective_ballots
FNDA:0,_RNCNvMs_NtNtNtNtNtCs8hpUmWBMOQ5_11cat_gateway8event_db6legacy7queries5event6ballotNtBe_7EventDB21get_objective_ballots0Bg_
FNDA:0,_RNvMs_NtNtNtNtNtCs8hpUmWBMOQ5_11cat_gateway8event_db6legacy7queries5event6ballotNtBc_7EventDB17get_event_ballots
FNDA:0,_RNCNvMs_NtNtNtNtNtCs8hpUmWBMOQ5_11cat_gateway8event_db6legacy7queries5event6ballotNtBe_7EventDB17get_event_ballots0Bg_
FNDA:0,_RNCNCNvMs_NtNtNtNtNtCs8hpUmWBMOQ5_11cat_gateway8event_db6legacy7queries5event6ballotNtBg_7EventDB17get_event_ballots00Bi_
FNDA:0,_RNCNCNvMs_NtNtNtNtNtCs8hpUmWBMOQ5_11cat_gateway8event_db6legacy7queries5event6ballotNtBg_7EventDB17get_event_ballots0s_0Bi_
FNDA:0,_RNCNCNvMs_NtNtNtNtNtCs8hpUmWBMOQ5_11cat_gateway8event_db6legacy7queries5event6ballotNtBg_7EventDB17get_event_ballots0s0_0Bi_
FNF:9
FNH:0
DA:53,0
DA:54,0
DA:55,0
DA:56,0
DA:57,0
DA:58,0
DA:59,0
DA:60,0
DA:61,0
DA:62,0
DA:63,0
DA:64,0
DA:66,0
DA:67,0
DA:68,0
DA:69,0
DA:70,0
DA:71,0
DA:72,0
DA:73,0
DA:74,0
DA:75,0
DA:76,0
DA:77,0
DA:78,0
DA:79,0
DA:80,0
DA:81,0
DA:82,0
DA:86,0
DA:87,0
DA:88,0
DA:89,0
DA:90,0
DA:94,0
DA:95,0
DA:96,0
DA:97,0
DA:98,0
DA:99,0
DA:100,0
DA:101,0
DA:102,0
DA:104,0
DA:105,0
DA:106,0
DA:107,0
DA:109,0
DA:110,0
DA:111,0
DA:112,0
DA:113,0
DA:114,0
DA:115,0
DA:116,0
DA:117,0
DA:118,0
DA:119,0
DA:120,0
DA:121,0
DA:122,0
DA:123,0
DA:124,0
DA:125,0
DA:129,0
DA:130,0
DA:131,0
DA:132,0
DA:133,0
DA:134,0
DA:135,0
DA:137,0
DA:138,0
DA:142,0
DA:143,0
DA:144,0
DA:145,0
DA:146,0
DA:147,0
DA:148,0
DA:149,0
DA:150,0
DA:151,0
DA:152,0
DA:154,0
DA:155,0
DA:156,0
DA:157,0
DA:158,0
DA:159,0
DA:160,0
DA:161,0
DA:162,0
DA:163,0
DA:164,0
DA:165,0
DA:166,0
DA:167,0
DA:168,0
DA:169,0
DA:170,0
DA:173,0
DA:174,0
DA:175,0
DA:176,0
DA:177,0
DA:178,0
DA:179,0
DA:180,0
DA:181,0
DA:182,0
DA:183,0
DA:186,0
DA:187,0
DA:188,0
DA:189,0
DA:190,0
DA:191,0
DA:192,0
DA:193,0
DA:194,0
DA:195,0
BRF:0
BRH:0
LF:129
LH:0
end_of_record
SF:/bin/src/event_db/legacy/queries/event/mod.rs
FN:45,_RNvMs_NtNtNtNtCs8hpUmWBMOQ5_11cat_gateway8event_db6legacy7queries5eventNtBa_7EventDB10get_events
FN:47,_RNCNvMs_NtNtNtNtCs8hpUmWBMOQ5_11cat_gateway8event_db6legacy7queries5eventNtBc_7EventDB10get_events0Be_
FN:56,_RNCNCNvMs_NtNtNtNtCs8hpUmWBMOQ5_11cat_gateway8event_db6legacy7queries5eventNtBe_7EventDB10get_events00Bg_
FN:57,_RNCNCNvMs_NtNtNtNtCs8hpUmWBMOQ5_11cat_gateway8event_db6legacy7queries5eventNtBe_7EventDB10get_events0s_0Bg_
FN:63,_RNCNCNvMs_NtNtNtNtCs8hpUmWBMOQ5_11cat_gateway8event_db6legacy7queries5eventNtBe_7EventDB10get_events0s0_0Bg_
FN:66,_RNCNCNvMs_NtNtNtNtCs8hpUmWBMOQ5_11cat_gateway8event_db6legacy7queries5eventNtBe_7EventDB10get_events0s1_0Bg_
FN:77,_RNvMs_NtNtNtNtCs8hpUmWBMOQ5_11cat_gateway8event_db6legacy7queries5eventNtBa_7EventDB9get_event
FN:77,_RNCNvMs_NtNtNtNtCs8hpUmWBMOQ5_11cat_gateway8event_db6legacy7queries5eventNtBc_7EventDB9get_event0Be_
FN:83,_RNCNCNvMs_NtNtNtNtCs8hpUmWBMOQ5_11cat_gateway8event_db6legacy7queries5eventNtBe_7EventDB9get_event00Bg_
FN:84,_RNCNCNvMs_NtNtNtNtCs8hpUmWBMOQ5_11cat_gateway8event_db6legacy7queries5eventNtBe_7EventDB9get_event0s_0Bg_
FN:96,_RNCNCNvMs_NtNtNtNtCs8hpUmWBMOQ5_11cat_gateway8event_db6legacy7queries5eventNtBe_7EventDB9get_event0s0_0Bg_
FN:99,_RNCNCNvMs_NtNtNtNtCs8hpUmWBMOQ5_11cat_gateway8event_db6legacy7queries5eventNtBe_7EventDB9get_event0s1_0Bg_
FN:105,_RNCNCNvMs_NtNtNtNtCs8hpUmWBMOQ5_11cat_gateway8event_db6legacy7queries5eventNtBe_7EventDB9get_event0s2_0Bg_
FN:108,_RNCNCNvMs_NtNtNtNtCs8hpUmWBMOQ5_11cat_gateway8event_db6legacy7queries5eventNtBe_7EventDB9get_event0s3_0Bg_
FN:111,_RNCNCNvMs_NtNtNtNtCs8hpUmWBMOQ5_11cat_gateway8event_db6legacy7queries5eventNtBe_7EventDB9get_event0s4_0Bg_
FN:114,_RNCNCNvMs_NtNtNtNtCs8hpUmWBMOQ5_11cat_gateway8event_db6legacy7queries5eventNtBe_7EventDB9get_event0s5_0Bg_
FN:117,_RNCNCNvMs_NtNtNtNtCs8hpUmWBMOQ5_11cat_gateway8event_db6legacy7queries5eventNtBe_7EventDB9get_event0s6_0Bg_
FN:120,_RNCNCNvMs_NtNtNtNtCs8hpUmWBMOQ5_11cat_gateway8event_db6legacy7queries5eventNtBe_7EventDB9get_event0s7_0Bg_
FN:123,_RNCNCNvMs_NtNtNtNtCs8hpUmWBMOQ5_11cat_gateway8event_db6legacy7queries5eventNtBe_7EventDB9get_event0s8_0Bg_
FN:126,_RNCNCNvMs_NtNtNtNtCs8hpUmWBMOQ5_11cat_gateway8event_db6legacy7queries5eventNtBe_7EventDB9get_event0s9_0Bg_
FN:129,_RNCNCNvMs_NtNtNtNtCs8hpUmWBMOQ5_11cat_gateway8event_db6legacy7queries5eventNtBe_7EventDB9get_event0sa_0Bg_
FN:147,_RNCNCNvMs_NtNtNtNtCs8hpUmWBMOQ5_11cat_gateway8event_db6legacy7queries5eventNtBe_7EventDB9get_event0sb_0Bg_
FN:150,_RNCNCNvMs_NtNtNtNtCs8hpUmWBMOQ5_11cat_gateway8event_db6legacy7queries5eventNtBe_7EventDB9get_event0sc_0Bg_
FNDA:0,_RNvMs_NtNtNtNtCs8hpUmWBMOQ5_11cat_gateway8event_db6legacy7queries5eventNtBa_7EventDB10get_events
FNDA:0,_RNCNvMs_NtNtNtNtCs8hpUmWBMOQ5_11cat_gateway8event_db6legacy7queries5eventNtBc_7EventDB10get_events0Be_
FNDA:0,_RNCNCNvMs_NtNtNtNtCs8hpUmWBMOQ5_11cat_gateway8event_db6legacy7queries5eventNtBe_7EventDB10get_events00Bg_
FNDA:0,_RNCNCNvMs_NtNtNtNtCs8hpUmWBMOQ5_11cat_gateway8event_db6legacy7queries5eventNtBe_7EventDB10get_events0s_0Bg_
FNDA:0,_RNCNCNvMs_NtNtNtNtCs8hpUmWBMOQ5_11cat_gateway8event_db6legacy7queries5eventNtBe_7EventDB10get_events0s0_0Bg_
FNDA:0,_RNCNCNvMs_NtNtNtNtCs8hpUmWBMOQ5_11cat_gateway8event_db6legacy7queries5eventNtBe_7EventDB10get_events0s1_0Bg_
FNDA:0,_RNvMs_NtNtNtNtCs8hpUmWBMOQ5_11cat_gateway8event_db6legacy7queries5eventNtBa_7EventDB9get_event
FNDA:0,_RNCNvMs_NtNtNtNtCs8hpUmWBMOQ5_11cat_gateway8event_db6legacy7queries5eventNtBc_7EventDB9get_event0Be_
FNDA:0,_RNCNCNvMs_NtNtNtNtCs8hpUmWBMOQ5_11cat_gateway8event_db6legacy7queries5eventNtBe_7EventDB9get_event00Bg_
FNDA:0,_RNCNCNvMs_NtNtNtNtCs8hpUmWBMOQ5_11cat_gateway8event_db6legacy7queries5eventNtBe_7EventDB9get_event0s_0Bg_
FNDA:0,_RNCNCNvMs_NtNtNtNtCs8hpUmWBMOQ5_11cat_gateway8event_db6legacy7queries5eventNtBe_7EventDB9get_event0s0_0Bg_
FNDA:0,_RNCNCNvMs_NtNtNtNtCs8hpUmWBMOQ5_11cat_gateway8event_db6legacy7queries5eventNtBe_7EventDB9get_event0s1_0Bg_
FNDA:0,_RNCNCNvMs_NtNtNtNtCs8hpUmWBMOQ5_11cat_gateway8event_db6legacy7queries5eventNtBe_7EventDB9get_event0s2_0Bg_
FNDA:0,_RNCNCNvMs_NtNtNtNtCs8hpUmWBMOQ5_11cat_gateway8event_db6legacy7queries5eventNtBe_7EventDB9get_event0s3_0Bg_
FNDA:0,_RNCNCNvMs_NtNtNtNtCs8hpUmWBMOQ5_11cat_gateway8event_db6legacy7queries5eventNtBe_7EventDB9get_event0s4_0Bg_
FNDA:0,_RNCNCNvMs_NtNtNtNtCs8hpUmWBMOQ5_11cat_gateway8event_db6legacy7queries5eventNtBe_7EventDB9get_event0s5_0Bg_
FNDA:0,_RNCNCNvMs_NtNtNtNtCs8hpUmWBMOQ5_11cat_gateway8event_db6legacy7queries5eventNtBe_7EventDB9get_event0s6_0Bg_
FNDA:0,_RNCNCNvMs_NtNtNtNtCs8hpUmWBMOQ5_11cat_gateway8event_db6legacy7queries5eventNtBe_7EventDB9get_event0s7_0Bg_
FNDA:0,_RNCNCNvMs_NtNtNtNtCs8hpUmWBMOQ5_11cat_gateway8event_db6legacy7queries5eventNtBe_7EventDB9get_event0s8_0Bg_
FNDA:0,_RNCNCNvMs_NtNtNtNtCs8hpUmWBMOQ5_11cat_gateway8event_db6legacy7queries5eventNtBe_7EventDB9get_event0s9_0Bg_
FNDA:0,_RNCNCNvMs_NtNtNtNtCs8hpUmWBMOQ5_11cat_gateway8event_db6legacy7queries5eventNtBe_7EventDB9get_event0sa_0Bg_
FNDA:0,_RNCNCNvMs_NtNtNtNtCs8hpUmWBMOQ5_11cat_gateway8event_db6legacy7queries5eventNtBe_7EventDB9get_event0sb_0Bg_
FNDA:0,_RNCNCNvMs_NtNtNtNtCs8hpUmWBMOQ5_11cat_gateway8event_db6legacy7queries5eventNtBe_7EventDB9get_event0sc_0Bg_
FNF:23
FNH:0
DA:45,0
DA:46,0
DA:47,0
DA:48,0
DA:49,0
DA:50,0
DA:52,0
DA:53,0
DA:54,0
DA:55,0
DA:56,0
DA:57,0
DA:58,0
DA:59,0
DA:60,0
DA:61,0
DA:62,0
DA:63,0
DA:64,0
DA:65,0
DA:66,0
DA:67,0
DA:68,0
DA:72,0
DA:73,0
DA:77,0
DA:78,0
DA:79,0
DA:81,0
DA:82,0
DA:83,0
DA:84,0
DA:86,0
DA:87,0
DA:88,0
DA:89,0
DA:92,0
DA:93,0
DA:94,0
DA:95,0
DA:96,0
DA:97,0
DA:98,0
DA:99,0
DA:102,0
DA:103,0
DA:104,0
DA:105,0
DA:106,0
DA:107,0
DA:108,0
DA:109,0
DA:110,0
DA:111,0
DA:112,0
DA:113,0
DA:114,0
DA:115,0
DA:116,0
DA:117,0
DA:118,0
DA:119,0
DA:120,0
DA:121,0
DA:122,0
DA:123,0
DA:124,0
DA:125,0
DA:126,0
DA:127,0
DA:128,0
DA:129,0
DA:132,0
DA:133,0
DA:134,0
DA:135,0
DA:136,0
DA:137,0
DA:143,0
DA:144,0
DA:145,0
DA:146,0
DA:147,0
DA:148,0
DA:149,0
DA:150,0
DA:151,0
DA:152,0
DA:153,0
DA:154,0
DA:155,0
DA:156,0
DA:157,0
DA:158,0
DA:159,0
DA:161,0
BRF:0
BRH:0
LF:117
LH:0
end_of_record
SF:/bin/src/event_db/legacy/queries/event/objective.rs
FN:33,_RNvMs_NtNtNtNtNtCs8hpUmWBMOQ5_11cat_gateway8event_db6legacy7queries5event9objectiveNtBc_7EventDB14get_objectives
FN:35,_RNCNvMs_NtNtNtNtNtCs8hpUmWBMOQ5_11cat_gateway8event_db6legacy7queries5event9objectiveNtBe_7EventDB14get_objectives0Bg_
FNDA:0,_RNvMs_NtNtNtNtNtCs8hpUmWBMOQ5_11cat_gateway8event_db6legacy7queries5event9objectiveNtBc_7EventDB14get_objectives
FNDA:0,_RNCNvMs_NtNtNtNtNtCs8hpUmWBMOQ5_11cat_gateway8event_db6legacy7queries5event9objectiveNtBe_7EventDB14get_objectives0Bg_
FNF:2
FNH:0
DA:33,0
DA:34,0
DA:35,0
DA:36,0
DA:37,0
DA:38,0
DA:39,0
DA:40,0
DA:41,0
DA:42,0
DA:44,0
DA:45,0
DA:46,0
DA:47,0
DA:48,0
DA:50,0
DA:51,0
DA:53,0
DA:54,0
DA:55,0
DA:57,0
DA:58,0
DA:59,0
DA:60,0
DA:61,0
DA:64,0
DA:65,0
DA:66,0
DA:67,0
DA:68,0
DA:69,0
DA:70,0
DA:71,0
DA:72,0
DA:73,0
DA:74,0
DA:75,0
DA:76,0
DA:80,0
DA:81,0
DA:82,0
DA:83,0
DA:85,0
DA:88,0
DA:89,0
BRF:0
BRH:0
LF:46
LH:0
end_of_record
SF:/bin/src/event_db/legacy/queries/event/proposal.rs
FN:33,_RNvMs_NtNtNtNtNtCs8hpUmWBMOQ5_11cat_gateway8event_db6legacy7queries5event8proposalNtBc_7EventDB12get_proposal
FN:35,_RNCNvMs_NtNtNtNtNtCs8hpUmWBMOQ5_11cat_gateway8event_db6legacy7queries5event8proposalNtBe_7EventDB12get_proposal0Bg_
FN:68,_RNvMs_NtNtNtNtNtCs8hpUmWBMOQ5_11cat_gateway8event_db6legacy7queries5event8proposalNtBc_7EventDB13get_proposals
FN:70,_RNCNvMs_NtNtNtNtNtCs8hpUmWBMOQ5_11cat_gateway8event_db6legacy7queries5event8proposalNtBe_7EventDB13get_proposals0Bg_
FNDA:0,_RNvMs_NtNtNtNtNtCs8hpUmWBMOQ5_11cat_gateway8event_db6legacy7queries5event8proposalNtBc_7EventDB12get_proposal
FNDA:0,_RNCNvMs_NtNtNtNtNtCs8hpUmWBMOQ5_11cat_gateway8event_db6legacy7queries5event8proposalNtBe_7EventDB12get_proposal0Bg_
FNDA:0,_RNvMs_NtNtNtNtNtCs8hpUmWBMOQ5_11cat_gateway8event_db6legacy7queries5event8proposalNtBc_7EventDB13get_proposals
FNDA:0,_RNCNvMs_NtNtNtNtNtCs8hpUmWBMOQ5_11cat_gateway8event_db6legacy7queries5event8proposalNtBe_7EventDB13get_proposals0Bg_
FNF:4
FNH:0
DA:33,0
DA:34,0
DA:35,0
DA:36,0
DA:37,0
DA:38,0
DA:39,0
DA:41,0
DA:42,0
DA:43,0
DA:44,0
DA:45,0
DA:48,0
DA:49,0
DA:50,0
DA:51,0
DA:52,0
DA:55,0
DA:56,0
DA:57,0
DA:58,0
DA:59,0
DA:60,0
DA:63,0
DA:64,0
DA:68,0
DA:69,0
DA:70,0
DA:71,0
DA:72,0
DA:73,0
DA:74,0
DA:75,0
DA:76,0
DA:77,0
DA:78,0
DA:80,0
DA:81,0
DA:82,0
DA:83,0
DA:84,0
DA:85,0
DA:86,0
DA:89,0
DA:92,0
DA:93,0
BRF:0
BRH:0
LF:48
LH:0
end_of_record
SF:/bin/src/event_db/legacy/queries/event/review.rs
FN:40,_RNvMs_NtNtNtNtNtCs8hpUmWBMOQ5_11cat_gateway8event_db6legacy7queries5event6reviewNtBc_7EventDB11get_reviews
FN:43,_RNCNvMs_NtNtNtNtNtCs8hpUmWBMOQ5_11cat_gateway8event_db6legacy7queries5event6reviewNtBe_7EventDB11get_reviews0Bg_
FN:79,_RNvMs_NtNtNtNtNtCs8hpUmWBMOQ5_11cat_gateway8event_db6legacy7queries5event6reviewNtBc_7EventDB16get_review_types
FN:81,_RNCNvMs_NtNtNtNtNtCs8hpUmWBMOQ5_11cat_gateway8event_db6legacy7queries5event6reviewNtBe_7EventDB16get_review_types0Bg_
FNDA:0,_RNvMs_NtNtNtNtNtCs8hpUmWBMOQ5_11cat_gateway8event_db6legacy7queries5event6reviewNtBc_7EventDB11get_reviews
FNDA:0,_RNCNvMs_NtNtNtNtNtCs8hpUmWBMOQ5_11cat_gateway8event_db6legacy7queries5event6reviewNtBe_7EventDB11get_reviews0Bg_
FNDA:0,_RNvMs_NtNtNtNtNtCs8hpUmWBMOQ5_11cat_gateway8event_db6legacy7queries5event6reviewNtBc_7EventDB16get_review_types
FNDA:0,_RNCNvMs_NtNtNtNtNtCs8hpUmWBMOQ5_11cat_gateway8event_db6legacy7queries5event6reviewNtBe_7EventDB16get_review_types0Bg_
FNF:4
FNH:0
DA:40,0
DA:41,0
DA:42,0
DA:43,0
DA:44,0
DA:45,0
DA:46,0
DA:47,0
DA:48,0
DA:49,0
DA:50,0
DA:51,0
DA:52,0
DA:54,0
DA:55,0
DA:56,0
DA:57,0
DA:59,0
DA:60,0
DA:61,0
DA:62,0
DA:63,0
DA:64,0
DA:65,0
DA:66,0
DA:67,0
DA:71,0
DA:74,0
DA:75,0
DA:79,0
DA:80,0
DA:81,0
DA:82,0
DA:83,0
DA:84,0
DA:85,0
DA:86,0
DA:87,0
DA:88,0
DA:89,0
DA:90,0
DA:91,0
DA:92,0
DA:93,0
DA:94,0
DA:95,0
DA:96,0
DA:97,0
DA:98,0
DA:99,0
DA:100,0
DA:101,0
DA:102,0
DA:103,0
DA:104,0
DA:108,0
DA:109,0
BRF:0
BRH:0
LF:59
LH:0
end_of_record
SF:/bin/src/event_db/legacy/queries/registration.rs
FN:76,_RNvMs_NtNtNtNtCs8hpUmWBMOQ5_11cat_gateway8event_db6legacy7queries12registrationNtBa_7EventDB9get_voter
FN:78,_RNCNvMs_NtNtNtNtCs8hpUmWBMOQ5_11cat_gateway8event_db6legacy7queries12registrationNtBc_7EventDB9get_voter0Be_
FN:163,_RNvMs_NtNtNtNtCs8hpUmWBMOQ5_11cat_gateway8event_db6legacy7queries12registrationNtBa_7EventDB13get_delegator
FN:165,_RNCNvMs_NtNtNtNtCs8hpUmWBMOQ5_11cat_gateway8event_db6legacy7queries12registrationNtBc_7EventDB13get_delegator0Be_
FN:218,_RNCNCNvMs_NtNtNtNtCs8hpUmWBMOQ5_11cat_gateway8event_db6legacy7queries12registrationNtBe_7EventDB13get_delegator00Bg_
FNDA:0,_RNvMs_NtNtNtNtCs8hpUmWBMOQ5_11cat_gateway8event_db6legacy7queries12registrationNtBa_7EventDB9get_voter
FNDA:0,_RNCNvMs_NtNtNtNtCs8hpUmWBMOQ5_11cat_gateway8event_db6legacy7queries12registrationNtBc_7EventDB9get_voter0Be_
FNDA:0,_RNvMs_NtNtNtNtCs8hpUmWBMOQ5_11cat_gateway8event_db6legacy7queries12registrationNtBa_7EventDB13get_delegator
FNDA:0,_RNCNvMs_NtNtNtNtCs8hpUmWBMOQ5_11cat_gateway8event_db6legacy7queries12registrationNtBc_7EventDB13get_delegator0Be_
FNDA:0,_RNCNCNvMs_NtNtNtNtCs8hpUmWBMOQ5_11cat_gateway8event_db6legacy7queries12registrationNtBe_7EventDB13get_delegator00Bg_
FNF:5
FNH:0
DA:76,0
DA:77,0
DA:78,0
DA:79,0
DA:80,0
DA:81,0
DA:83,0
DA:84,0
DA:86,0
DA:88,0
DA:89,0
DA:91,0
DA:92,0
DA:93,0
DA:94,0
DA:95,0
DA:96,0
DA:98,0
DA:99,0
DA:102,0
DA:103,0
DA:104,0
DA:105,0
DA:107,0
DA:108,0
DA:111,0
DA:112,0
DA:113,0
DA:114,0
DA:115,0
DA:116,0
DA:119,0
DA:120,0
DA:121,0
DA:122,0
DA:124,0
DA:125,0
DA:126,0
DA:128,0
DA:131,0
DA:132,0
DA:133,0
DA:135,0
DA:137,0
DA:142,0
DA:143,0
DA:144,0
DA:145,0
DA:146,0
DA:147,0
DA:148,0
DA:149,0
DA:150,0
DA:151,0
DA:152,0
DA:153,0
DA:154,0
DA:155,0
DA:156,0
DA:157,0
DA:159,0
DA:163,0
DA:164,0
DA:165,0
DA:166,0
DA:167,0
DA:168,0
DA:170,0
DA:171,0
DA:173,0
DA:175,0
DA:176,0
DA:177,0
DA:178,0
DA:179,0
DA:180,0
DA:182,0
DA:183,0
DA:184,0
DA:186,0
DA:188,0
DA:189,0
DA:190,0
DA:191,0
DA:192,0
DA:193,0
DA:194,0
DA:195,0
DA:196,0
DA:197,0
DA:198,0
DA:202,0
DA:203,0
DA:204,0
DA:206,0
DA:207,0
DA:209,0
DA:210,0
DA:211,0
DA:212,0
DA:215,0
DA:218,0
DA:219,0
DA:220,0
DA:221,0
DA:222,0
DA:223,0
DA:224,0
DA:225,0
DA:226,0
DA:227,0
DA:228,0
DA:229,0
DA:230,0
DA:232,0
BRF:0
BRH:0
LF:118
LH:0
end_of_record
SF:/bin/src/event_db/legacy/queries/search.rs
FN:34,_RNvMNtNtNtNtCs8hpUmWBMOQ5_11cat_gateway8event_db6legacy7queries6searchNtB8_7EventDB18build_where_clause
FN:59,_RNvMNtNtNtNtCs8hpUmWBMOQ5_11cat_gateway8event_db6legacy7queries6searchNtB8_7EventDB21build_order_by_clause
FN:78,_RNvMNtNtNtNtCs8hpUmWBMOQ5_11cat_gateway8event_db6legacy7queries6searchNtB8_7EventDB15construct_query
FN:93,_RNvMNtNtNtNtCs8hpUmWBMOQ5_11cat_gateway8event_db6legacy7queries6searchNtB8_7EventDB21construct_count_query
FN:107,_RNvMNtNtNtNtCs8hpUmWBMOQ5_11cat_gateway8event_db6legacy7queries6searchNtB8_7EventDB12search_total
FN:109,_RNCNvMNtNtNtNtCs8hpUmWBMOQ5_11cat_gateway8event_db6legacy7queries6searchNtBa_7EventDB12search_total0Bc_
FN:116,_RNCNCNvMNtNtNtNtCs8hpUmWBMOQ5_11cat_gateway8event_db6legacy7queries6searchNtBc_7EventDB12search_total00Be_
FN:126,_RNvMNtNtNtNtCs8hpUmWBMOQ5_11cat_gateway8event_db6legacy7queries6searchNtB8_7EventDB13search_events
FN:128,_RNCNvMNtNtNtNtCs8hpUmWBMOQ5_11cat_gateway8event_db6legacy7queries6searchNtBa_7EventDB13search_events0Bc_
FN:135,_RNCNCNvMNtNtNtNtCs8hpUmWBMOQ5_11cat_gateway8event_db6legacy7queries6searchNtBc_7EventDB13search_events00Be_
FN:141,_RNCNCNvMNtNtNtNtCs8hpUmWBMOQ5_11cat_gateway8event_db6legacy7queries6searchNtBc_7EventDB13search_events0s_0Be_
FN:142,_RNCNCNvMNtNtNtNtCs8hpUmWBMOQ5_11cat_gateway8event_db6legacy7queries6searchNtBc_7EventDB13search_events0s0_0Be_
FN:148,_RNCNCNvMNtNtNtNtCs8hpUmWBMOQ5_11cat_gateway8event_db6legacy7queries6searchNtBc_7EventDB13search_events0s1_0Be_
FN:151,_RNCNCNvMNtNtNtNtCs8hpUmWBMOQ5_11cat_gateway8event_db6legacy7queries6searchNtBc_7EventDB13search_events0s2_0Be_
FN:166,_RNvMNtNtNtNtCs8hpUmWBMOQ5_11cat_gateway8event_db6legacy7queries6searchNtB8_7EventDB17search_objectives
FN:168,_RNCNvMNtNtNtNtCs8hpUmWBMOQ5_11cat_gateway8event_db6legacy7queries6searchNtBa_7EventDB17search_objectives0Bc_
FN:175,_RNCNCNvMNtNtNtNtCs8hpUmWBMOQ5_11cat_gateway8event_db6legacy7queries6searchNtBc_7EventDB17search_objectives00Be_
FN:201,_RNvMNtNtNtNtCs8hpUmWBMOQ5_11cat_gateway8event_db6legacy7queries6searchNtB8_7EventDB16search_proposals
FN:203,_RNCNvMNtNtNtNtCs8hpUmWBMOQ5_11cat_gateway8event_db6legacy7queries6searchNtBa_7EventDB16search_proposals0Bc_
FN:210,_RNCNCNvMNtNtNtNtCs8hpUmWBMOQ5_11cat_gateway8event_db6legacy7queries6searchNtBc_7EventDB16search_proposals00Be_
FN:236,_RNvMs_NtNtNtNtCs8hpUmWBMOQ5_11cat_gateway8event_db6legacy7queries6searchNtBa_7EventDB6search
FN:238,_RNCNvMs_NtNtNtNtCs8hpUmWBMOQ5_11cat_gateway8event_db6legacy7queries6searchNtBc_7EventDB6search0Be_
FNDA:0,_RNvMNtNtNtNtCs8hpUmWBMOQ5_11cat_gateway8event_db6legacy7queries6searchNtB8_7EventDB18build_where_clause
FNDA:0,_RNvMNtNtNtNtCs8hpUmWBMOQ5_11cat_gateway8event_db6legacy7queries6searchNtB8_7EventDB21build_order_by_clause
FNDA:0,_RNvMNtNtNtNtCs8hpUmWBMOQ5_11cat_gateway8event_db6legacy7queries6searchNtB8_7EventDB15construct_query
FNDA:0,_RNvMNtNtNtNtCs8hpUmWBMOQ5_11cat_gateway8event_db6legacy7queries6searchNtB8_7EventDB21construct_count_query
FNDA:0,_RNvMNtNtNtNtCs8hpUmWBMOQ5_11cat_gateway8event_db6legacy7queries6searchNtB8_7EventDB12search_total
FNDA:0,_RNCNvMNtNtNtNtCs8hpUmWBMOQ5_11cat_gateway8event_db6legacy7queries6searchNtBa_7EventDB12search_total0Bc_
FNDA:0,_RNCNCNvMNtNtNtNtCs8hpUmWBMOQ5_11cat_gateway8event_db6legacy7queries6searchNtBc_7EventDB12search_total00Be_
FNDA:0,_RNvMNtNtNtNtCs8hpUmWBMOQ5_11cat_gateway8event_db6legacy7queries6searchNtB8_7EventDB13search_events
FNDA:0,_RNCNvMNtNtNtNtCs8hpUmWBMOQ5_11cat_gateway8event_db6legacy7queries6searchNtBa_7EventDB13search_events0Bc_
FNDA:0,_RNCNCNvMNtNtNtNtCs8hpUmWBMOQ5_11cat_gateway8event_db6legacy7queries6searchNtBc_7EventDB13search_events00Be_
FNDA:0,_RNCNCNvMNtNtNtNtCs8hpUmWBMOQ5_11cat_gateway8event_db6legacy7queries6searchNtBc_7EventDB13search_events0s_0Be_
FNDA:0,_RNCNCNvMNtNtNtNtCs8hpUmWBMOQ5_11cat_gateway8event_db6legacy7queries6searchNtBc_7EventDB13search_events0s0_0Be_
FNDA:0,_RNCNCNvMNtNtNtNtCs8hpUmWBMOQ5_11cat_gateway8event_db6legacy7queries6searchNtBc_7EventDB13search_events0s1_0Be_
FNDA:0,_RNCNCNvMNtNtNtNtCs8hpUmWBMOQ5_11cat_gateway8event_db6legacy7queries6searchNtBc_7EventDB13search_events0s2_0Be_
FNDA:0,_RNvMNtNtNtNtCs8hpUmWBMOQ5_11cat_gateway8event_db6legacy7queries6searchNtB8_7EventDB17search_objectives
FNDA:0,_RNCNvMNtNtNtNtCs8hpUmWBMOQ5_11cat_gateway8event_db6legacy7queries6searchNtBa_7EventDB17search_objectives0Bc_
FNDA:0,_RNCNCNvMNtNtNtNtCs8hpUmWBMOQ5_11cat_gateway8event_db6legacy7queries6searchNtBc_7EventDB17search_objectives00Be_
FNDA:0,_RNvMNtNtNtNtCs8hpUmWBMOQ5_11cat_gateway8event_db6legacy7queries6searchNtB8_7EventDB16search_proposals
FNDA:0,_RNCNvMNtNtNtNtCs8hpUmWBMOQ5_11cat_gateway8event_db6legacy7queries6searchNtBa_7EventDB16search_proposals0Bc_
FNDA:0,_RNCNCNvMNtNtNtNtCs8hpUmWBMOQ5_11cat_gateway8event_db6legacy7queries6searchNtBc_7EventDB16search_proposals00Be_
FNDA:0,_RNvMs_NtNtNtNtCs8hpUmWBMOQ5_11cat_gateway8event_db6legacy7queries6searchNtBa_7EventDB6search
FNDA:0,_RNCNvMs_NtNtNtNtCs8hpUmWBMOQ5_11cat_gateway8event_db6legacy7queries6searchNtBc_7EventDB6search0Be_
FNF:22
FNH:0
DA:34,0
DA:35,0
DA:36,0
DA:37,0
DA:38,0
DA:39,0
DA:40,0
DA:41,0
DA:42,0
DA:43,0
DA:44,0
DA:45,0
DA:46,0
DA:47,0
DA:48,0
DA:49,0
DA:50,0
DA:51,0
DA:52,0
DA:53,0
DA:54,0
DA:55,0
DA:56,0
DA:59,0
DA:60,0
DA:61,0
DA:62,0
DA:63,0
DA:64,0
DA:65,0
DA:66,0
DA:67,0
DA:68,0
DA:69,0
DA:70,0
DA:71,0
DA:73,0
DA:74,0
DA:75,0
DA:78,0
DA:79,0
DA:80,0
DA:81,0
DA:82,0
DA:84,0
DA:85,0
DA:86,0
DA:87,0
DA:88,0
DA:89,0
DA:90,0
DA:93,0
DA:94,0
DA:95,0
DA:96,0
DA:97,0
DA:99,0
DA:100,0
DA:101,0
DA:102,0
DA:103,0
DA:104,0
DA:107,0
DA:108,0
DA:109,0
DA:110,0
DA:111,0
DA:112,0
DA:113,0
DA:114,0
DA:115,0
DA:116,0
DA:117,0
DA:120,0
DA:121,0
DA:123,0
DA:126,0
DA:127,0
DA:128,0
DA:129,0
DA:130,0
DA:131,0
DA:132,0
DA:133,0
DA:134,0
DA:135,0
DA:137,0
DA:138,0
DA:139,0
DA:140,0
DA:141,0
DA:142,0
DA:143,0
DA:144,0
DA:145,0
DA:146,0
DA:147,0
DA:148,0
DA:149,0
DA:150,0
DA:151,0
DA:152,0
DA:153,0
DA:157,0
DA:159,0
DA:160,0
DA:161,0
DA:162,0
DA:163,0
DA:166,0
DA:167,0
DA:168,0
DA:169,0
DA:170,0
DA:171,0
DA:172,0
DA:173,0
DA:174,0
DA:175,0
DA:177,0
DA:178,0
DA:179,0
DA:180,0
DA:182,0
DA:183,0
DA:185,0
DA:186,0
DA:187,0
DA:189,0
DA:192,0
DA:194,0
DA:195,0
DA:196,0
DA:197,0
DA:198,0
DA:201,0
DA:202,0
DA:203,0
DA:204,0
DA:205,0
DA:206,0
DA:207,0
DA:208,0
DA:209,0
DA:210,0
DA:212,0
DA:213,0
DA:214,0
DA:215,0
DA:216,0
DA:217,0
DA:218,0
DA:221,0
DA:224,0
DA:226,0
DA:227,0
DA:228,0
DA:229,0
DA:230,0
DA:236,0
DA:237,0
DA:238,0
DA:239,0
DA:240,0
DA:242,0
DA:243,0
DA:245,0
DA:247,0
DA:250,0
BRF:0
BRH:0
LF:182
LH:0
end_of_record
SF:/bin/src/event_db/legacy/queries/vit_ss/fund.rs
FN:111,_RNvMs_NtNtNtNtNtCs8hpUmWBMOQ5_11cat_gateway8event_db6legacy7queries6vit_ss4fundNtBc_7EventDB8get_fund
FN:111,_RNCNvMs_NtNtNtNtNtCs8hpUmWBMOQ5_11cat_gateway8event_db6legacy7queries6vit_ss4fundNtBe_7EventDB8get_fund0Bg_
FN:174,_RNCNCNvMs_NtNtNtNtNtCs8hpUmWBMOQ5_11cat_gateway8event_db6legacy7queries6vit_ss4fundNtBg_7EventDB8get_fund00Bi_
FNDA:0,_RNvMs_NtNtNtNtNtCs8hpUmWBMOQ5_11cat_gateway8event_db6legacy7queries6vit_ss4fundNtBc_7EventDB8get_fund
FNDA:0,_RNCNvMs_NtNtNtNtNtCs8hpUmWBMOQ5_11cat_gateway8event_db6legacy7queries6vit_ss4fundNtBe_7EventDB8get_fund0Bg_
FNDA:0,_RNCNCNvMs_NtNtNtNtNtCs8hpUmWBMOQ5_11cat_gateway8event_db6legacy7queries6vit_ss4fundNtBg_7EventDB8get_fund00Bi_
FNF:3
FNH:0
DA:111,0
DA:112,0
DA:113,0
DA:115,0
DA:117,0
DA:118,0
DA:119,0
DA:120,0
DA:121,0
DA:122,0
DA:123,0
DA:124,0
DA:125,0
DA:126,0
DA:127,0
DA:128,0
DA:129,0
DA:130,0
DA:131,0
DA:133,0
DA:134,0
DA:135,0
DA:136,0
DA:137,0
DA:138,0
DA:139,0
DA:140,0
DA:141,0
DA:142,0
DA:143,0
DA:144,0
DA:145,0
DA:146,0
DA:147,0
DA:148,0
DA:149,0
DA:153,0
DA:154,0
DA:155,0
DA:156,0
DA:157,0
DA:158,0
DA:159,0
DA:160,0
DA:161,0
DA:162,0
DA:163,0
DA:164,0
DA:165,0
DA:166,0
DA:167,0
DA:168,0
DA:169,0
DA:170,0
DA:171,0
DA:172,0
DA:173,0
DA:174,0
DA:178,0
DA:179,0
DA:180,0
DA:181,0
DA:182,0
DA:183,0
DA:184,0
DA:188,0
DA:189,0
DA:190,0
DA:191,0
DA:192,0
DA:193,0
DA:194,0
DA:198,0
DA:199,0
DA:200,0
DA:201,0
DA:202,0
DA:203,0
DA:204,0
DA:205,0
DA:206,0
DA:207,0
DA:208,0
DA:209,0
DA:210,0
DA:211,0
DA:212,0
DA:213,0
DA:214,0
DA:215,0
DA:216,0
DA:217,0
DA:218,0
DA:219,0
DA:220,0
DA:221,0
DA:222,0
DA:223,0
DA:224,0
DA:225,0
DA:226,0
DA:227,0
DA:228,0
DA:229,0
DA:230,0
DA:231,0
DA:232,0
DA:233,0
DA:234,0
DA:235,0
DA:236,0
DA:237,0
DA:238,0
DA:239,0
DA:240,0
DA:241,0
DA:242,0
DA:243,0
DA:244,0
DA:245,0
DA:246,0
DA:247,0
DA:248,0
DA:249,0
DA:250,0
DA:251,0
DA:252,0
DA:253,0
DA:254,0
DA:255,0
DA:256,0
DA:257,0
DA:258,0
DA:259,0
DA:260,0
DA:261,0
DA:262,0
DA:263,0
DA:264,0
DA:265,0
DA:266,0
DA:267,0
DA:268,0
DA:269,0
DA:270,0
DA:271,0
DA:272,0
DA:273,0
DA:274,0
DA:275,0
DA:278,0
DA:279,0
DA:280,0
DA:281,0
DA:282,0
DA:284,0
DA:285,0
DA:286,0
DA:287,0
DA:288,0
DA:289,0
DA:290,0
DA:291,0
DA:292,0
DA:293,0
DA:294,0
DA:295,0
DA:296,0
DA:297,0
DA:298,0
DA:299,0
DA:300,0
DA:301,0
DA:302,0
DA:303,0
DA:304,0
DA:305,0
DA:306,0
DA:307,0
DA:308,0
DA:309,0
DA:310,0
DA:311,0
DA:312,0
DA:313,0
DA:314,0
DA:315,0
DA:316,0
DA:317,0
DA:318,0
DA:319,0
DA:320,0
DA:321,0
DA:322,0
DA:323,0
DA:324,0
DA:325,0
DA:326,0
DA:327,0
DA:328,0
DA:329,0
DA:330,0
DA:331,0
DA:332,0
DA:333,0
DA:337,0
DA:340,0
DA:341,0
BRF:0
BRH:0
LF:210
LH:0
end_of_record
SF:/bin/src/event_db/legacy/types/registration.rs
FN:67,_RNvMNtNtNtNtCs8hpUmWBMOQ5_11cat_gateway8event_db6legacy5types12registrationNtB2_13RewardAddress21cardano_address_check
FN:72,_RNvMNtNtNtNtCs8hpUmWBMOQ5_11cat_gateway8event_db6legacy5types12registrationNtB2_13RewardAddress3new
FNDA:0,_RNvMNtNtNtNtCs8hpUmWBMOQ5_11cat_gateway8event_db6legacy5types12registrationNtB2_13RewardAddress21cardano_address_check
FNDA:0,_RNvMNtNtNtNtCs8hpUmWBMOQ5_11cat_gateway8event_db6legacy5types12registrationNtB2_13RewardAddress3new
FNF:2
FNH:0
DA:67,0
DA:68,0
DA:69,0
DA:72,0
DA:73,0
DA:74,0
DA:75,0
DA:76,0
DA:77,0
BRF:0
BRH:0
LF:9
LH:0
end_of_record
SF:/bin/src/event_db/legacy/types/search.rs
FN:43,_RNvXNtNtNtNtCs8hpUmWBMOQ5_11cat_gateway8event_db6legacy5types6searchNtB2_12SearchColumnNtNtCsiPLjDyrGw9n_4core3fmt7Display3fmt
FNDA:0,_RNvXNtNtNtNtCs8hpUmWBMOQ5_11cat_gateway8event_db6legacy5types6searchNtB2_12SearchColumnNtNtCsiPLjDyrGw9n_4core3fmt7Display3fmt
FNF:1
FNH:0
DA:43,0
DA:44,0
DA:45,0
DA:46,0
DA:47,0
DA:48,0
DA:49,0
DA:51,0
BRF:0
BRH:0
LF:8
LH:0
end_of_record
SF:/bin/src/event_db/mod.rs
FN:292,_RNvNtNtCs8hpUmWBMOQ5_11cat_gateway8event_db5testss_23test_is_query_statement
FN:300,_RNvNtNtCs8hpUmWBMOQ5_11cat_gateway8event_db5testss_27test_is_not_query_statement
FN:276,_RNvNtCs8hpUmWBMOQ5_11cat_gateway8event_db13is_query_stmt
FN:36,_RNvXNtCs8hpUmWBMOQ5_11cat_gateway8event_dbNtB2_23DeepQueryInspectionFlagINtNtCsiPLjDyrGw9n_4core7convert4FrombE4from
FN:57,_RNvXs8_NtCs8hpUmWBMOQ5_11cat_gateway8event_dbNtB5_5ErrorNtNtCsiPLjDyrGw9n_4core3fmt7Display3fmt
FN:72,_RNvMs_NtCs8hpUmWBMOQ5_11cat_gateway8event_dbNtB4_7EventDB21is_deep_query_enabled
FN:72,_RNCNvMs_NtCs8hpUmWBMOQ5_11cat_gateway8event_dbNtB6_7EventDB21is_deep_query_enabled0B8_
FN:81,_RNvMs_NtCs8hpUmWBMOQ5_11cat_gateway8event_dbNtB4_7EventDB17modify_deep_query
FN:83,_RNCNvMs_NtCs8hpUmWBMOQ5_11cat_gateway8event_dbNtB6_7EventDB17modify_deep_query0B8_
FN:102,_RNvMs_NtCs8hpUmWBMOQ5_11cat_gateway8event_dbNtB4_7EventDB5query
FN:104,_RNCNvMs_NtCs8hpUmWBMOQ5_11cat_gateway8event_dbNtB6_7EventDB5query0B8_
FN:129,_RNvMs_NtCs8hpUmWBMOQ5_11cat_gateway8event_dbNtB4_7EventDB9query_one
FN:131,_RNCNvMs_NtCs8hpUmWBMOQ5_11cat_gateway8event_dbNtB6_7EventDB9query_one0B8_
FN:158,_RNvMs_NtCs8hpUmWBMOQ5_11cat_gateway8event_dbNtB4_7EventDB6modify
FN:160,_RNCNvMs_NtCs8hpUmWBMOQ5_11cat_gateway8event_dbNtB6_7EventDB6modify0B8_
FN:174,_RNvMs_NtCs8hpUmWBMOQ5_11cat_gateway8event_dbNtB4_7EventDB24explain_analyze_rollback
FN:176,_RNCNvMs_NtCs8hpUmWBMOQ5_11cat_gateway8event_dbNtB6_7EventDB24explain_analyze_rollback0B8_
FN:181,_RNvMs_NtCs8hpUmWBMOQ5_11cat_gateway8event_dbNtB4_7EventDB22explain_analyze_commit
FN:183,_RNCNvMs_NtCs8hpUmWBMOQ5_11cat_gateway8event_dbNtB6_7EventDB22explain_analyze_commit0B8_
FN:196,_RNvMs_NtCs8hpUmWBMOQ5_11cat_gateway8event_dbNtB4_7EventDB15explain_analyze
FN:198,_RNCNvMs_NtCs8hpUmWBMOQ5_11cat_gateway8event_dbNtB6_7EventDB15explain_analyze0B8_
FN:206,_RNCNCNvMs_NtCs8hpUmWBMOQ5_11cat_gateway8event_dbNtB8_7EventDB15explain_analyze00Ba_
FN:251,_RNvNtCs8hpUmWBMOQ5_11cat_gateway8event_db20establish_connection
FN:251,_RNCNvNtCs8hpUmWBMOQ5_11cat_gateway8event_db20establish_connection0B5_
FN:258,_RNCNCNvNtCs8hpUmWBMOQ5_11cat_gateway8event_db20establish_connection00B7_
FNDA:1,_RNvNtNtCs8hpUmWBMOQ5_11cat_gateway8event_db5testss_23test_is_query_statement
FNDA:1,_RNvNtNtCs8hpUmWBMOQ5_11cat_gateway8event_db5testss_27test_is_not_query_statement
FNDA:4,_RNvNtCs8hpUmWBMOQ5_11cat_gateway8event_db13is_query_stmt
FNDA:0,_RNvXNtCs8hpUmWBMOQ5_11cat_gateway8event_dbNtB2_23DeepQueryInspectionFlagINtNtCsiPLjDyrGw9n_4core7convert4FrombE4from
FNDA:0,_RNvXs8_NtCs8hpUmWBMOQ5_11cat_gateway8event_dbNtB5_5ErrorNtNtCsiPLjDyrGw9n_4core3fmt7Display3fmt
FNDA:0,_RNvMs_NtCs8hpUmWBMOQ5_11cat_gateway8event_dbNtB4_7EventDB21is_deep_query_enabled
FNDA:0,_RNCNvMs_NtCs8hpUmWBMOQ5_11cat_gateway8event_dbNtB6_7EventDB21is_deep_query_enabled0B8_
FNDA:0,_RNvMs_NtCs8hpUmWBMOQ5_11cat_gateway8event_dbNtB4_7EventDB17modify_deep_query
FNDA:0,_RNCNvMs_NtCs8hpUmWBMOQ5_11cat_gateway8event_dbNtB6_7EventDB17modify_deep_query0B8_
FNDA:0,_RNvMs_NtCs8hpUmWBMOQ5_11cat_gateway8event_dbNtB4_7EventDB5query
FNDA:0,_RNCNvMs_NtCs8hpUmWBMOQ5_11cat_gateway8event_dbNtB6_7EventDB5query0B8_
FNDA:0,_RNvMs_NtCs8hpUmWBMOQ5_11cat_gateway8event_dbNtB4_7EventDB9query_one
FNDA:0,_RNCNvMs_NtCs8hpUmWBMOQ5_11cat_gateway8event_dbNtB6_7EventDB9query_one0B8_
FNDA:0,_RNvMs_NtCs8hpUmWBMOQ5_11cat_gateway8event_dbNtB4_7EventDB6modify
FNDA:0,_RNCNvMs_NtCs8hpUmWBMOQ5_11cat_gateway8event_dbNtB6_7EventDB6modify0B8_
FNDA:0,_RNvMs_NtCs8hpUmWBMOQ5_11cat_gateway8event_dbNtB4_7EventDB24explain_analyze_rollback
FNDA:0,_RNCNvMs_NtCs8hpUmWBMOQ5_11cat_gateway8event_dbNtB6_7EventDB24explain_analyze_rollback0B8_
FNDA:0,_RNvMs_NtCs8hpUmWBMOQ5_11cat_gateway8event_dbNtB4_7EventDB22explain_analyze_commit
FNDA:0,_RNCNvMs_NtCs8hpUmWBMOQ5_11cat_gateway8event_dbNtB6_7EventDB22explain_analyze_commit0B8_
FNDA:0,_RNvMs_NtCs8hpUmWBMOQ5_11cat_gateway8event_dbNtB4_7EventDB15explain_analyze
FNDA:0,_RNCNvMs_NtCs8hpUmWBMOQ5_11cat_gateway8event_dbNtB6_7EventDB15explain_analyze0B8_
FNDA:0,_RNCNCNvMs_NtCs8hpUmWBMOQ5_11cat_gateway8event_dbNtB8_7EventDB15explain_analyze00Ba_
FNDA:0,_RNvNtCs8hpUmWBMOQ5_11cat_gateway8event_db20establish_connection
FNDA:0,_RNCNvNtCs8hpUmWBMOQ5_11cat_gateway8event_db20establish_connection0B5_
FNDA:0,_RNCNCNvNtCs8hpUmWBMOQ5_11cat_gateway8event_db20establish_connection00B7_
FNF:25
FNH:3
DA:36,0
DA:37,0
DA:38,0
DA:40,0
DA:42,0
DA:57,0
DA:72,0
DA:73,0
DA:74,0
DA:81,0
DA:82,0
DA:83,0
DA:84,0
DA:85,0
DA:86,0
DA:102,0
DA:103,0
DA:104,0
DA:105,0
DA:112,0
DA:113,0
DA:114,0
DA:115,0
DA:116,0
DA:129,0
DA:130,0
DA:131,0
DA:132,0
DA:139,0
DA:140,0
DA:141,0
DA:142,0
DA:143,0
DA:158,0
DA:159,0
DA:160,0
DA:161,0
DA:166,0
DA:168,0
DA:170,0
DA:171,0
DA:174,0
DA:175,0
DA:176,0
DA:177,0
DA:178,0
DA:181,0
DA:182,0
DA:183,0
DA:184,0
DA:185,0
DA:196,0
DA:197,0
DA:198,0
DA:199,0
DA:202,0
DA:203,0
DA:206,0
DA:207,0
DA:208,0
DA:209,0
DA:210,0
DA:211,0
DA:212,0
DA:213,0
DA:214,0
DA:215,0
DA:217,0
DA:218,0
DA:220,0
DA:222,0
DA:223,0
DA:224,0
DA:225,0
DA:226,0
DA:251,0
DA:252,0
DA:253,0
DA:255,0
DA:256,0
DA:258,0
DA:261,0
DA:263,0
DA:265,0
DA:267,0
DA:268,0
DA:269,0
DA:270,0
DA:271,0
DA:276,4
DA:278,4
DA:279,4
DA:280,1
DA:281,3
DA:282,0
DA:284,3
DA:285,4
DA:292,1
DA:293,1
DA:294,1
DA:295,1
DA:296,1
DA:297,1
DA:300,1
DA:301,1
DA:302,1
DA:303,1
DA:304,1
DA:305,1
BRF:0
BRH:0
LF:120
LH:19
end_of_record
SF:/bin/src/event_db/schema_check/mod.rs
FN:6,_RNvXs0_NtNtCs8hpUmWBMOQ5_11cat_gateway8event_db12schema_checkNtB5_21MismatchedSchemaErrorNtNtCsiPLjDyrGw9n_4core3fmt7Display3fmt
FN:22,_RNvMNtNtCs8hpUmWBMOQ5_11cat_gateway8event_db12schema_checkNtB4_7EventDB20schema_version_check
FN:22,_RNCNvMNtNtCs8hpUmWBMOQ5_11cat_gateway8event_db12schema_checkNtB6_7EventDB20schema_version_check0B8_
FNDA:0,_RNvXs0_NtNtCs8hpUmWBMOQ5_11cat_gateway8event_db12schema_checkNtB5_21MismatchedSchemaErrorNtNtCsiPLjDyrGw9n_4core3fmt7Display3fmt
FNDA:0,_RNvMNtNtCs8hpUmWBMOQ5_11cat_gateway8event_db12schema_checkNtB4_7EventDB20schema_version_check
FNDA:0,_RNCNvMNtNtCs8hpUmWBMOQ5_11cat_gateway8event_db12schema_checkNtB6_7EventDB20schema_version_check0B8_
FNF:3
FNH:0
DA:6,0
DA:22,0
DA:23,0
DA:25,0
DA:27,0
DA:28,0
DA:30,0
DA:31,0
DA:32,0
DA:33,0
DA:34,0
DA:36,0
BRF:0
BRH:0
LF:13
LH:0
end_of_record
SF:/bin/src/logger.rs
FN:29,_RNvXNtCs8hpUmWBMOQ5_11cat_gateway6loggerNtNtCs7Y1GT1UvI7B_12tracing_core8metadata5LevelINtNtCsiPLjDyrGw9n_4core7convert4FromNtB2_8LogLevelE4from
FN:40,_RNvXs_NtCs8hpUmWBMOQ5_11cat_gateway6loggerNtCs73Ti5yQqtiQ_3log11LevelFilterINtNtCsiPLjDyrGw9n_4core7convert4FromNtB4_8LogLevelE4from
FN:51,_RNvNtCs8hpUmWBMOQ5_11cat_gateway6logger4init
FNDA:0,_RNvXNtCs8hpUmWBMOQ5_11cat_gateway6loggerNtNtCs7Y1GT1UvI7B_12tracing_core8metadata5LevelINtNtCsiPLjDyrGw9n_4core7convert4FromNtB2_8LogLevelE4from
FNDA:0,_RNvXs_NtCs8hpUmWBMOQ5_11cat_gateway6loggerNtCs73Ti5yQqtiQ_3log11LevelFilterINtNtCsiPLjDyrGw9n_4core7convert4FromNtB4_8LogLevelE4from
FNDA:0,_RNvNtCs8hpUmWBMOQ5_11cat_gateway6logger4init
FNF:3
FNH:0
DA:29,0
DA:30,0
DA:31,0
DA:32,0
DA:33,0
DA:34,0
DA:36,0
DA:40,0
DA:41,0
DA:42,0
DA:43,0
DA:44,0
DA:45,0
DA:47,0
DA:51,0
DA:52,0
DA:53,0
DA:54,0
DA:55,0
DA:56,0
DA:57,0
DA:58,0
DA:59,0
DA:60,0
DA:61,0
DA:62,0
DA:63,0
DA:64,0
DA:65,0
DA:66,0
DA:67,0
DA:68,0
DA:69,0
DA:70,0
DA:71,0
DA:72,0
DA:73,0
DA:74,0
DA:75,0
DA:76,0
DA:77,0
BRF:0
BRH:0
LF:41
LH:0
end_of_record
SF:/bin/src/main.rs
FN:14,_RNvCs8hpUmWBMOQ5_11cat_gateway4main
FN:14,_RNCNvCs8hpUmWBMOQ5_11cat_gateway4main0B3_
FNDA:0,_RNvCs8hpUmWBMOQ5_11cat_gateway4main
FNDA:0,_RNCNvCs8hpUmWBMOQ5_11cat_gateway4main0B3_
FNF:2
FNH:0
DA:14,0
DA:15,0
DA:16,0
DA:17,0
BRF:0
BRH:0
LF:7
LH:0
end_of_record
SF:/bin/src/service/api/cardano/date_time_to_slot_number_get.rs
FN:21,_RNvXNtNtNtNtCs8hpUmWBMOQ5_11cat_gateway7service3api7cardano28date_time_to_slot_number_getNtB2_9ResponsesNtNtCshGe4kJUvRGz_4poem3web12IntoResponse13into_response
FN:21,_RNvXs_NtNtNtNtCs8hpUmWBMOQ5_11cat_gateway7service3api7cardano28date_time_to_slot_number_getNtB4_9ResponsesNtNtCs4SlgMlmWcuz_12poem_openapi4base11ApiResponse4meta
FN:21,_RNvXs_NtNtNtNtCs8hpUmWBMOQ5_11cat_gateway7service3api7cardano28date_time_to_slot_number_getNtB4_9ResponsesNtNtCs4SlgMlmWcuz_12poem_openapi4base11ApiResponse8register
FN:21,_RNvXs0_NtNtNtNtCs8hpUmWBMOQ5_11cat_gateway7service3api7cardano28date_time_to_slot_number_getNtNtCshGe4kJUvRGz_4poem5error5ErrorINtNtCsiPLjDyrGw9n_4core7convert4FromNtB5_9ResponsesE4from
FN:33,_RNvNtNtNtNtCs8hpUmWBMOQ5_11cat_gateway7service3api7cardano28date_time_to_slot_number_get8endpoint
FN:35,_RNCNvNtNtNtNtCs8hpUmWBMOQ5_11cat_gateway7service3api7cardano28date_time_to_slot_number_get8endpoint0Bb_
FN:56,_RNCNCNvNtNtNtNtCs8hpUmWBMOQ5_11cat_gateway7service3api7cardano28date_time_to_slot_number_get8endpoint00Bd_
FNDA:0,_RNvXNtNtNtNtCs8hpUmWBMOQ5_11cat_gateway7service3api7cardano28date_time_to_slot_number_getNtB2_9ResponsesNtNtCshGe4kJUvRGz_4poem3web12IntoResponse13into_response
FNDA:0,_RNvXs_NtNtNtNtCs8hpUmWBMOQ5_11cat_gateway7service3api7cardano28date_time_to_slot_number_getNtB4_9ResponsesNtNtCs4SlgMlmWcuz_12poem_openapi4base11ApiResponse4meta
FNDA:0,_RNvXs_NtNtNtNtCs8hpUmWBMOQ5_11cat_gateway7service3api7cardano28date_time_to_slot_number_getNtB4_9ResponsesNtNtCs4SlgMlmWcuz_12poem_openapi4base11ApiResponse8register
FNDA:0,_RNvXs0_NtNtNtNtCs8hpUmWBMOQ5_11cat_gateway7service3api7cardano28date_time_to_slot_number_getNtNtCshGe4kJUvRGz_4poem5error5ErrorINtNtCsiPLjDyrGw9n_4core7convert4FromNtB5_9ResponsesE4from
FNDA:0,_RNvNtNtNtNtCs8hpUmWBMOQ5_11cat_gateway7service3api7cardano28date_time_to_slot_number_get8endpoint
FNDA:0,_RNCNvNtNtNtNtCs8hpUmWBMOQ5_11cat_gateway7service3api7cardano28date_time_to_slot_number_get8endpoint0Bb_
FNDA:0,_RNCNCNvNtNtNtNtCs8hpUmWBMOQ5_11cat_gateway7service3api7cardano28date_time_to_slot_number_get8endpoint00Bd_
FNF:4
FNH:0
DA:21,0
DA:33,0
DA:34,0
DA:35,0
DA:36,0
DA:37,0
DA:38,0
DA:39,0
DA:41,0
DA:55,0
DA:56,0
DA:57,0
DA:58,0
DA:59,0
DA:60,0
DA:61,0
DA:62,0
DA:63,0
DA:65,0
DA:66,0
DA:68,0
DA:70,0
DA:71,0
DA:72,0
DA:74,0
DA:75,0
DA:76,0
DA:78,0
DA:79,0
DA:80,0
DA:83,0
DA:84,0
DA:85,0
DA:86,0
DA:87,0
DA:88,0
DA:89,0
BRF:0
BRH:0
LF:38
LH:0
end_of_record
SF:/bin/src/service/api/cardano/mod.rs
FN:43,_RNvMNtNtNtCs8hpUmWBMOQ5_11cat_gateway7service3api7cardanoNtB2_10CardanoApi14staked_ada_get
FN:61,_RNCNvMNtNtNtCs8hpUmWBMOQ5_11cat_gateway7service3api7cardanoNtB4_10CardanoApi14staked_ada_get0Ba_
FN:75,_RNvMNtNtNtCs8hpUmWBMOQ5_11cat_gateway7service3api7cardanoNtB2_10CardanoApi16registration_get
FN:93,_RNCNvMNtNtNtCs8hpUmWBMOQ5_11cat_gateway7service3api7cardanoNtB4_10CardanoApi16registration_get0Ba_
FN:106,_RNvMNtNtNtCs8hpUmWBMOQ5_11cat_gateway7service3api7cardanoNtB2_10CardanoApi14sync_state_get
FN:114,_RNCNvMNtNtNtCs8hpUmWBMOQ5_11cat_gateway7service3api7cardanoNtB4_10CardanoApi14sync_state_get0Ba_
FN:128,_RNvMNtNtNtCs8hpUmWBMOQ5_11cat_gateway7service3api7cardanoNtB2_10CardanoApi28date_time_to_slot_number_get
FN:139,_RNCNvMNtNtNtCs8hpUmWBMOQ5_11cat_gateway7service3api7cardanoNtB4_10CardanoApi28date_time_to_slot_number_get0Ba_
FN:31,_RNvXs_NtNtNtCs8hpUmWBMOQ5_11cat_gateway7service3api7cardanoNtB4_10CardanoApiNtNtCs4SlgMlmWcuz_12poem_openapi4base7OpenApi4meta
FN:31,_RNCNvXs_NtNtNtCs8hpUmWBMOQ5_11cat_gateway7service3api7cardanoNtB6_10CardanoApiNtNtCs4SlgMlmWcuz_12poem_openapi4base7OpenApi4meta0Bc_
FN:31,_RNvXs_NtNtNtCs8hpUmWBMOQ5_11cat_gateway7service3api7cardanoNtB4_10CardanoApiNtNtCs4SlgMlmWcuz_12poem_openapi4base7OpenApi8register
FN:31,_RNvXs_NtNtNtCs8hpUmWBMOQ5_11cat_gateway7service3api7cardanoNtB4_10CardanoApiNtNtCs4SlgMlmWcuz_12poem_openapi4base7OpenApi10add_routes
FN:31,_RNCNvXs_NtNtNtCs8hpUmWBMOQ5_11cat_gateway7service3api7cardanoNtB6_10CardanoApiNtNtCs4SlgMlmWcuz_12poem_openapi4base7OpenApi10add_routes0Bc_
FN:31,_RNCNCNvXs_NtNtNtCs8hpUmWBMOQ5_11cat_gateway7service3api7cardanoNtB8_10CardanoApiNtNtCs4SlgMlmWcuz_12poem_openapi4base7OpenApi10add_routes00Be_
FN:31,_RNCNvXs_NtNtNtCs8hpUmWBMOQ5_11cat_gateway7service3api7cardanoNtB6_10CardanoApiNtNtCs4SlgMlmWcuz_12poem_openapi4base7OpenApi10add_routess_0Bc_
FN:31,_RNCNCNvXs_NtNtNtCs8hpUmWBMOQ5_11cat_gateway7service3api7cardanoNtB8_10CardanoApiNtNtCs4SlgMlmWcuz_12poem_openapi4base7OpenApi10add_routess_00Be_
[...]
FN:67,_RNCNvXNtNtNtCs8hpUmWBMOQ5_11cat_gateway7service9utilities11catch_panicNtB4_19ServicePanicHandlerNtNtNtCshGe4kJUvRGz_4poem10middleware11catch_panic12PanicHandler12get_responses_0Ba_
FNDA:0,_RNvNtNtNtCs8hpUmWBMOQ5_11cat_gateway7service9utilities11catch_panic14set_panic_hook
FNDA:0,_RNCNvNtNtNtCs8hpUmWBMOQ5_11cat_gateway7service9utilities11catch_panic14set_panic_hook0B9_
FNDA:0,_RNCNCNvNtNtNtCs8hpUmWBMOQ5_11cat_gateway7service9utilities11catch_panic14set_panic_hook00Bb_
FNDA:0,_RNCNCNvNtNtNtCs8hpUmWBMOQ5_11cat_gateway7service9utilities11catch_panic14set_panic_hook0s_0Bb_
FNDA:0,_RNvXNtNtNtCs8hpUmWBMOQ5_11cat_gateway7service9utilities11catch_panicNtB2_19ServicePanicHandlerNtNtNtCshGe4kJUvRGz_4poem10middleware11catch_panic12PanicHandler12get_response
FNDA:0,_RNCNvXNtNtNtCs8hpUmWBMOQ5_11cat_gateway7service9utilities11catch_panicNtB4_19ServicePanicHandlerNtNtNtCshGe4kJUvRGz_4poem10middleware11catch_panic12PanicHandler12get_response0Ba_
FNDA:0,_RNCNvXNtNtNtCs8hpUmWBMOQ5_11cat_gateway7service9utilities11catch_panicNtB4_19ServicePanicHandlerNtNtNtCshGe4kJUvRGz_4poem10middleware11catch_panic12PanicHandler12get_responses_0Ba_
FNF:7
FNH:0
DA:30,0
DA:31,0
DA:32,0
DA:33,0
DA:34,0
DA:35,0
DA:38,0
DA:39,0
DA:40,0
DA:42,0
DA:43,0
DA:44,0
DA:51,0
DA:52,0
DA:53,0
DA:54,0
DA:55,0
DA:56,0
DA:57,0
DA:58,0
DA:61,0
DA:62,0
DA:63,0
DA:67,0
DA:68,0
DA:69,0
DA:74,0
DA:75,0
DA:76,0
DA:77,0
DA:78,0
DA:79,0
DA:80,0
DA:81,0
DA:82,0
DA:83,0
DA:84,0
DA:85,0
DA:86,0
DA:87,0
DA:88,0
DA:89,0
DA:90,0
DA:91,0
BRF:0
BRH:0
LF:50
LH:0
end_of_record
SF:/bin/src/service/utilities/middleware/schema_validation.rs
FN:23,_RNvXININtNtNtNtCs8hpUmWBMOQ5_11cat_gateway7service9utilities10middleware17schema_validation0pENtB5_23SchemaVersionValidationINtNtCshGe4kJUvRGz_4poem10middleware10MiddlewarepE9transformBd_
FN:37,_RNvXININtNtNtNtCs8hpUmWBMOQ5_11cat_gateway7service9utilities10middleware17schema_validations_0pEINtB5_27SchemaVersionValidationImplpENtNtNtCshGe4kJUvRGz_4poem8endpoint8endpoint8Endpoint4callBd_
FN:37,_RNCNvXININtNtNtNtCs8hpUmWBMOQ5_11cat_gateway7service9utilities10middleware17schema_validations_0pEINtB7_27SchemaVersionValidationImplpENtNtNtCshGe4kJUvRGz_4poem8endpoint8endpoint8Endpoint4call0Bf_
FN:54,_RINvNtNtNtNtCs8hpUmWBMOQ5_11cat_gateway7service9utilities10middleware17schema_validation25schema_version_validationpEBa_
FNDA:0,_RNvXININtNtNtNtCs8hpUmWBMOQ5_11cat_gateway7service9utilities10middleware17schema_validation0pENtB5_23SchemaVersionValidationINtNtCshGe4kJUvRGz_4poem10middleware10MiddlewarepE9transformBd_
FNDA:0,_RNvXININtNtNtNtCs8hpUmWBMOQ5_11cat_gateway7service9utilities10middleware17schema_validations_0pEINtB5_27SchemaVersionValidationImplpENtNtNtCshGe4kJUvRGz_4poem8endpoint8endpoint8Endpoint4callBd_
FNDA:0,_RNCNvXININtNtNtNtCs8hpUmWBMOQ5_11cat_gateway7service9utilities10middleware17schema_validations_0pEINtB7_27SchemaVersionValidationImplpENtNtNtCshGe4kJUvRGz_4poem8endpoint8endpoint8Endpoint4call0Bf_
FNDA:0,_RINvNtNtNtNtCs8hpUmWBMOQ5_11cat_gateway7service9utilities10middleware17schema_validation25schema_version_validationpEBa_
FNF:4
FNH:0
DA:23,0
DA:24,0
DA:25,0
DA:37,0
DA:38,0
DA:41,0
DA:42,0
DA:43,0
DA:44,0
DA:46,0
DA:47,0
DA:54,0
DA:55,0
DA:56,0
BRF:0
BRH:0
LF:15
LH:0
end_of_record
SF:/bin/src/service/utilities/middleware/tracing_mw.rs
FN:109,_RNvXININtNtNtNtCs8hpUmWBMOQ5_11cat_gateway7service9utilities10middleware10tracing_mw0pENtB5_7TracingINtNtCshGe4kJUvRGz_4poem10middleware10MiddlewarepE9transformBd_
FN:127,_RNvNtNtNtNtCs8hpUmWBMOQ5_11cat_gateway7service9utilities10middleware10tracing_mw19anonymous_client_id
FN:127,_RNCNvNtNtNtNtCs8hpUmWBMOQ5_11cat_gateway7service9utilities10middleware10tracing_mw19anonymous_client_id0Bb_
FN:134,_RNCNCNvNtNtNtNtCs8hpUmWBMOQ5_11cat_gateway7service9utilities10middleware10tracing_mw19anonymous_client_id00Bd_
FN:135,_RNCNCNvNtNtNtNtCs8hpUmWBMOQ5_11cat_gateway7service9utilities10middleware10tracing_mw19anonymous_client_id0s_0Bd_
FN:135,_RNCNCNvNtNtNtNtCs8hpUmWBMOQ5_11cat_gateway7service9utilities10middleware10tracing_mw19anonymous_client_id0s0_0Bd_
FN:171,_RNvMs_NtNtNtNtCs8hpUmWBMOQ5_11cat_gateway7service9utilities10middleware10tracing_mwNtB4_12ResponseData3new
FN:183,_RNCNvMs_NtNtNtNtCs8hpUmWBMOQ5_11cat_gateway7service9utilities10middleware10tracing_mwNtB6_12ResponseData3new0Be_
FN:215,_RNvNtNtNtNtCs8hpUmWBMOQ5_11cat_gateway7service9utilities10middleware10tracing_mw31add_interesting_headers_to_span
FN:243,_RNvNtNtNtNtCs8hpUmWBMOQ5_11cat_gateway7service9utilities10middleware10tracing_mw15mk_request_span
FN:243,_RNCNvNtNtNtNtCs8hpUmWBMOQ5_11cat_gateway7service9utilities10middleware10tracing_mw15mk_request_span0Bb_
FN:300,_RNvXININtNtNtNtCs8hpUmWBMOQ5_11cat_gateway7service9utilities10middleware10tracing_mws0_0pEINtB5_15TracingEndpointpENtNtNtCshGe4kJUvRGz_4poem8endpoint8endpoint8Endpoint4callBd_
FN:300,_RNCNvXININtNtNtNtCs8hpUmWBMOQ5_11cat_gateway7service9utilities10middleware10tracing_mws0_0pEINtB7_15TracingEndpointpENtNtNtCshGe4kJUvRGz_4poem8endpoint8endpoint8Endpoint4call0Bf_
FN:306,_RNCNCNvXININtNtNtNtCs8hpUmWBMOQ5_11cat_gateway7service9utilities10middleware10tracing_mws0_0pEINtB9_15TracingEndpointpENtNtNtCshGe4kJUvRGz_4poem8endpoint8endpoint8Endpoint4call00Bh_
FN:368,_RNCNCNvXININtNtNtNtCs8hpUmWBMOQ5_11cat_gateway7service9utilities10middleware10tracing_mws0_0pEINtB9_15TracingEndpointpENtNtNtCshGe4kJUvRGz_4poem8endpoint8endpoint8Endpoint4call0s_0Bh_
FN:407,_RNvNtNtNtNtCs8hpUmWBMOQ5_11cat_gateway7service9utilities10middleware10tracing_mw15init_prometheus
FNDA:0,_RNvXININtNtNtNtCs8hpUmWBMOQ5_11cat_gateway7service9utilities10middleware10tracing_mw0pENtB5_7TracingINtNtCshGe4kJUvRGz_4poem10middleware10MiddlewarepE9transformBd_
FNDA:0,_RNvNtNtNtNtCs8hpUmWBMOQ5_11cat_gateway7service9utilities10middleware10tracing_mw19anonymous_client_id
FNDA:0,_RNCNvNtNtNtNtCs8hpUmWBMOQ5_11cat_gateway7service9utilities10middleware10tracing_mw19anonymous_client_id0Bb_
FNDA:0,_RNCNCNvNtNtNtNtCs8hpUmWBMOQ5_11cat_gateway7service9utilities10middleware10tracing_mw19anonymous_client_id00Bd_
FNDA:0,_RNCNCNvNtNtNtNtCs8hpUmWBMOQ5_11cat_gateway7service9utilities10middleware10tracing_mw19anonymous_client_id0s_0Bd_
FNDA:0,_RNCNCNvNtNtNtNtCs8hpUmWBMOQ5_11cat_gateway7service9utilities10middleware10tracing_mw19anonymous_client_id0s0_0Bd_
FNDA:0,_RNvMs_NtNtNtNtCs8hpUmWBMOQ5_11cat_gateway7service9utilities10middleware10tracing_mwNtB4_12ResponseData3new
FNDA:0,_RNCNvMs_NtNtNtNtCs8hpUmWBMOQ5_11cat_gateway7service9utilities10middleware10tracing_mwNtB6_12ResponseData3new0Be_
FNDA:0,_RNvNtNtNtNtCs8hpUmWBMOQ5_11cat_gateway7service9utilities10middleware10tracing_mw31add_interesting_headers_to_span
FNDA:0,_RNvNtNtNtNtCs8hpUmWBMOQ5_11cat_gateway7service9utilities10middleware10tracing_mw15mk_request_span
FNDA:0,_RNCNvNtNtNtNtCs8hpUmWBMOQ5_11cat_gateway7service9utilities10middleware10tracing_mw15mk_request_span0Bb_
FNDA:0,_RNvXININtNtNtNtCs8hpUmWBMOQ5_11cat_gateway7service9utilities10middleware10tracing_mws0_0pEINtB5_15TracingEndpointpENtNtNtCshGe4kJUvRGz_4poem8endpoint8endpoint8Endpoint4callBd_
FNDA:0,_RNCNvXININtNtNtNtCs8hpUmWBMOQ5_11cat_gateway7service9utilities10middleware10tracing_mws0_0pEINtB7_15TracingEndpointpENtNtNtCshGe4kJUvRGz_4poem8endpoint8endpoint8Endpoint4call0Bf_
FNDA:0,_RNCNCNvXININtNtNtNtCs8hpUmWBMOQ5_11cat_gateway7service9utilities10middleware10tracing_mws0_0pEINtB9_15TracingEndpointpENtNtNtCshGe4kJUvRGz_4poem8endpoint8endpoint8Endpoint4call00Bh_
FNDA:0,_RNCNCNvXININtNtNtNtCs8hpUmWBMOQ5_11cat_gateway7service9utilities10middleware10tracing_mws0_0pEINtB9_15TracingEndpointpENtNtNtCshGe4kJUvRGz_4poem8endpoint8endpoint8Endpoint4call0s_0Bh_
FNDA:0,_RNvNtNtNtNtCs8hpUmWBMOQ5_11cat_gateway7service9utilities10middleware10tracing_mw15init_prometheus
FNF:16
FNH:0
DA:109,0
DA:110,0
DA:111,0
DA:127,0
DA:128,0
DA:129,0
DA:131,0
DA:132,0
DA:133,0
DA:134,0
DA:135,0
DA:136,0
DA:137,0
DA:138,0
DA:139,0
DA:140,0
DA:141,0
DA:142,0
DA:143,0
DA:144,0
DA:145,0
DA:146,0
DA:147,0
DA:148,0
DA:149,0
DA:150,0
DA:151,0
DA:152,0
DA:153,0
DA:171,0
DA:172,0
DA:173,0
DA:174,0
DA:175,0
DA:176,0
DA:177,0
DA:178,0
DA:179,0
DA:180,0
DA:181,0
DA:182,0
DA:183,0
DA:184,0
DA:185,0
DA:186,0
DA:187,0
DA:188,0
DA:189,0
DA:190,0
DA:191,0
DA:192,0
DA:193,0
DA:194,0
DA:197,0
DA:198,0
DA:199,0
DA:201,0
DA:202,0
DA:203,0
DA:204,0
DA:205,0
DA:206,0
DA:207,0
DA:208,0
DA:209,0
DA:210,0
DA:215,0
DA:216,0
DA:217,0
DA:218,0
DA:221,0
DA:222,0
DA:223,0
DA:224,0
DA:225,0
DA:228,0
DA:229,0
DA:230,0
DA:231,0
DA:232,0
DA:235,0
DA:236,0
DA:237,0
DA:238,0
DA:239,0
DA:240,0
DA:243,0
DA:244,0
DA:245,0
DA:246,0
DA:247,0
DA:248,0
DA:249,0
DA:250,0
DA:252,0
DA:254,0
DA:258,0
DA:277,0
DA:278,0
DA:279,0
DA:281,0
DA:284,0
DA:285,0
DA:286,0
DA:287,0
DA:290,0
DA:291,0
DA:292,0
DA:294,0
DA:295,0
DA:300,0
DA:302,0
DA:304,0
DA:306,0
DA:307,0
DA:308,0
DA:309,0
DA:310,0
DA:311,0
DA:312,0
DA:313,0
DA:314,0
DA:315,0
DA:316,0
DA:317,0
DA:318,0
DA:319,0
DA:320,0
DA:321,0
DA:322,0
DA:323,0
DA:324,0
DA:325,0
DA:326,0
DA:327,0
DA:328,0
DA:329,0
DA:330,0
DA:331,0
DA:332,0
DA:333,0
DA:334,0
DA:335,0
DA:336,0
DA:337,0
DA:338,0
DA:339,0
DA:340,0
DA:341,0
DA:342,0
DA:343,0
DA:344,0
DA:345,0
DA:346,0
DA:347,0
DA:348,0
DA:349,0
DA:350,0
DA:351,0
DA:352,0
DA:353,0
DA:354,0
DA:355,0
DA:356,0
DA:357,0
DA:358,0
DA:359,0
DA:360,0
DA:361,0
DA:362,0
DA:363,0
DA:364,0
DA:365,0
DA:366,0
DA:368,0
DA:371,0
DA:372,0
DA:374,0
DA:377,0
DA:378,0
DA:379,0
DA:380,0
DA:381,0
DA:382,0
DA:383,0
DA:384,0
DA:385,0
DA:386,0
DA:387,0
DA:388,0
DA:389,0
DA:390,0
DA:391,0
DA:392,0
DA:393,0
DA:394,0
DA:395,0
DA:396,0
DA:397,0
DA:398,0
DA:407,0
DA:408,0
DA:409,0
BRF:0
BRH:0
LF:264
LH:0
end_of_record
SF:/bin/src/service/utilities/mod.rs
FN:11,_RNvNtNtCs8hpUmWBMOQ5_11cat_gateway7service9utilities18to_hex_with_prefix
FN:16,_RNvXs_NtNtCs8hpUmWBMOQ5_11cat_gateway7service9utilitiesNtB4_22NetworkValidationErrorNtNtCsiPLjDyrGw9n_4core3fmt7Display3fmt
FN:27,_RNvNtNtCs8hpUmWBMOQ5_11cat_gateway7service9utilities13check_network
FNDA:0,_RNvNtNtCs8hpUmWBMOQ5_11cat_gateway7service9utilities18to_hex_with_prefix
FNDA:0,_RNvXs_NtNtCs8hpUmWBMOQ5_11cat_gateway7service9utilitiesNtB4_22NetworkValidationErrorNtNtCsiPLjDyrGw9n_4core3fmt7Display3fmt
FNDA:0,_RNvNtNtCs8hpUmWBMOQ5_11cat_gateway7service9utilities13check_network
FNF:3
FNH:0
DA:11,0
DA:12,0
DA:13,0
DA:16,0
DA:27,0
DA:28,0
DA:29,0
DA:30,0
DA:32,0
DA:33,0
DA:34,0
DA:35,0
DA:36,0
DA:37,0
DA:38,0
DA:39,0
DA:40,0
DA:41,0
DA:48,0
DA:49,0
DA:50,0
DA:53,0
DA:54,0
DA:55,0
DA:56,0
DA:57,0
DA:58,0
DA:59,0
DA:61,0
DA:64,0
DA:66,0
BRF:0
BRH:0
LF:31
LH:0
end_of_record
SF:/bin/src/settings.rs
FN:134,_RNvMNtCs8hpUmWBMOQ5_11cat_gateway8settingsNtB2_12StringEnvVar3new
FN:136,_RNCNvMNtCs8hpUmWBMOQ5_11cat_gateway8settingsNtB4_12StringEnvVar3new0B6_
FN:145,_RNvMNtCs8hpUmWBMOQ5_11cat_gateway8settingsNtB2_12StringEnvVar6as_str
FN:182,_RNvNtCs8hpUmWBMOQ5_11cat_gateway8settings24string_to_api_host_names
FN:184,_RNvNvNtCs8hpUmWBMOQ5_11cat_gateway8settings24string_to_api_host_names16invalid_hostname
FN:225,_RNCNvNtCs8hpUmWBMOQ5_11cat_gateway8settings24string_to_api_host_namess_0B5_
FN:253,_RNvNtCs8hpUmWBMOQ5_11cat_gateway8settings18get_api_host_names
FN:276,_RNvNtCs8hpUmWBMOQ5_11cat_gateway8settings25generate_github_issue_url
FN:191,_RNCNvNtCs8hpUmWBMOQ5_11cat_gateway8settings24string_to_api_host_names0B5_
FN:300,_RNvNtNtCs8hpUmWBMOQ5_11cat_gateway8settings5testss_24github_repo_name_default
FN:305,_RNvNtNtCs8hpUmWBMOQ5_11cat_gateway8settings5testss_30generate_github_issue_url_test
FN:314,_RNvNtNtCs8hpUmWBMOQ5_11cat_gateway8settings5testss_24configured_hosts_default
FN:322,_RNvNtNtCs8hpUmWBMOQ5_11cat_gateway8settings5testss_29configured_hosts_set_multiple
FN:334,_RNvNtNtCs8hpUmWBMOQ5_11cat_gateway8settings5testss_41configured_hosts_set_multiple_one_invalid
FN:345,_RNvNtNtCs8hpUmWBMOQ5_11cat_gateway8settings5testss_26configured_hosts_set_empty
FN:352,_RNvNtNtCs8hpUmWBMOQ5_11cat_gateway8settings5testss_44configured_hosts_set_empty_undefined_address
FN:57,_RNCNvXs_NtCs8hpUmWBMOQ5_11cat_gateway8settingsNtB6_15ServiceSettingsNtNtCs11FxefLby1r_12clap_builder6derive14FromArgMatches20from_arg_matches_mut0B8_
FN:61,_RNCNvXs_NtCs8hpUmWBMOQ5_11cat_gateway8settingsNtB6_15ServiceSettingsNtNtCs11FxefLby1r_12clap_builder6derive14FromArgMatches20from_arg_matches_muts_0B8_
FN:73,_RNCNvXs_NtCs8hpUmWBMOQ5_11cat_gateway8settingsNtB6_15ServiceSettingsNtNtCs11FxefLby1r_12clap_builder6derive14FromArgMatches20from_arg_matches_muts0_0B8_
FN:57,_RNCNvXs_NtCs8hpUmWBMOQ5_11cat_gateway8settingsNtB6_15ServiceSettingsNtNtCs11FxefLby1r_12clap_builder6derive14FromArgMatches27update_from_arg_matches_mut0B8_
FN:61,_RNCNvXs_NtCs8hpUmWBMOQ5_11cat_gateway8settingsNtB6_15ServiceSettingsNtNtCs11FxefLby1r_12clap_builder6derive14FromArgMatches27update_from_arg_matches_muts_0B8_
FN:73,_RNCNvXs_NtCs8hpUmWBMOQ5_11cat_gateway8settingsNtB6_15ServiceSettingsNtNtCs11FxefLby1r_12clap_builder6derive14FromArgMatches27update_from_arg_matches_muts0_0B8_
FN:84,_RNCNvXs2_NtCs8hpUmWBMOQ5_11cat_gateway8settingsNtB7_12DocsSettingsNtNtCs11FxefLby1r_12clap_builder6derive14FromArgMatches20from_arg_matches_mut0B9_
FN:84,_RNCNvXs2_NtCs8hpUmWBMOQ5_11cat_gateway8settingsNtB7_12DocsSettingsNtNtCs11FxefLby1r_12clap_builder6derive14FromArgMatches27update_from_arg_matches_mut0B9_
FN:96,_RNCNvXs5_NtCs8hpUmWBMOQ5_11cat_gateway8settingsNtB7_16FollowerSettingsNtNtCs11FxefLby1r_12clap_builder6derive14FromArgMatches20from_arg_matches_mut0B9_
FN:100,_RNCNvXs5_NtCs8hpUmWBMOQ5_11cat_gateway8settingsNtB7_16FollowerSettingsNtNtCs11FxefLby1r_12clap_builder6derive14FromArgMatches20from_arg_matches_muts_0B9_
FN:104,_RNCNvXs5_NtCs8hpUmWBMOQ5_11cat_gateway8settingsNtB7_16FollowerSettingsNtNtCs11FxefLby1r_12clap_builder6derive14FromArgMatches20from_arg_matches_muts0_0B9_
FN:96,_RNCNvXs5_NtCs8hpUmWBMOQ5_11cat_gateway8settingsNtB7_16FollowerSettingsNtNtCs11FxefLby1r_12clap_builder6derive14FromArgMatches27update_from_arg_matches_mut0B9_
FN:100,_RNCNvXs5_NtCs8hpUmWBMOQ5_11cat_gateway8settingsNtB7_16FollowerSettingsNtNtCs11FxefLby1r_12clap_builder6derive14FromArgMatches27update_from_arg_matches_muts_0B9_
FN:104,_RNCNvXs5_NtCs8hpUmWBMOQ5_11cat_gateway8settingsNtB7_16FollowerSettingsNtNtCs11FxefLby1r_12clap_builder6derive14FromArgMatches27update_from_arg_matches_muts0_0B9_
FNDA:5,_RNvMNtCs8hpUmWBMOQ5_11cat_gateway8settingsNtB2_12StringEnvVar3new
FNDA:5,_RNCNvMNtCs8hpUmWBMOQ5_11cat_gateway8settingsNtB4_12StringEnvVar3new0B6_
FNDA:5,_RNvMNtCs8hpUmWBMOQ5_11cat_gateway8settingsNtB2_12StringEnvVar6as_str
FNDA:5,_RNvNtCs8hpUmWBMOQ5_11cat_gateway8settings24string_to_api_host_names
FNDA:3,_RNvNvNtCs8hpUmWBMOQ5_11cat_gateway8settings24string_to_api_host_names16invalid_hostname
FNDA:7,_RNCNvNtCs8hpUmWBMOQ5_11cat_gateway8settings24string_to_api_host_namess_0B5_
FNDA:1,_RNvNtCs8hpUmWBMOQ5_11cat_gateway8settings18get_api_host_names
FNDA:1,_RNvNtCs8hpUmWBMOQ5_11cat_gateway8settings25generate_github_issue_url
FNDA:7,_RNCNvNtCs8hpUmWBMOQ5_11cat_gateway8settings24string_to_api_host_names0B5_
FNDA:1,_RNvNtNtCs8hpUmWBMOQ5_11cat_gateway8settings5testss_24github_repo_name_default
FNDA:1,_RNvNtNtCs8hpUmWBMOQ5_11cat_gateway8settings5testss_30generate_github_issue_url_test
FNDA:1,_RNvNtNtCs8hpUmWBMOQ5_11cat_gateway8settings5testss_24configured_hosts_default
FNDA:1,_RNvNtNtCs8hpUmWBMOQ5_11cat_gateway8settings5testss_29configured_hosts_set_multiple
FNDA:1,_RNvNtNtCs8hpUmWBMOQ5_11cat_gateway8settings5testss_41configured_hosts_set_multiple_one_invalid
FNDA:1,_RNvNtNtCs8hpUmWBMOQ5_11cat_gateway8settings5testss_26configured_hosts_set_empty
FNDA:1,_RNvNtNtCs8hpUmWBMOQ5_11cat_gateway8settings5testss_44configured_hosts_set_empty_undefined_address
FNDA:0,_RNCNvXs_NtCs8hpUmWBMOQ5_11cat_gateway8settingsNtB6_15ServiceSettingsNtNtCs11FxefLby1r_12clap_builder6derive14FromArgMatches20from_arg_matches_mut0B8_
FNDA:0,_RNCNvXs_NtCs8hpUmWBMOQ5_11cat_gateway8settingsNtB6_15ServiceSettingsNtNtCs11FxefLby1r_12clap_builder6derive14FromArgMatches20from_arg_matches_muts_0B8_
FNDA:0,_RNCNvXs_NtCs8hpUmWBMOQ5_11cat_gateway8settingsNtB6_15ServiceSettingsNtNtCs11FxefLby1r_12clap_builder6derive14FromArgMatches20from_arg_matches_muts0_0B8_
FNDA:0,_RNCNvXs_NtCs8hpUmWBMOQ5_11cat_gateway8settingsNtB6_15ServiceSettingsNtNtCs11FxefLby1r_12clap_builder6derive14FromArgMatches27update_from_arg_matches_mut0B8_
FNDA:0,_RNCNvXs_NtCs8hpUmWBMOQ5_11cat_gateway8settingsNtB6_15ServiceSettingsNtNtCs11FxefLby1r_12clap_builder6derive14FromArgMatches27update_from_arg_matches_muts_0B8_
FNDA:0,_RNCNvXs_NtCs8hpUmWBMOQ5_11cat_gateway8settingsNtB6_15ServiceSettingsNtNtCs11FxefLby1r_12clap_builder6derive14FromArgMatches27update_from_arg_matches_muts0_0B8_
FNDA:0,_RNCNvXs2_NtCs8hpUmWBMOQ5_11cat_gateway8settingsNtB7_12DocsSettingsNtNtCs11FxefLby1r_12clap_builder6derive14FromArgMatches20from_arg_matches_mut0B9_
FNDA:0,_RNCNvXs2_NtCs8hpUmWBMOQ5_11cat_gateway8settingsNtB7_12DocsSettingsNtNtCs11FxefLby1r_12clap_builder6derive14FromArgMatches27update_from_arg_matches_mut0B9_
FNDA:0,_RNCNvXs5_NtCs8hpUmWBMOQ5_11cat_gateway8settingsNtB7_16FollowerSettingsNtNtCs11FxefLby1r_12clap_builder6derive14FromArgMatches20from_arg_matches_mut0B9_
FNDA:0,_RNCNvXs5_NtCs8hpUmWBMOQ5_11cat_gateway8settingsNtB7_16FollowerSettingsNtNtCs11FxefLby1r_12clap_builder6derive14FromArgMatches20from_arg_matches_muts_0B9_
FNDA:0,_RNCNvXs5_NtCs8hpUmWBMOQ5_11cat_gateway8settingsNtB7_16FollowerSettingsNtNtCs11FxefLby1r_12clap_builder6derive14FromArgMatches20from_arg_matches_muts0_0B9_
FNDA:0,_RNCNvXs5_NtCs8hpUmWBMOQ5_11cat_gateway8settingsNtB7_16FollowerSettingsNtNtCs11FxefLby1r_12clap_builder6derive14FromArgMatches27update_from_arg_matches_mut0B9_
FNDA:0,_RNCNvXs5_NtCs8hpUmWBMOQ5_11cat_gateway8settingsNtB7_16FollowerSettingsNtNtCs11FxefLby1r_12clap_builder6derive14FromArgMatches27update_from_arg_matches_muts_0B9_
FNDA:0,_RNCNvXs5_NtCs8hpUmWBMOQ5_11cat_gateway8settingsNtB7_16FollowerSettingsNtNtCs11FxefLby1r_12clap_builder6derive14FromArgMatches27update_from_arg_matches_muts0_0B9_
FNF:23
FNH:16
DA:57,0
DA:61,0
DA:73,0
DA:84,0
DA:96,0
DA:100,0
DA:104,0
DA:134,5
DA:135,5
DA:136,5
DA:137,5
DA:138,5
DA:145,5
DA:146,5
DA:147,5
DA:182,5
DA:183,5
DA:184,5
DA:185,3
DA:186,5
DA:187,3
DA:188,5
DA:189,5
DA:190,5
DA:191,7
DA:192,7
DA:193,7
DA:194,4
DA:195,4
DA:196,4
DA:197,4
DA:198,4
DA:199,4
DA:200,4
DA:201,4
DA:202,4
DA:203,4
DA:204,4
DA:205,0
DA:207,4
DA:208,2
DA:209,2
DA:214,2
DA:219,0
DA:222,3
DA:224,7
DA:225,7
DA:226,5
DA:227,5
DA:228,5
DA:229,5
DA:231,2
DA:232,2
DA:233,0
DA:235,1
DA:236,1
DA:238,1
DA:241,3
DA:243,5
DA:253,1
DA:254,1
DA:255,1
DA:276,1
DA:277,1
DA:278,1
DA:279,1
DA:280,1
DA:281,1
DA:282,1
DA:283,1
DA:284,1
DA:285,1
DA:286,1
DA:287,1
DA:288,0
DA:289,0
DA:290,0
DA:293,1
DA:300,1
DA:301,1
DA:302,1
DA:305,1
DA:306,1
DA:307,1
DA:308,1
DA:309,1
DA:310,1
DA:311,1
DA:314,1
DA:315,1
DA:316,1
DA:317,1
DA:318,1
DA:319,1
DA:322,1
DA:323,1
DA:324,1
DA:325,1
DA:326,1
DA:327,1
DA:328,1
DA:329,1
DA:330,1
DA:331,1
DA:334,1
DA:335,1
DA:336,1
DA:337,1
DA:338,1
DA:339,1
DA:340,1
DA:341,1
DA:342,1
DA:345,1
DA:346,1
DA:347,1
DA:348,1
DA:349,1
DA:352,1
DA:353,1
DA:354,1
DA:355,1
DA:356,1
BRF:0
BRH:0
LF:131
LH:118
end_of_record
SF:/bin/src/state/mod.rs
FN:34,_RNvMNtCs8hpUmWBMOQ5_11cat_gateway5stateNtB2_5State3new
FN:36,_RNCNvMNtCs8hpUmWBMOQ5_11cat_gateway5stateNtB4_5State3new0B6_
FN:54,_RNvMNtCs8hpUmWBMOQ5_11cat_gateway5stateNtB2_5State8event_db
FN:60,_RNvMNtCs8hpUmWBMOQ5_11cat_gateway5stateNtB2_5State19modify_logger_level
FN:63,_RNCNvMNtCs8hpUmWBMOQ5_11cat_gateway5stateNtB4_5State19modify_logger_level0B6_
FNDA:0,_RNvMNtCs8hpUmWBMOQ5_11cat_gateway5stateNtB2_5State3new
FNDA:0,_RNCNvMNtCs8hpUmWBMOQ5_11cat_gateway5stateNtB4_5State3new0B6_
FNDA:0,_RNvMNtCs8hpUmWBMOQ5_11cat_gateway5stateNtB2_5State8event_db
FNDA:0,_RNvMNtCs8hpUmWBMOQ5_11cat_gateway5stateNtB2_5State19modify_logger_level
FNDA:0,_RNCNvMNtCs8hpUmWBMOQ5_11cat_gateway5stateNtB4_5State19modify_logger_level0B6_
FNF:5
FNH:0
DA:34,0
DA:35,0
DA:36,0
DA:38,0
DA:39,0
DA:40,0
DA:41,0
DA:42,0
DA:43,0
DA:44,0
DA:45,0
DA:46,0
DA:47,0
DA:48,0
DA:49,0
DA:50,0
DA:51,0
DA:54,0
DA:55,0
DA:56,0
DA:60,0
DA:61,0
DA:62,0
DA:63,0
DA:64,0
DA:65,0
BRF:0
BRH:0
LF:28
LH:0
end_of_record